SELECT * FROM weather1 LIMIT 10;

CREATE TABLE IF NOT EXISTS weather_res2 
	(station STRING, year INT, tmax INT);
INSERT OVERWRITE TABLE weather_res2
	SELECT station, year, MAX(tmax) 
		FROM weather1 
		GROUP BY station, year;

SELECT * FROM weather_res2 LIMIT 10;

CREATE TABLE IF NOT EXISTS weather_res3 
	(station STRING, year INT, tavg INT);
INSERT OVERWRITE TABLE weather_res3
	SELECT station, year, AVG(tmax) 
	FROM weather1 
	GROUP BY station, year;
	
SELECT * FROM weather_res3 LIMIT 10;

SELECT DISTINCT YEAR FROM weather_res3;

SLF4J: Class path contains multiple SLF4J bindings.
SLF4J: Found binding in [jar:file:/usr/hdp/2.3.0.0-2557/hadoop/lib/slf4j-log4j12-1.7.10.jar!/org/slf4j/impl/StaticLoggerBinder.class]
SLF4J: Found binding in [jar:file:/usr/hdp/2.3.0.0-2557/spark/lib/spark-assembly-1.3.1.2.3.0.0-2557-hadoop2.7.1.2.3.0.0-2557.jar!/org/slf4j/impl/StaticLoggerBinder.class]
SLF4J: See http://www.slf4j.org/codes.html#multiple_bindings for an explanation.
SLF4J: Actual binding is of type [org.slf4j.impl.Log4jLoggerFactory]
WARNING: Use "yarn jar" to launch YARN applications.
SLF4J: Class path contains multiple SLF4J bindings.
SLF4J: Found binding in [jar:file:/usr/hdp/2.3.0.0-2557/hadoop/lib/slf4j-log4j12-1.7.10.jar!/org/slf4j/impl/StaticLoggerBinder.class]
SLF4J: Found binding in [jar:file:/usr/hdp/2.3.0.0-2557/spark/lib/spark-assembly-1.3.1.2.3.0.0-2557-hadoop2.7.1.2.3.0.0-2557.jar!/org/slf4j/impl/StaticLoggerBinder.class]
SLF4J: See http://www.slf4j.org/codes.html#multiple_bindings for an explanation.
SLF4J: Actual binding is of type [org.slf4j.impl.Log4jLoggerFactory]

Logging initialized using configuration in file:/etc/hive/2.3.0.0-2557/0/hive-log4j.properties
OK
CALAMOCHA VOR SP	1980	150	30
CALAMOCHA VOR SP	1980	170	-40
CALAMOCHA VOR SP	1980	125	-30
CALAMOCHA VOR SP	1980	140	-50
CALAMOCHA VOR SP	1980	150	-40
CALAMOCHA VOR SP	1980	120	20
CALAMOCHA VOR SP	1980	95	-20
CALAMOCHA VOR SP	1980	145	-50
CALAMOCHA VOR SP	1980	150	30
CALAMOCHA VOR SP	1980	175	-30
Time taken: 22.111 seconds, Fetched: 10 row(s)
OK
Time taken: 1.018 seconds
Query ID = root_20151008164317_9f2e683c-94ea-4c56-9c78-dde3c4ccf620
Total jobs = 1
Launching Job 1 out of 1


Status: Running (Executing on YARN cluster with App id application_1444312737558_0014)

Map 1: -/-	Reducer 2: 0/1	
Map 1: 0/4	Reducer 2: 0/1	
Map 1: 0/4	Reducer 2: 0/1	
Map 1: 0/4	Reducer 2: 0/1	
Map 1: 0/4	Reducer 2: 0/1	
Map 1: 0/4	Reducer 2: 0/1	
Map 1: 0/4	Reducer 2: 0/1	
Map 1: 0/4	Reducer 2: 0/1	
Map 1: 0(+4)/4	Reducer 2: 0/1	
Map 1: 0(+4)/4	Reducer 2: 0/1	
Map 1: 0(+4)/4	Reducer 2: 0/1	
Map 1: 0(+4)/4	Reducer 2: 0/1	
Map 1: 0(+4)/4	Reducer 2: 0/1	
Map 1: 0(+4)/4	Reducer 2: 0/1	
Map 1: 0(+4)/4	Reducer 2: 0/1	
Map 1: 0(+4)/4	Reducer 2: 0/1	
Map 1: 0(+4)/4	Reducer 2: 0/1	
Map 1: 0(+4)/4	Reducer 2: 0/1	
Map 1: 0(+4)/4	Reducer 2: 0/1	
Map 1: 0(+4)/4	Reducer 2: 0/1	
Map 1: 0(+4)/4	Reducer 2: 0/1	
Map 1: 0(+2)/4	Reducer 2: 0/1	
Map 1: 4/4	Reducer 2: 0/1	
Map 1: 4/4	Reducer 2: 0(+1)/1	
Map 1: 4/4	Reducer 2: 0(+1)/1	
Map 1: 4/4	Reducer 2: 0(+1)/1	
Map 1: 4/4	Reducer 2: 0(+1)/1	
Map 1: 4/4	Reducer 2: 0(+1)/1	
Map 1: 4/4	Reducer 2: 0(+1)/1	
Map 1: 4/4	Reducer 2: 0(+1)/1	
Map 1: 4/4	Reducer 2: 1/1	
Loading data to table default.weather_res2
Moved: 'hdfs://sandbox.hortonworks.com:8020/apps/hive/warehouse/weather_res2/000000_0' to trash at: hdfs://sandbox.hortonworks.com:8020/user/root/.Trash/Current
Table default.weather_res2 stats: [numFiles=1, numRows=6026, totalSize=152343, rawDataSize=146317]
OK
Time taken: 133.62 seconds
OK
A CORUNA ALVEDRO SP	1980	350
A CORUNA ALVEDRO SP	1981	350
A CORUNA ALVEDRO SP	1982	346
A CORUNA ALVEDRO SP	1983	340
A CORUNA ALVEDRO SP	1984	298
A CORUNA ALVEDRO SP	1985	344
A CORUNA ALVEDRO SP	1986	322
A CORUNA ALVEDRO SP	1987	346
A CORUNA ALVEDRO SP	1988	322
A CORUNA ALVEDRO SP	1989	360
Time taken: 0.809 seconds, Fetched: 10 row(s)
OK
Time taken: 1.018 seconds
Query ID = root_20151008164532_4ff73bcd-d9f3-480d-805c-72cde0a8add1
Total jobs = 1
Launching Job 1 out of 1


Status: Running (Executing on YARN cluster with App id application_1444312737558_0014)

Map 1: 0/4	Reducer 2: 0/1	
Map 1: 0/4	Reducer 2: 0/1	
Map 1: 0/4	Reducer 2: 0/1	
Map 1: 0/4	Reducer 2: 0/1	
Map 1: 0/4	Reducer 2: 0/1	
Map 1: 0(+2)/4	Reducer 2: 0/1	
Map 1: 0(+4)/4	Reducer 2: 0/1	
Map 1: 0(+4)/4	Reducer 2: 0/1	
Map 1: 0(+4)/4	Reducer 2: 0/1	
Map 1: 0(+4)/4	Reducer 2: 0/1	
Map 1: 0(+4)/4	Reducer 2: 0/1	
Map 1: 0(+4)/4	Reducer 2: 0/1	
Map 1: 0(+4)/4	Reducer 2: 0/1	
Map 1: 0(+4)/4	Reducer 2: 0/1	
Map 1: 0(+4)/4	Reducer 2: 0/1	
Map 1: 0(+4)/4	Reducer 2: 0/1	
Map 1: 0(+4)/4	Reducer 2: 0/1	
Map 1: 0(+4)/4	Reducer 2: 0/1	
Map 1: 0(+4)/4	Reducer 2: 0/1	
Map 1: 0(+4)/4	Reducer 2: 0/1	
Map 1: 0(+4)/4	Reducer 2: 0/1	
Map 1: 0(+4)/4	Reducer 2: 0/1	
Map 1: 0(+4)/4	Reducer 2: 0/1	
Map 1: 0(+4)/4	Reducer 2: 0/1	
Map 1: 0(+4)/4	Reducer 2: 0/1	
Map 1: 0(+4)/4	Reducer 2: 0/1	
Map 1: 1(+3)/4	Reducer 2: 0/1	
Map 1: 1(+3)/4	Reducer 2: 0/1	
Map 1: 1(+3)/4	Reducer 2: 0/1	
Map 1: 1(+3)/4	Reducer 2: 0/1	
Map 1: 1(+3)/4	Reducer 2: 0/1	
Map 1: 1(+3)/4	Reducer 2: 0/1	
Map 1: 1(+2)/4	Reducer 2: 0/1	
Map 1: 2(+2)/4	Reducer 2: 0/1	
Map 1: 2(+2)/4	Reducer 2: 0/1	
Map 1: 2(+2)/4	Reducer 2: 0/1	
Map 1: 3(+1)/4	Reducer 2: 0/1	
Map 1: 3(+1)/4	Reducer 2: 0(+1)/1	
Map 1: 3(+0)/4	Reducer 2: 0(+1)/1	
Map 1: 4/4	Reducer 2: 0(+1)/1	
Map 1: 4/4	Reducer 2: 0(+1)/1	
Map 1: 4/4	Reducer 2: 0(+1)/1	
Map 1: 4/4	Reducer 2: 0(+1)/1	
Map 1: 4/4	Reducer 2: 0/1	
Map 1: 4/4	Reducer 2: 1/1	
Loading data to table default.weather_res3
Table default.weather_res3 stats: [numFiles=1, numRows=6026, totalSize=152106, rawDataSize=146080]
OK
Time taken: 179.604 seconds
OK
A CORUNA ALVEDRO SP	1980	175
A CORUNA ALVEDRO SP	1981	181
A CORUNA ALVEDRO SP	1982	179
A CORUNA ALVEDRO SP	1983	180
A CORUNA ALVEDRO SP	1984	176
A CORUNA ALVEDRO SP	1985	180
A CORUNA ALVEDRO SP	1986	171
A CORUNA ALVEDRO SP	1987	180
A CORUNA ALVEDRO SP	1988	178
A CORUNA ALVEDRO SP	1989	192
Time taken: 0.826 seconds, Fetched: 10 row(s)
Query ID = root_20151008164833_caea125c-0624-4731-9b00-0897817ed61b
Total jobs = 1
Launching Job 1 out of 1


Status: Running (Executing on YARN cluster with App id application_1444312737558_0014)

Map 1: -/-	Reducer 2: 0/1	
Map 1: 0/1	Reducer 2: 0/1	
Map 1: 0/1	Reducer 2: 0/1	
Map 1: 0/1	Reducer 2: 0/1	
Map 1: 0(+1)/1	Reducer 2: 0/1	
Map 1: 0(+1)/1	Reducer 2: 0/1	
Map 1: 0(+1)/1	Reducer 2: 0/1	
Map 1: 1/1	Reducer 2: 0/1	
Map 1: 1/1	Reducer 2: 0(+1)/1	
Map 1: 1/1	Reducer 2: 1/1	
OK
1980
1981
1982
1983
1984
1985
1986
1987
1988
1989
1990
1991
1992
1993
1994
1995
1996
1997
1998
1999
2000
2001
2002
2003
2004
2005
2006
2007
2008
2009
2010
2011
2012
2013
2014
Time taken: 22.58 seconds, Fetched: 35 row(s)

CREATE TABLE IF NOT EXISTS weather_res4 (station STRING, year INT, tavg INT);
FROM (
SELECT station, year, AVG((tmax-tmin)/2) as meanTemp 
	FROM weather1 
	GROUP BY station, year
) weather4_temp
INSERT OVERWRITE TABLE weather_res4 
	SELECT station, year ,MAX(meanTemp) 
		GROUP BY station, year; 

SELECT * FROM weather_res4 LIMIT 10;

SELECT station, year, tavg
	FROM weather_res3 WHERE station LIKE '%OBSERVATORY%' 
	CLUSTER BY YEAR LIMIT 10; 
		
CREATE EXTERNAL TABLE IF NOT EXISTS weather_res5 
	(station STRING, year INT, tmax INT);
INSERT OVERWRITE TABLE weather_res5
	SELECT station, year, tavg
		FROM weather_res3 WHERE station LIKE '%OBSERVATORY%';

SELECT * FROM weather_res5 LIMIT 10;
SLF4J: Class path contains multiple SLF4J bindings.
SLF4J: Found binding in [jar:file:/usr/hdp/2.3.0.0-2557/hadoop/lib/slf4j-log4j12-1.7.10.jar!/org/slf4j/impl/StaticLoggerBinder.class]
SLF4J: Found binding in [jar:file:/usr/hdp/2.3.0.0-2557/spark/lib/spark-assembly-1.3.1.2.3.0.0-2557-hadoop2.7.1.2.3.0.0-2557.jar!/org/slf4j/impl/StaticLoggerBinder.class]
SLF4J: See http://www.slf4j.org/codes.html#multiple_bindings for an explanation.
SLF4J: Actual binding is of type [org.slf4j.impl.Log4jLoggerFactory]
WARNING: Use "yarn jar" to launch YARN applications.
SLF4J: Class path contains multiple SLF4J bindings.
SLF4J: Found binding in [jar:file:/usr/hdp/2.3.0.0-2557/hadoop/lib/slf4j-log4j12-1.7.10.jar!/org/slf4j/impl/StaticLoggerBinder.class]
SLF4J: Found binding in [jar:file:/usr/hdp/2.3.0.0-2557/spark/lib/spark-assembly-1.3.1.2.3.0.0-2557-hadoop2.7.1.2.3.0.0-2557.jar!/org/slf4j/impl/StaticLoggerBinder.class]
SLF4J: See http://www.slf4j.org/codes.html#multiple_bindings for an explanation.
SLF4J: Actual binding is of type [org.slf4j.impl.Log4jLoggerFactory]

Logging initialized using configuration in file:/etc/hive/2.3.0.0-2557/0/hive-log4j.properties
OK
Time taken: 22.048 seconds
Query ID = root_20151008165938_773c445b-d442-4229-8095-3b4fc90af731
Total jobs = 1
Launching Job 1 out of 1


Status: Running (Executing on YARN cluster with App id application_1444312737558_0015)

Map 1: -/-	Reducer 2: 0/1	
Map 1: 0/4	Reducer 2: 0/1	
Map 1: 0/4	Reducer 2: 0/1	
Map 1: 0/4	Reducer 2: 0/1	
Map 1: 0/4	Reducer 2: 0/1	
Map 1: 0/4	Reducer 2: 0/1	
Map 1: 0/4	Reducer 2: 0/1	
Map 1: 0/4	Reducer 2: 0/1	
Map 1: 0/4	Reducer 2: 0/1	
Map 1: 0(+4)/4	Reducer 2: 0/1	
Map 1: 0(+4)/4	Reducer 2: 0/1	
Map 1: 0(+4)/4	Reducer 2: 0/1	
Map 1: 0(+4)/4	Reducer 2: 0/1	
Map 1: 0(+4)/4	Reducer 2: 0/1	
Map 1: 0(+4)/4	Reducer 2: 0/1	
Map 1: 0(+4)/4	Reducer 2: 0/1	
Map 1: 0(+4)/4	Reducer 2: 0/1	
Map 1: 0(+4)/4	Reducer 2: 0/1	
Map 1: 0(+4)/4	Reducer 2: 0/1	
Map 1: 0(+4)/4	Reducer 2: 0/1	
Map 1: 0(+4)/4	Reducer 2: 0/1	
Map 1: 0(+4)/4	Reducer 2: 0/1	
Map 1: 0(+4)/4	Reducer 2: 0/1	
Map 1: 0(+4)/4	Reducer 2: 0/1	
Map 1: 0(+4)/4	Reducer 2: 0/1	
Map 1: 0(+4)/4	Reducer 2: 0/1	
Map 1: 0(+4)/4	Reducer 2: 0/1	
Map 1: 0(+4)/4	Reducer 2: 0/1	
Map 1: 0(+4)/4	Reducer 2: 0/1	
Map 1: 0(+4)/4	Reducer 2: 0/1	
Map 1: 0(+4)/4	Reducer 2: 0/1	
Map 1: 0(+4)/4	Reducer 2: 0/1	
Map 1: 0(+4)/4	Reducer 2: 0/1	
Map 1: 0(+4)/4	Reducer 2: 0/1	
Map 1: 0(+4)/4	Reducer 2: 0/1	
Map 1: 0(+4)/4	Reducer 2: 0/1	
Map 1: 0(+3)/4	Reducer 2: 0/1	
Map 1: 2(+2)/4	Reducer 2: 0/1	
Map 1: 3(+1)/4	Reducer 2: 0/1	
Map 1: 3(+1)/4	Reducer 2: 0(+1)/1	
Map 1: 3(+1)/4	Reducer 2: 0(+1)/1	
Map 1: 3(+1)/4	Reducer 2: 0(+1)/1	
Map 1: 4/4	Reducer 2: 0(+1)/1	
Map 1: 4/4	Reducer 2: 0(+1)/1	
Map 1: 4/4	Reducer 2: 0(+1)/1	
Map 1: 4/4	Reducer 2: 0(+1)/1	
Map 1: 4/4	Reducer 2: 0(+1)/1	
Map 1: 4/4	Reducer 2: 0(+1)/1	
Map 1: 4/4	Reducer 2: 0(+1)/1	
Map 1: 4/4	Reducer 2: 1/1	
Loading data to table default.weather_res4
Table default.weather_res4 stats: [numFiles=1, numRows=6026, totalSize=146320, rawDataSize=140294]
OK
Time taken: 175.712 seconds
OK
A CORUNA ALVEDRO SP	1980	43
A CORUNA ALVEDRO SP	1981	45
A CORUNA ALVEDRO SP	1982	42
A CORUNA ALVEDRO SP	1983	42
A CORUNA ALVEDRO SP	1984	43
A CORUNA ALVEDRO SP	1985	47
A CORUNA ALVEDRO SP	1986	42
A CORUNA ALVEDRO SP	1987	43
A CORUNA ALVEDRO SP	1988	44
A CORUNA ALVEDRO SP	1989	51
Time taken: 0.88 seconds, Fetched: 10 row(s)
Query ID = root_20151008170235_160565cf-944c-496e-9693-cd2fd658ef8f
Total jobs = 1
Launching Job 1 out of 1


Status: Running (Executing on YARN cluster with App id application_1444312737558_0015)

Map 1: -/-	Reducer 2: 0/1	Reducer 3: 0/1	
Map 1: 0/1	Reducer 2: 0/1	Reducer 3: 0/1	
Map 1: 0/1	Reducer 2: 0/1	Reducer 3: 0/1	
Map 1: 0(+1)/1	Reducer 2: 0/1	Reducer 3: 0/1	
Map 1: 0(+1)/1	Reducer 2: 0/1	Reducer 3: 0/1	
Map 1: 0(+1)/1	Reducer 2: 0/1	Reducer 3: 0/1	
Map 1: 0(+1)/1	Reducer 2: 0/1	Reducer 3: 0/1	
Map 1: 1/1	Reducer 2: 0/1	Reducer 3: 0/1	
Map 1: 1/1	Reducer 2: 0(+1)/1	Reducer 3: 0/1	
Map 1: 1/1	Reducer 2: 1/1	Reducer 3: 0(+1)/1	
Map 1: 1/1	Reducer 2: 1/1	Reducer 3: 1/1	
OK
VALENTIA OBSERVATORY EI	1980	130
VALENTIA OBSERVATORY EI	1981	133
VALENTIA OBSERVATORY EI	1982	137
VALENTIA OBSERVATORY EI	1983	138
VALENTIA OBSERVATORY EI	1984	138
VALENTIA OBSERVATORY EI	1985	131
VALENTIA OBSERVATORY EI	1986	124
VALENTIA OBSERVATORY EI	1987	133
VALENTIA OBSERVATORY EI	1988	134
VALENTIA OBSERVATORY EI	1989	142
Time taken: 25.876 seconds, Fetched: 10 row(s)
OK
Time taken: 1.93 seconds
Query ID = root_20151008170303_67ebc076-f9e2-42b7-bdb2-103b7c33ce0c
Total jobs = 1
Launching Job 1 out of 1


Status: Running (Executing on YARN cluster with App id application_1444312737558_0015)

Map 1: -/-	
Map 1: 0(+1)/1	
Map 1: 1/1	
Loading data to table default.weather_res5
Table default.weather_res5 stats: [numFiles=1, numRows=35, totalSize=1155, rawDataSize=1120]
OK
Time taken: 8.897 seconds
OK
VALENTIA OBSERVATORY EI	1980	130
VALENTIA OBSERVATORY EI	1981	133
VALENTIA OBSERVATORY EI	1982	137
VALENTIA OBSERVATORY EI	1983	138
VALENTIA OBSERVATORY EI	1984	138
VALENTIA OBSERVATORY EI	1985	131
VALENTIA OBSERVATORY EI	1986	124
VALENTIA OBSERVATORY EI	1987	133
VALENTIA OBSERVATORY EI	1988	134
VALENTIA OBSERVATORY EI	1989	142
Time taken: 1.132 seconds, Fetched: 10 row(s)


-----------------------------------------------------------------------------------------------------
Step 1 Pig script log for loading weather1 table
------------------------------------------------------------------------------------------------------
A = LOAD '/user/root/data/weatherperf.csv' using PigStorage(',');
B = FOREACH A GENERATE $1 as station, (int) SUBSTRING($2,0,4) as year , (int) $4 as tmax, (int) $5 as tmin;
C1 = FILTER B by tmax >-9999 and tmin >-9999; /* C1 = FILTER B by tmax >0;*/
D1 = ORDER C1 BY year;
STORE D1 into '/user/root/data/input/Weather_pig1' using PigStorage(',');


WARNING: Use "yarn jar" to launch YARN applications.
15/10/08 14:05:16 INFO pig.ExecTypeProvider: Trying ExecType : LOCAL
15/10/08 14:05:16 INFO pig.ExecTypeProvider: Trying ExecType : MAPREDUCE
15/10/08 14:05:16 INFO pig.ExecTypeProvider: Picked MAPREDUCE as the ExecType
2015-10-08 14:05:16,634 [main] INFO  org.apache.pig.Main - Apache Pig version 0.15.0.2.3.0.0-2557 (rexported) compiled Jul 14 2015, 10:10:23
2015-10-08 14:05:16,635 [main] INFO  org.apache.pig.Main - Logging error messages to: /root/pig_1444313116629.log
2015-10-08 14:05:19,544 [main] INFO  org.apache.pig.impl.util.Utils - Default bootup file /root/.pigbootup not found
2015-10-08 14:05:19,956 [main] INFO  org.apache.pig.backend.hadoop.executionengine.HExecutionEngine - Connecting to hadoop file system at: hdfs://sandbox.hortonworks.com:8020
2015-10-08 14:05:24,741 [main] WARN  org.apache.pig.newplan.BaseOperatorPlan - Encountered Warning IMPLICIT_CAST_TO_CHARARRAY 1 time(s).
2015-10-08 14:05:24,741 [main] WARN  org.apache.pig.newplan.BaseOperatorPlan - Encountered Warning USING_OVERLOADED_FUNCTION 1 time(s).
2015-10-08 14:05:25,000 [main] INFO  org.apache.pig.tools.pigstats.ScriptState - Pig features used in the script: ORDER_BY,FILTER
2015-10-08 14:05:25,161 [main] INFO  org.apache.pig.data.SchemaTupleBackend - Key [pig.schematuple] was not set... will not generate code.
2015-10-08 14:05:25,741 [main] INFO  org.apache.pig.newplan.logical.optimizer.LogicalPlanOptimizer - {RULES_ENABLED=[AddForEach, ColumnMapKeyPrune, ConstantCalculator, GroupByConstParallelSetter, LimitOptimizer, LoadTypeCastInserter, MergeFilter, MergeForEach, PartitionFilterOptimizer, PredicatePushdownOptimizer, PushDownForEachFlatten, PushUpFilter, SplitFilter, StreamTypeCastInserter]}
2015-10-08 14:05:26,860 [main] INFO  org.apache.pig.backend.hadoop.executionengine.mapReduceLayer.MRCompiler - File concatenation threshold: 100 optimistic? false
2015-10-08 14:05:27,219 [main] INFO  org.apache.pig.backend.hadoop.executionengine.mapReduceLayer.SecondaryKeyOptimizerMR - Using Secondary Key Optimization for MapReduce node scope-35
2015-10-08 14:05:27,261 [main] INFO  org.apache.pig.backend.hadoop.executionengine.mapReduceLayer.MultiQueryOptimizer - MR plan size before optimization: 3
2015-10-08 14:05:27,262 [main] INFO  org.apache.pig.backend.hadoop.executionengine.mapReduceLayer.MultiQueryOptimizer - MR plan size after optimization: 3
2015-10-08 14:05:28,806 [main] INFO  org.apache.hadoop.yarn.client.api.impl.TimelineClientImpl - Timeline service address: http://sandbox.hortonworks.com:8188/ws/v1/timeline/
2015-10-08 14:05:29,264 [main] INFO  org.apache.hadoop.yarn.client.RMProxy - Connecting to ResourceManager at sandbox.hortonworks.com/10.0.2.15:8050
2015-10-08 14:05:29,887 [main] INFO  org.apache.pig.tools.pigstats.mapreduce.MRScriptState - Pig script settings are added to the job
2015-10-08 14:05:29,907 [main] INFO  org.apache.pig.backend.hadoop.executionengine.mapReduceLayer.JobControlCompiler - mapred.job.reduce.markreset.buffer.percent is not set, set to default 0.3
2015-10-08 14:05:29,915 [main] INFO  org.apache.pig.backend.hadoop.executionengine.mapReduceLayer.JobControlCompiler - This job cannot be converted run in-process
2015-10-08 14:05:31,126 [main] INFO  org.apache.pig.backend.hadoop.executionengine.mapReduceLayer.JobControlCompiler - Added jar file:/usr/hdp/2.3.0.0-2557/pig/pig-0.15.0.2.3.0.0-2557-core-h2.jar to DistributedCache through /tmp/temp-1033376261/tmp1732368831/pig-0.15.0.2.3.0.0-2557-core-h2.jar
2015-10-08 14:05:31,260 [main] INFO  org.apache.pig.backend.hadoop.executionengine.mapReduceLayer.JobControlCompiler - Added jar file:/usr/hdp/2.3.0.0-2557/pig/lib/automaton-1.11-8.jar to DistributedCache through /tmp/temp-1033376261/tmp-1702645844/automaton-1.11-8.jar
2015-10-08 14:05:31,375 [main] INFO  org.apache.pig.backend.hadoop.executionengine.mapReduceLayer.JobControlCompiler - Added jar file:/usr/hdp/2.3.0.0-2557/pig/lib/antlr-runtime-3.4.jar to DistributedCache through /tmp/temp-1033376261/tmp194532179/antlr-runtime-3.4.jar
2015-10-08 14:05:31,567 [main] INFO  org.apache.pig.backend.hadoop.executionengine.mapReduceLayer.JobControlCompiler - Added jar file:/usr/hdp/2.3.0.0-2557/hadoop-mapreduce/joda-time-2.8.1.jar to DistributedCache through /tmp/temp-1033376261/tmp-1961747177/joda-time-2.8.1.jar
2015-10-08 14:05:31,683 [main] INFO  org.apache.pig.backend.hadoop.executionengine.mapReduceLayer.JobControlCompiler - Setting up single store job
2015-10-08 14:05:31,728 [main] INFO  org.apache.pig.data.SchemaTupleFrontend - Key [pig.schematuple] is false, will not generate code.
2015-10-08 14:05:31,728 [main] INFO  org.apache.pig.data.SchemaTupleFrontend - Starting process to move generated code to distributed cacche
2015-10-08 14:05:31,728 [main] INFO  org.apache.pig.data.SchemaTupleFrontend - Setting key [pig.schematuple.classes] with classes to deserialize []
2015-10-08 14:05:31,905 [main] INFO  org.apache.pig.backend.hadoop.executionengine.mapReduceLayer.MapReduceLauncher - 1 map-reduce job(s) waiting for submission.
2015-10-08 14:05:32,326 [JobControl] INFO  org.apache.hadoop.yarn.client.api.impl.TimelineClientImpl - Timeline service address: http://sandbox.hortonworks.com:8188/ws/v1/timeline/
2015-10-08 14:05:32,332 [JobControl] INFO  org.apache.hadoop.yarn.client.RMProxy - Connecting to ResourceManager at sandbox.hortonworks.com/10.0.2.15:8050
2015-10-08 14:05:33,238 [JobControl] WARN  org.apache.hadoop.mapreduce.JobResourceUploader - No job jar file set.  User classes may not be found. See Job or Job#setJar(String).
2015-10-08 14:05:33,823 [JobControl] INFO  org.apache.hadoop.mapreduce.lib.input.FileInputFormat - Total input paths to process : 1
2015-10-08 14:05:33,823 [JobControl] INFO  org.apache.pig.backend.hadoop.executionengine.util.MapRedUtil - Total input paths to process : 1
2015-10-08 14:05:33,914 [JobControl] INFO  org.apache.pig.backend.hadoop.executionengine.util.MapRedUtil - Total input paths (combined) to process : 3
2015-10-08 14:05:34,192 [JobControl] INFO  org.apache.hadoop.mapreduce.JobSubmitter - number of splits:3
2015-10-08 14:05:34,921 [JobControl] INFO  org.apache.hadoop.mapreduce.JobSubmitter - Submitting tokens for job: job_1444312737558_0001
2015-10-08 14:05:35,732 [JobControl] INFO  org.apache.hadoop.mapred.YARNRunner - Job jar is not present. Not adding any jar to the list of resources.
2015-10-08 14:05:39,954 [JobControl] INFO  org.apache.hadoop.yarn.client.api.impl.YarnClientImpl - Submitted application application_1444312737558_0001
2015-10-08 14:05:40,288 [JobControl] INFO  org.apache.hadoop.mapreduce.Job - The url to track the job: http://sandbox.hortonworks.com:8088/proxy/application_1444312737558_0001/
2015-10-08 14:05:40,289 [main] INFO  org.apache.pig.backend.hadoop.executionengine.mapReduceLayer.MapReduceLauncher - HadoopJobId: job_1444312737558_0001
2015-10-08 14:05:40,289 [main] INFO  org.apache.pig.backend.hadoop.executionengine.mapReduceLayer.MapReduceLauncher - Processing aliases A,B,C1
2015-10-08 14:05:40,290 [main] INFO  org.apache.pig.backend.hadoop.executionengine.mapReduceLayer.MapReduceLauncher - detailed locations: M: A[1,4],B[2,4],C1[3,5] C:  R: 
2015-10-08 14:05:40,328 [main] INFO  org.apache.pig.backend.hadoop.executionengine.mapReduceLayer.MapReduceLauncher - 0% complete
2015-10-08 14:05:40,329 [main] INFO  org.apache.pig.backend.hadoop.executionengine.mapReduceLayer.MapReduceLauncher - Running jobs are [job_1444312737558_0001]
2015-10-08 14:06:52,997 [main] INFO  org.apache.pig.backend.hadoop.executionengine.mapReduceLayer.MapReduceLauncher - 5% complete
2015-10-08 14:06:53,020 [main] INFO  org.apache.pig.backend.hadoop.executionengine.mapReduceLayer.MapReduceLauncher - Running jobs are [job_1444312737558_0001]
2015-10-08 14:07:01,161 [main] INFO  org.apache.pig.backend.hadoop.executionengine.mapReduceLayer.MapReduceLauncher - 10% complete
2015-10-08 14:07:01,162 [main] INFO  org.apache.pig.backend.hadoop.executionengine.mapReduceLayer.MapReduceLauncher - Running jobs are [job_1444312737558_0001]
2015-10-08 14:07:13,115 [main] INFO  org.apache.pig.backend.hadoop.executionengine.mapReduceLayer.MapReduceLauncher - 14% complete
2015-10-08 14:07:13,116 [main] INFO  org.apache.pig.backend.hadoop.executionengine.mapReduceLayer.MapReduceLauncher - Running jobs are [job_1444312737558_0001]
2015-10-08 14:07:26,317 [main] INFO  org.apache.pig.backend.hadoop.executionengine.mapReduceLayer.MapReduceLauncher - 33% complete
2015-10-08 14:07:28,227 [main] INFO  org.apache.hadoop.yarn.client.api.impl.TimelineClientImpl - Timeline service address: http://sandbox.hortonworks.com:8188/ws/v1/timeline/
2015-10-08 14:07:28,235 [main] INFO  org.apache.hadoop.yarn.client.RMProxy - Connecting to ResourceManager at sandbox.hortonworks.com/10.0.2.15:8050
2015-10-08 14:07:28,693 [main] INFO  org.apache.hadoop.mapred.ClientServiceDelegate - Application state is completed. FinalApplicationStatus=SUCCEEDED. Redirecting to job history server
2015-10-08 14:07:48,662 [main] INFO  org.apache.hadoop.yarn.client.api.impl.TimelineClientImpl - Timeline service address: http://sandbox.hortonworks.com:8188/ws/v1/timeline/
2015-10-08 14:07:48,664 [main] INFO  org.apache.hadoop.yarn.client.RMProxy - Connecting to ResourceManager at sandbox.hortonworks.com/10.0.2.15:8050
2015-10-08 14:07:48,881 [main] INFO  org.apache.hadoop.mapred.ClientServiceDelegate - Application state is completed. FinalApplicationStatus=SUCCEEDED. Redirecting to job history server
2015-10-08 14:07:54,252 [main] INFO  org.apache.hadoop.yarn.client.api.impl.TimelineClientImpl - Timeline service address: http://sandbox.hortonworks.com:8188/ws/v1/timeline/
2015-10-08 14:07:54,253 [main] INFO  org.apache.hadoop.yarn.client.RMProxy - Connecting to ResourceManager at sandbox.hortonworks.com/10.0.2.15:8050
2015-10-08 14:07:54,360 [main] INFO  org.apache.hadoop.mapred.ClientServiceDelegate - Application state is completed. FinalApplicationStatus=SUCCEEDED. Redirecting to job history server
2015-10-08 14:07:56,693 [main] INFO  org.apache.pig.tools.pigstats.mapreduce.MRScriptState - Pig script settings are added to the job
2015-10-08 14:07:56,752 [main] INFO  org.apache.pig.backend.hadoop.executionengine.mapReduceLayer.JobControlCompiler - mapred.job.reduce.markreset.buffer.percent is not set, set to default 0.3
2015-10-08 14:07:56,780 [main] INFO  org.apache.pig.backend.hadoop.executionengine.mapReduceLayer.JobControlCompiler - Reduce phase detected, estimating # of required reducers.
2015-10-08 14:07:57,135 [main] INFO  org.apache.pig.backend.hadoop.executionengine.mapReduceLayer.JobControlCompiler - Using reducer estimator: org.apache.pig.backend.hadoop.executionengine.mapReduceLayer.InputSizeReducerEstimator
2015-10-08 14:07:57,647 [main] INFO  org.apache.pig.backend.hadoop.executionengine.mapReduceLayer.InputSizeReducerEstimator - BytesPerReducer=1000000000 maxReducers=999 totalInputFileSize=60292505
2015-10-08 14:07:57,669 [main] INFO  org.apache.pig.backend.hadoop.executionengine.mapReduceLayer.JobControlCompiler - Setting Parallelism to 1
2015-10-08 14:07:57,671 [main] INFO  org.apache.pig.backend.hadoop.executionengine.mapReduceLayer.JobControlCompiler - This job cannot be converted run in-process
2015-10-08 14:08:00,020 [main] INFO  org.apache.pig.backend.hadoop.executionengine.mapReduceLayer.JobControlCompiler - Added jar file:/usr/hdp/2.3.0.0-2557/pig/pig-0.15.0.2.3.0.0-2557-core-h2.jar to DistributedCache through /tmp/temp-1033376261/tmp1979880580/pig-0.15.0.2.3.0.0-2557-core-h2.jar
2015-10-08 14:08:00,566 [main] INFO  org.apache.pig.backend.hadoop.executionengine.mapReduceLayer.JobControlCompiler - Added jar file:/usr/hdp/2.3.0.0-2557/pig/lib/automaton-1.11-8.jar to DistributedCache through /tmp/temp-1033376261/tmp1648230184/automaton-1.11-8.jar
2015-10-08 14:08:01,256 [main] INFO  org.apache.pig.backend.hadoop.executionengine.mapReduceLayer.JobControlCompiler - Added jar file:/usr/hdp/2.3.0.0-2557/pig/lib/antlr-runtime-3.4.jar to DistributedCache through /tmp/temp-1033376261/tmp721066666/antlr-runtime-3.4.jar
2015-10-08 14:08:02,136 [main] INFO  org.apache.pig.backend.hadoop.executionengine.mapReduceLayer.JobControlCompiler - Added jar file:/usr/hdp/2.3.0.0-2557/hadoop-mapreduce/joda-time-2.8.1.jar to DistributedCache through /tmp/temp-1033376261/tmp-1667661364/joda-time-2.8.1.jar
2015-10-08 14:08:02,247 [main] INFO  org.apache.pig.backend.hadoop.executionengine.mapReduceLayer.JobControlCompiler - Setting up single store job
2015-10-08 14:08:02,262 [main] INFO  org.apache.pig.data.SchemaTupleFrontend - Key [pig.schematuple] is false, will not generate code.
2015-10-08 14:08:02,263 [main] INFO  org.apache.pig.data.SchemaTupleFrontend - Starting process to move generated code to distributed cacche
2015-10-08 14:08:02,263 [main] INFO  org.apache.pig.data.SchemaTupleFrontend - Setting key [pig.schematuple.classes] with classes to deserialize []
2015-10-08 14:08:03,180 [main] INFO  org.apache.pig.backend.hadoop.executionengine.mapReduceLayer.MapReduceLauncher - 1 map-reduce job(s) waiting for submission.
2015-10-08 14:08:04,729 [JobControl] INFO  org.apache.hadoop.yarn.client.api.impl.TimelineClientImpl - Timeline service address: http://sandbox.hortonworks.com:8188/ws/v1/timeline/
2015-10-08 14:08:04,732 [JobControl] INFO  org.apache.hadoop.yarn.client.RMProxy - Connecting to ResourceManager at sandbox.hortonworks.com/10.0.2.15:8050
2015-10-08 14:08:05,128 [JobControl] WARN  org.apache.hadoop.mapreduce.JobResourceUploader - No job jar file set.  User classes may not be found. See Job or Job#setJar(String).
2015-10-08 14:08:06,137 [JobControl] INFO  org.apache.hadoop.mapreduce.lib.input.FileInputFormat - Total input paths to process : 3
2015-10-08 14:08:06,144 [JobControl] INFO  org.apache.pig.backend.hadoop.executionengine.util.MapRedUtil - Total input paths to process : 3
2015-10-08 14:08:06,146 [JobControl] INFO  org.apache.pig.backend.hadoop.executionengine.util.MapRedUtil - Total input paths (combined) to process : 1
2015-10-08 14:08:07,048 [JobControl] INFO  org.apache.hadoop.mapreduce.JobSubmitter - number of splits:1
2015-10-08 14:08:07,324 [JobControl] INFO  org.apache.hadoop.mapreduce.JobSubmitter - Submitting tokens for job: job_1444312737558_0002
2015-10-08 14:08:07,347 [JobControl] INFO  org.apache.hadoop.mapred.YARNRunner - Job jar is not present. Not adding any jar to the list of resources.
2015-10-08 14:08:07,982 [JobControl] INFO  org.apache.hadoop.yarn.client.api.impl.YarnClientImpl - Submitted application application_1444312737558_0002
2015-10-08 14:08:08,020 [JobControl] INFO  org.apache.hadoop.mapreduce.Job - The url to track the job: http://sandbox.hortonworks.com:8088/proxy/application_1444312737558_0002/
2015-10-08 14:08:08,021 [main] INFO  org.apache.pig.backend.hadoop.executionengine.mapReduceLayer.MapReduceLauncher - HadoopJobId: job_1444312737558_0002
2015-10-08 14:08:08,021 [main] INFO  org.apache.pig.backend.hadoop.executionengine.mapReduceLayer.MapReduceLauncher - Processing aliases D1
2015-10-08 14:08:08,022 [main] INFO  org.apache.pig.backend.hadoop.executionengine.mapReduceLayer.MapReduceLauncher - detailed locations: M: D1[4,5] C:  R: 
2015-10-08 14:09:10,882 [main] INFO  org.apache.pig.backend.hadoop.executionengine.mapReduceLayer.MapReduceLauncher - 50% complete
2015-10-08 14:09:10,935 [main] INFO  org.apache.pig.backend.hadoop.executionengine.mapReduceLayer.MapReduceLauncher - Running jobs are [job_1444312737558_0002]
2015-10-08 14:09:36,375 [main] INFO  org.apache.pig.backend.hadoop.executionengine.mapReduceLayer.MapReduceLauncher - 66% complete
2015-10-08 14:09:36,375 [main] INFO  org.apache.pig.backend.hadoop.executionengine.mapReduceLayer.MapReduceLauncher - Running jobs are [job_1444312737558_0002]
2015-10-08 14:09:40,412 [main] INFO  org.apache.hadoop.yarn.client.api.impl.TimelineClientImpl - Timeline service address: http://sandbox.hortonworks.com:8188/ws/v1/timeline/
2015-10-08 14:09:40,414 [main] INFO  org.apache.hadoop.yarn.client.RMProxy - Connecting to ResourceManager at sandbox.hortonworks.com/10.0.2.15:8050
2015-10-08 14:09:40,585 [main] INFO  org.apache.hadoop.mapred.ClientServiceDelegate - Application state is completed. FinalApplicationStatus=SUCCEEDED. Redirecting to job history server
2015-10-08 14:09:46,999 [main] INFO  org.apache.hadoop.yarn.client.api.impl.TimelineClientImpl - Timeline service address: http://sandbox.hortonworks.com:8188/ws/v1/timeline/
2015-10-08 14:09:47,000 [main] INFO  org.apache.hadoop.yarn.client.RMProxy - Connecting to ResourceManager at sandbox.hortonworks.com/10.0.2.15:8050
2015-10-08 14:09:47,434 [main] INFO  org.apache.hadoop.mapred.ClientServiceDelegate - Application state is completed. FinalApplicationStatus=SUCCEEDED. Redirecting to job history server
2015-10-08 14:09:47,985 [main] INFO  org.apache.hadoop.yarn.client.api.impl.TimelineClientImpl - Timeline service address: http://sandbox.hortonworks.com:8188/ws/v1/timeline/
2015-10-08 14:09:48,000 [main] INFO  org.apache.hadoop.yarn.client.RMProxy - Connecting to ResourceManager at sandbox.hortonworks.com/10.0.2.15:8050
2015-10-08 14:09:48,193 [main] INFO  org.apache.hadoop.mapred.ClientServiceDelegate - Application state is completed. FinalApplicationStatus=SUCCEEDED. Redirecting to job history server
2015-10-08 14:09:48,357 [main] INFO  org.apache.pig.tools.pigstats.mapreduce.MRScriptState - Pig script settings are added to the job
2015-10-08 14:09:48,359 [main] INFO  org.apache.pig.backend.hadoop.executionengine.mapReduceLayer.JobControlCompiler - mapred.job.reduce.markreset.buffer.percent is not set, set to default 0.3
2015-10-08 14:09:48,362 [main] INFO  org.apache.pig.backend.hadoop.executionengine.mapReduceLayer.JobControlCompiler - Reduce phase detected, estimating # of required reducers.
2015-10-08 14:09:48,362 [main] INFO  org.apache.pig.backend.hadoop.executionengine.mapReduceLayer.JobControlCompiler - Setting Parallelism to 1
2015-10-08 14:09:48,363 [main] INFO  org.apache.pig.backend.hadoop.executionengine.mapReduceLayer.JobControlCompiler - This job cannot be converted run in-process
2015-10-08 14:09:48,762 [main] INFO  org.apache.pig.backend.hadoop.executionengine.mapReduceLayer.JobControlCompiler - Added jar file:/usr/hdp/2.3.0.0-2557/pig/pig-0.15.0.2.3.0.0-2557-core-h2.jar to DistributedCache through /tmp/temp-1033376261/tmp-1491390021/pig-0.15.0.2.3.0.0-2557-core-h2.jar
2015-10-08 14:09:48,863 [main] INFO  org.apache.pig.backend.hadoop.executionengine.mapReduceLayer.JobControlCompiler - Added jar file:/usr/hdp/2.3.0.0-2557/pig/lib/automaton-1.11-8.jar to DistributedCache through /tmp/temp-1033376261/tmp937139047/automaton-1.11-8.jar
2015-10-08 14:09:48,982 [main] INFO  org.apache.pig.backend.hadoop.executionengine.mapReduceLayer.JobControlCompiler - Added jar file:/usr/hdp/2.3.0.0-2557/pig/lib/antlr-runtime-3.4.jar to DistributedCache through /tmp/temp-1033376261/tmp1190366396/antlr-runtime-3.4.jar
2015-10-08 14:09:49,491 [main] INFO  org.apache.pig.backend.hadoop.executionengine.mapReduceLayer.JobControlCompiler - Added jar file:/usr/hdp/2.3.0.0-2557/hadoop-mapreduce/joda-time-2.8.1.jar to DistributedCache through /tmp/temp-1033376261/tmp-1822789279/joda-time-2.8.1.jar
2015-10-08 14:09:49,549 [main] INFO  org.apache.pig.backend.hadoop.executionengine.mapReduceLayer.JobControlCompiler - Setting up single store job
2015-10-08 14:09:49,550 [main] INFO  org.apache.pig.data.SchemaTupleFrontend - Key [pig.schematuple] is false, will not generate code.
2015-10-08 14:09:49,551 [main] INFO  org.apache.pig.data.SchemaTupleFrontend - Starting process to move generated code to distributed cacche
2015-10-08 14:09:49,551 [main] INFO  org.apache.pig.data.SchemaTupleFrontend - Setting key [pig.schematuple.classes] with classes to deserialize []
2015-10-08 14:09:49,704 [main] INFO  org.apache.pig.backend.hadoop.executionengine.mapReduceLayer.MapReduceLauncher - 1 map-reduce job(s) waiting for submission.
2015-10-08 14:09:50,075 [JobControl] INFO  org.apache.hadoop.yarn.client.api.impl.TimelineClientImpl - Timeline service address: http://sandbox.hortonworks.com:8188/ws/v1/timeline/
2015-10-08 14:09:50,076 [JobControl] INFO  org.apache.hadoop.yarn.client.RMProxy - Connecting to ResourceManager at sandbox.hortonworks.com/10.0.2.15:8050
2015-10-08 14:09:50,169 [JobControl] WARN  org.apache.hadoop.mapreduce.JobResourceUploader - No job jar file set.  User classes may not be found. See Job or Job#setJar(String).
2015-10-08 14:09:50,344 [JobControl] INFO  org.apache.hadoop.mapreduce.lib.input.FileInputFormat - Total input paths to process : 3
2015-10-08 14:09:50,345 [JobControl] INFO  org.apache.pig.backend.hadoop.executionengine.util.MapRedUtil - Total input paths to process : 3
2015-10-08 14:09:50,345 [JobControl] INFO  org.apache.pig.backend.hadoop.executionengine.util.MapRedUtil - Total input paths (combined) to process : 1
2015-10-08 14:09:50,490 [JobControl] INFO  org.apache.hadoop.mapreduce.JobSubmitter - number of splits:1
2015-10-08 14:09:50,584 [JobControl] INFO  org.apache.hadoop.mapreduce.JobSubmitter - Submitting tokens for job: job_1444312737558_0003
2015-10-08 14:09:50,601 [JobControl] INFO  org.apache.hadoop.mapred.YARNRunner - Job jar is not present. Not adding any jar to the list of resources.
2015-10-08 14:09:51,148 [JobControl] INFO  org.apache.hadoop.yarn.client.api.impl.YarnClientImpl - Submitted application application_1444312737558_0003
2015-10-08 14:09:51,167 [JobControl] INFO  org.apache.hadoop.mapreduce.Job - The url to track the job: http://sandbox.hortonworks.com:8088/proxy/application_1444312737558_0003/
2015-10-08 14:09:51,169 [main] INFO  org.apache.pig.backend.hadoop.executionengine.mapReduceLayer.MapReduceLauncher - HadoopJobId: job_1444312737558_0003
2015-10-08 14:09:51,169 [main] INFO  org.apache.pig.backend.hadoop.executionengine.mapReduceLayer.MapReduceLauncher - Processing aliases D1
2015-10-08 14:09:51,169 [main] INFO  org.apache.pig.backend.hadoop.executionengine.mapReduceLayer.MapReduceLauncher - detailed locations: M: D1[4,5] C:  R: 
2015-10-08 14:10:38,685 [main] INFO  org.apache.pig.backend.hadoop.executionengine.mapReduceLayer.MapReduceLauncher - 72% complete
2015-10-08 14:10:38,686 [main] INFO  org.apache.pig.backend.hadoop.executionengine.mapReduceLayer.MapReduceLauncher - Running jobs are [job_1444312737558_0003]
2015-10-08 14:10:43,725 [main] INFO  org.apache.pig.backend.hadoop.executionengine.mapReduceLayer.MapReduceLauncher - 77% complete
2015-10-08 14:10:43,725 [main] INFO  org.apache.pig.backend.hadoop.executionengine.mapReduceLayer.MapReduceLauncher - Running jobs are [job_1444312737558_0003]
2015-10-08 14:10:50,349 [main] INFO  org.apache.pig.backend.hadoop.executionengine.mapReduceLayer.MapReduceLauncher - 83% complete
2015-10-08 14:10:50,349 [main] INFO  org.apache.pig.backend.hadoop.executionengine.mapReduceLayer.MapReduceLauncher - Running jobs are [job_1444312737558_0003]
2015-10-08 14:11:10,571 [main] INFO  org.apache.pig.backend.hadoop.executionengine.mapReduceLayer.MapReduceLauncher - 94% complete
2015-10-08 14:11:10,572 [main] INFO  org.apache.pig.backend.hadoop.executionengine.mapReduceLayer.MapReduceLauncher - Running jobs are [job_1444312737558_0003]
2015-10-08 14:11:33,674 [main] INFO  org.apache.pig.backend.hadoop.executionengine.mapReduceLayer.MapReduceLauncher - 98% complete
2015-10-08 14:11:33,675 [main] INFO  org.apache.pig.backend.hadoop.executionengine.mapReduceLayer.MapReduceLauncher - Running jobs are [job_1444312737558_0003]
2015-10-08 14:11:43,780 [main] INFO  org.apache.hadoop.yarn.client.api.impl.TimelineClientImpl - Timeline service address: http://sandbox.hortonworks.com:8188/ws/v1/timeline/
2015-10-08 14:11:43,782 [main] INFO  org.apache.hadoop.yarn.client.RMProxy - Connecting to ResourceManager at sandbox.hortonworks.com/10.0.2.15:8050
2015-10-08 14:11:43,954 [main] INFO  org.apache.hadoop.mapred.ClientServiceDelegate - Application state is completed. FinalApplicationStatus=SUCCEEDED. Redirecting to job history server
2015-10-08 14:11:45,168 [main] INFO  org.apache.hadoop.yarn.client.api.impl.TimelineClientImpl - Timeline service address: http://sandbox.hortonworks.com:8188/ws/v1/timeline/
2015-10-08 14:11:45,169 [main] INFO  org.apache.hadoop.yarn.client.RMProxy - Connecting to ResourceManager at sandbox.hortonworks.com/10.0.2.15:8050
2015-10-08 14:11:45,213 [main] INFO  org.apache.hadoop.mapred.ClientServiceDelegate - Application state is completed. FinalApplicationStatus=SUCCEEDED. Redirecting to job history server
2015-10-08 14:11:47,527 [main] INFO  org.apache.hadoop.yarn.client.api.impl.TimelineClientImpl - Timeline service address: http://sandbox.hortonworks.com:8188/ws/v1/timeline/
2015-10-08 14:11:47,527 [main] INFO  org.apache.hadoop.yarn.client.RMProxy - Connecting to ResourceManager at sandbox.hortonworks.com/10.0.2.15:8050
2015-10-08 14:11:47,557 [main] INFO  org.apache.hadoop.mapred.ClientServiceDelegate - Application state is completed. FinalApplicationStatus=SUCCEEDED. Redirecting to job history server
2015-10-08 14:11:47,827 [main] INFO  org.apache.pig.backend.hadoop.executionengine.mapReduceLayer.MapReduceLauncher - 100% complete
2015-10-08 14:11:47,980 [main] INFO  org.apache.pig.tools.pigstats.mapreduce.SimplePigStats - Script Statistics: 

HadoopVersion	PigVersion	UserId	StartedAt	FinishedAt	Features
2.7.1.2.3.0.0-2557	0.15.0.2.3.0.0-2557	root	2015-10-08 14:05:29	2015-10-08 14:11:47	ORDER_BY,FILTER

Success!

Job Stats (time in seconds):
JobId	Maps	Reduces	MaxMapTime	MinMapTime	AvgMapTime	MedianMapTime	MaxReduceTime	MinReduceTime	AvgReduceTime	MedianReducetime	Alias	Feature	Outputs
job_1444312737558_0001	3	0	76	63	71	76	0	0	0	0	A,B,C1	MAP_ONLY	
job_1444312737558_0002	1	1	26	26	26	26	21	21	21	21	D1	SAMPLER	
job_1444312737558_0003	1	1	36	36	36	36	43	43	43	43	D1	ORDER_BY	/user/root/data/input/Weather_pig1,

Input(s):
Successfully read 6483334 records (352872665 bytes) from: "/user/root/data/weatherperf.csv"

Output(s):
Successfully stored 2063086 records (58915846 bytes) in: "/user/root/data/input/Weather_pig1"

Counters:
Total records written : 2063086
Total bytes written : 58915846
Spillable Memory Manager spill count : 0
Total bags proactively spilled: 0
Total records proactively spilled: 0

Job DAG:
job_1444312737558_0001	->	job_1444312737558_0002,
job_1444312737558_0002	->	job_1444312737558_0003,
job_1444312737558_0003


2015-10-08 14:11:48,507 [main] INFO  org.apache.hadoop.yarn.client.api.impl.TimelineClientImpl - Timeline service address: http://sandbox.hortonworks.com:8188/ws/v1/timeline/
2015-10-08 14:11:48,508 [main] INFO  org.apache.hadoop.yarn.client.RMProxy - Connecting to ResourceManager at sandbox.hortonworks.com/10.0.2.15:8050
2015-10-08 14:11:48,524 [main] INFO  org.apache.hadoop.mapred.ClientServiceDelegate - Application state is completed. FinalApplicationStatus=SUCCEEDED. Redirecting to job history server
2015-10-08 14:11:49,712 [main] INFO  org.apache.hadoop.yarn.client.api.impl.TimelineClientImpl - Timeline service address: http://sandbox.hortonworks.com:8188/ws/v1/timeline/
2015-10-08 14:11:49,713 [main] INFO  org.apache.hadoop.yarn.client.RMProxy - Connecting to ResourceManager at sandbox.hortonworks.com/10.0.2.15:8050
2015-10-08 14:11:49,743 [main] INFO  org.apache.hadoop.mapred.ClientServiceDelegate - Application state is completed. FinalApplicationStatus=SUCCEEDED. Redirecting to job history server
2015-10-08 14:11:51,512 [main] INFO  org.apache.hadoop.yarn.client.api.impl.TimelineClientImpl - Timeline service address: http://sandbox.hortonworks.com:8188/ws/v1/timeline/
2015-10-08 14:11:51,513 [main] INFO  org.apache.hadoop.yarn.client.RMProxy - Connecting to ResourceManager at sandbox.hortonworks.com/10.0.2.15:8050
2015-10-08 14:11:51,552 [main] INFO  org.apache.hadoop.mapred.ClientServiceDelegate - Application state is completed. FinalApplicationStatus=SUCCEEDED. Redirecting to job history server
2015-10-08 14:11:51,998 [main] INFO  org.apache.hadoop.yarn.client.api.impl.TimelineClientImpl - Timeline service address: http://sandbox.hortonworks.com:8188/ws/v1/timeline/
2015-10-08 14:11:51,999 [main] INFO  org.apache.hadoop.yarn.client.RMProxy - Connecting to ResourceManager at sandbox.hortonworks.com/10.0.2.15:8050
2015-10-08 14:11:52,011 [main] INFO  org.apache.hadoop.mapred.ClientServiceDelegate - Application state is completed. FinalApplicationStatus=SUCCEEDED. Redirecting to job history server
2015-10-08 14:11:52,337 [main] INFO  org.apache.hadoop.yarn.client.api.impl.TimelineClientImpl - Timeline service address: http://sandbox.hortonworks.com:8188/ws/v1/timeline/
2015-10-08 14:11:52,338 [main] INFO  org.apache.hadoop.yarn.client.RMProxy - Connecting to ResourceManager at sandbox.hortonworks.com/10.0.2.15:8050
2015-10-08 14:11:52,656 [main] INFO  org.apache.hadoop.mapred.ClientServiceDelegate - Application state is completed. FinalApplicationStatus=SUCCEEDED. Redirecting to job history server
2015-10-08 14:11:53,426 [main] INFO  org.apache.hadoop.yarn.client.api.impl.TimelineClientImpl - Timeline service address: http://sandbox.hortonworks.com:8188/ws/v1/timeline/
2015-10-08 14:11:53,428 [main] INFO  org.apache.hadoop.yarn.client.RMProxy - Connecting to ResourceManager at sandbox.hortonworks.com/10.0.2.15:8050
2015-10-08 14:11:53,455 [main] INFO  org.apache.hadoop.mapred.ClientServiceDelegate - Application state is completed. FinalApplicationStatus=SUCCEEDED. Redirecting to job history server
2015-10-08 14:11:54,071 [main] INFO  org.apache.hadoop.yarn.client.api.impl.TimelineClientImpl - Timeline service address: http://sandbox.hortonworks.com:8188/ws/v1/timeline/
2015-10-08 14:11:54,073 [main] INFO  org.apache.hadoop.yarn.client.RMProxy - Connecting to ResourceManager at sandbox.hortonworks.com/10.0.2.15:8050
2015-10-08 14:11:54,089 [main] INFO  org.apache.hadoop.mapred.ClientServiceDelegate - Application state is completed. FinalApplicationStatus=SUCCEEDED. Redirecting to job history server
2015-10-08 14:11:54,512 [main] INFO  org.apache.hadoop.yarn.client.api.impl.TimelineClientImpl - Timeline service address: http://sandbox.hortonworks.com:8188/ws/v1/timeline/
2015-10-08 14:11:54,512 [main] INFO  org.apache.hadoop.yarn.client.RMProxy - Connecting to ResourceManager at sandbox.hortonworks.com/10.0.2.15:8050
2015-10-08 14:11:54,521 [main] INFO  org.apache.hadoop.mapred.ClientServiceDelegate - Application state is completed. FinalApplicationStatus=SUCCEEDED. Redirecting to job history server
2015-10-08 14:11:54,858 [main] INFO  org.apache.hadoop.yarn.client.api.impl.TimelineClientImpl - Timeline service address: http://sandbox.hortonworks.com:8188/ws/v1/timeline/
2015-10-08 14:11:54,859 [main] INFO  org.apache.hadoop.yarn.client.RMProxy - Connecting to ResourceManager at sandbox.hortonworks.com/10.0.2.15:8050
2015-10-08 14:11:54,867 [main] INFO  org.apache.hadoop.mapred.ClientServiceDelegate - Application state is completed. FinalApplicationStatus=SUCCEEDED. Redirecting to job history server
2015-10-08 14:11:54,988 [main] WARN  org.apache.pig.backend.hadoop.executionengine.mapReduceLayer.MapReduceLauncher - Encountered Warning FIELD_DISCARDED_TYPE_CONVERSION_FAILED 3 time(s).
2015-10-08 14:11:54,989 [main] INFO  org.apache.pig.backend.hadoop.executionengine.mapReduceLayer.MapReduceLauncher - Success!
2015-10-08 14:11:55,103 [main] INFO  org.apache.pig.Main - Pig script completed in 6 minutes, 38 seconds and 891 milliseconds (398891 ms)
