WARNING: Use "yarn jar" to launch YARN applications.
15/10/10 22:18:56 INFO pig.ExecTypeProvider: Trying ExecType : LOCAL
15/10/10 22:18:56 INFO pig.ExecTypeProvider: Trying ExecType : MAPREDUCE
15/10/10 22:18:56 INFO pig.ExecTypeProvider: Picked MAPREDUCE as the ExecType
2015-10-10 22:18:56,612 [main] INFO  org.apache.pig.Main - Apache Pig version 0.15.0.2.3.0.0-2557 (rexported) compiled Jul 14 2015, 10:10:23
2015-10-10 22:18:56,612 [main] INFO  org.apache.pig.Main - Logging error messages to: /media/sf_Data/pig_1444515536606.log
2015-10-10 22:19:01,503 [main] INFO  org.apache.pig.impl.util.Utils - Default bootup file /root/.pigbootup not found
2015-10-10 22:19:02,577 [main] INFO  org.apache.pig.backend.hadoop.executionengine.HExecutionEngine - Connecting to hadoop file system at: hdfs://sandbox.hortonworks.com:8020
2015-10-10 22:19:14,247 [main] INFO  org.apache.pig.tools.pigstats.ScriptState - Pig features used in the script: ORDER_BY,FILTER
2015-10-10 22:19:14,380 [main] INFO  org.apache.pig.data.SchemaTupleBackend - Key [pig.schematuple] was not set... will not generate code.
2015-10-10 22:19:14,528 [main] INFO  org.apache.pig.newplan.logical.optimizer.LogicalPlanOptimizer - {RULES_ENABLED=[AddForEach, ColumnMapKeyPrune, ConstantCalculator, GroupByConstParallelSetter, LimitOptimizer, LoadTypeCastInserter, MergeFilter, MergeForEach, PartitionFilterOptimizer, PredicatePushdownOptimizer, PushDownForEachFlatten, PushUpFilter, SplitFilter, StreamTypeCastInserter]}
2015-10-10 22:19:16,051 [main] INFO  org.apache.pig.backend.hadoop.executionengine.mapReduceLayer.MRCompiler - File concatenation threshold: 100 optimistic? false
2015-10-10 22:19:16,312 [main] INFO  org.apache.pig.backend.hadoop.executionengine.mapReduceLayer.SecondaryKeyOptimizerMR - Using Secondary Key Optimization for MapReduce node scope-80
2015-10-10 22:19:16,410 [main] INFO  org.apache.pig.backend.hadoop.executionengine.mapReduceLayer.MultiQueryOptimizer - MR plan size before optimization: 7
2015-10-10 22:19:16,428 [main] INFO  org.apache.pig.backend.hadoop.executionengine.mapReduceLayer.MultiQueryOptimizer - Merged 4 map-only splittees.
2015-10-10 22:19:16,429 [main] INFO  org.apache.pig.backend.hadoop.executionengine.mapReduceLayer.MultiQueryOptimizer - Merged 4 out of total 5 MR operators.
2015-10-10 22:19:16,429 [main] INFO  org.apache.pig.backend.hadoop.executionengine.mapReduceLayer.MultiQueryOptimizer - MR plan size after optimization: 3
2015-10-10 22:19:19,870 [main] INFO  org.apache.hadoop.yarn.client.api.impl.TimelineClientImpl - Timeline service address: http://sandbox.hortonworks.com:8188/ws/v1/timeline/
2015-10-10 22:19:20,605 [main] INFO  org.apache.hadoop.yarn.client.RMProxy - Connecting to ResourceManager at sandbox.hortonworks.com/10.0.2.15:8050
2015-10-10 22:19:21,866 [main] INFO  org.apache.pig.tools.pigstats.mapreduce.MRScriptState - Pig script settings are added to the job
2015-10-10 22:19:21,897 [main] INFO  org.apache.pig.backend.hadoop.executionengine.mapReduceLayer.JobControlCompiler - mapred.job.reduce.markreset.buffer.percent is not set, set to default 0.3
2015-10-10 22:19:21,911 [main] INFO  org.apache.pig.backend.hadoop.executionengine.mapReduceLayer.JobControlCompiler - This job cannot be converted run in-process
2015-10-10 22:19:23,868 [main] INFO  org.apache.pig.backend.hadoop.executionengine.mapReduceLayer.JobControlCompiler - Added jar file:/usr/hdp/2.3.0.0-2557/pig/pig-0.15.0.2.3.0.0-2557-core-h2.jar to DistributedCache through /tmp/temp-81609360/tmp-1228687940/pig-0.15.0.2.3.0.0-2557-core-h2.jar
2015-10-10 22:19:24,187 [main] INFO  org.apache.pig.backend.hadoop.executionengine.mapReduceLayer.JobControlCompiler - Added jar file:/usr/hdp/2.3.0.0-2557/pig/lib/automaton-1.11-8.jar to DistributedCache through /tmp/temp-81609360/tmp-1740147175/automaton-1.11-8.jar
2015-10-10 22:19:24,418 [main] INFO  org.apache.pig.backend.hadoop.executionengine.mapReduceLayer.JobControlCompiler - Added jar file:/usr/hdp/2.3.0.0-2557/pig/lib/antlr-runtime-3.4.jar to DistributedCache through /tmp/temp-81609360/tmp-1521121716/antlr-runtime-3.4.jar
2015-10-10 22:19:24,543 [main] INFO  org.apache.pig.backend.hadoop.executionengine.mapReduceLayer.JobControlCompiler - Added jar file:/usr/hdp/2.3.0.0-2557/hadoop-mapreduce/joda-time-2.8.1.jar to DistributedCache through /tmp/temp-81609360/tmp327141177/joda-time-2.8.1.jar
2015-10-10 22:19:24,897 [main] INFO  org.apache.pig.backend.hadoop.executionengine.mapReduceLayer.JobControlCompiler - Setting up single store job
2015-10-10 22:19:24,997 [main] INFO  org.apache.pig.data.SchemaTupleFrontend - Key [pig.schematuple] is false, will not generate code.
2015-10-10 22:19:24,998 [main] INFO  org.apache.pig.data.SchemaTupleFrontend - Starting process to move generated code to distributed cacche
2015-10-10 22:19:25,000 [main] INFO  org.apache.pig.data.SchemaTupleFrontend - Setting key [pig.schematuple.classes] with classes to deserialize []
2015-10-10 22:19:25,251 [main] INFO  org.apache.pig.backend.hadoop.executionengine.mapReduceLayer.MapReduceLauncher - 1 map-reduce job(s) waiting for submission.
2015-10-10 22:19:26,137 [JobControl] INFO  org.apache.hadoop.yarn.client.api.impl.TimelineClientImpl - Timeline service address: http://sandbox.hortonworks.com:8188/ws/v1/timeline/
2015-10-10 22:19:26,142 [JobControl] INFO  org.apache.hadoop.yarn.client.RMProxy - Connecting to ResourceManager at sandbox.hortonworks.com/10.0.2.15:8050
2015-10-10 22:19:27,340 [JobControl] WARN  org.apache.hadoop.mapreduce.JobResourceUploader - No job jar file set.  User classes may not be found. See Job or Job#setJar(String).
2015-10-10 22:19:27,887 [JobControl] INFO  org.apache.hadoop.mapreduce.lib.input.FileInputFormat - Total input paths to process : 1
2015-10-10 22:19:27,887 [JobControl] INFO  org.apache.pig.backend.hadoop.executionengine.util.MapRedUtil - Total input paths to process : 1
2015-10-10 22:19:28,316 [JobControl] INFO  org.apache.pig.backend.hadoop.executionengine.util.MapRedUtil - Total input paths (combined) to process : 1
2015-10-10 22:19:29,096 [JobControl] INFO  org.apache.hadoop.mapreduce.JobSubmitter - number of splits:1
2015-10-10 22:19:30,290 [JobControl] INFO  org.apache.hadoop.mapreduce.JobSubmitter - Submitting tokens for job: job_1444514773622_0001
2015-10-10 22:19:31,026 [JobControl] INFO  org.apache.hadoop.mapred.YARNRunner - Job jar is not present. Not adding any jar to the list of resources.
2015-10-10 22:19:32,304 [JobControl] INFO  org.apache.hadoop.yarn.client.api.impl.YarnClientImpl - Submitted application application_1444514773622_0001
2015-10-10 22:19:32,629 [JobControl] INFO  org.apache.hadoop.mapreduce.Job - The url to track the job: http://sandbox.hortonworks.com:8088/proxy/application_1444514773622_0001/
2015-10-10 22:19:32,631 [main] INFO  org.apache.pig.backend.hadoop.executionengine.mapReduceLayer.MapReduceLauncher - HadoopJobId: job_1444514773622_0001
2015-10-10 22:19:32,632 [main] INFO  org.apache.pig.backend.hadoop.executionengine.mapReduceLayer.MapReduceLauncher - Processing aliases A
2015-10-10 22:19:32,632 [main] INFO  org.apache.pig.backend.hadoop.executionengine.mapReduceLayer.MapReduceLauncher - detailed locations: M: A[1,4],A[-1,-1] C:  R: 
2015-10-10 22:19:32,717 [main] INFO  org.apache.pig.backend.hadoop.executionengine.mapReduceLayer.MapReduceLauncher - 0% complete
2015-10-10 22:19:32,717 [main] INFO  org.apache.pig.backend.hadoop.executionengine.mapReduceLayer.MapReduceLauncher - Running jobs are [job_1444514773622_0001]
