WARNING: Use "yarn jar" to launch YARN applications.
15/10/03 19:40:02 INFO pig.ExecTypeProvider: Trying ExecType : LOCAL
15/10/03 19:40:02 INFO pig.ExecTypeProvider: Trying ExecType : MAPREDUCE
15/10/03 19:40:02 INFO pig.ExecTypeProvider: Picked MAPREDUCE as the ExecType
2015-10-03 19:40:03,086 [main] INFO  org.apache.pig.Main - Apache Pig version 0.15.0.2.3.0.0-2557 (rexported) compiled Jul 14 2015, 10:10:23
2015-10-03 19:40:03,088 [main] INFO  org.apache.pig.Main - Logging error messages to: /media/sf_Data/eclipse/pig_1443901203075.log
2015-10-03 19:40:09,371 [main] INFO  org.apache.pig.impl.util.Utils - Default bootup file /root/.pigbootup not found
2015-10-03 19:40:10,544 [main] INFO  org.apache.pig.backend.hadoop.executionengine.HExecutionEngine - Connecting to hadoop file system at: hdfs://sandbox.hortonworks.com:8020
2015-10-03 19:40:24,861 [main] INFO  org.apache.pig.tools.pigstats.ScriptState - Pig features used in the script: UNKNOWN
2015-10-03 19:40:25,162 [main] INFO  org.apache.pig.data.SchemaTupleBackend - Key [pig.schematuple] was not set... will not generate code.
2015-10-03 19:40:25,447 [main] INFO  org.apache.pig.newplan.logical.optimizer.LogicalPlanOptimizer - {RULES_ENABLED=[AddForEach, ColumnMapKeyPrune, ConstantCalculator, GroupByConstParallelSetter, LimitOptimizer, LoadTypeCastInserter, MergeFilter, MergeForEach, PartitionFilterOptimizer, PredicatePushdownOptimizer, PushDownForEachFlatten, PushUpFilter, SplitFilter, StreamTypeCastInserter]}
2015-10-03 19:40:27,005 [main] INFO  org.apache.pig.backend.hadoop.executionengine.mapReduceLayer.MRCompiler - File concatenation threshold: 100 optimistic? false
2015-10-03 19:40:27,136 [main] INFO  org.apache.pig.backend.hadoop.executionengine.mapReduceLayer.MultiQueryOptimizer - MR plan size before optimization: 1
2015-10-03 19:40:27,136 [main] INFO  org.apache.pig.backend.hadoop.executionengine.mapReduceLayer.MultiQueryOptimizer - MR plan size after optimization: 1
2015-10-03 19:40:29,552 [main] INFO  org.apache.hadoop.yarn.client.api.impl.TimelineClientImpl - Timeline service address: http://sandbox.hortonworks.com:8188/ws/v1/timeline/
2015-10-03 19:40:30,250 [main] INFO  org.apache.hadoop.yarn.client.RMProxy - Connecting to ResourceManager at sandbox.hortonworks.com/10.0.2.15:8050
2015-10-03 19:40:32,210 [main] INFO  org.apache.pig.tools.pigstats.mapreduce.MRScriptState - Pig script settings are added to the job
2015-10-03 19:40:32,225 [main] INFO  org.apache.pig.backend.hadoop.executionengine.mapReduceLayer.JobControlCompiler - mapred.job.reduce.markreset.buffer.percent is not set, set to default 0.3
2015-10-03 19:40:32,230 [main] INFO  org.apache.pig.backend.hadoop.executionengine.mapReduceLayer.JobControlCompiler - This job cannot be converted run in-process
2015-10-03 19:40:40,525 [main] INFO  org.apache.pig.backend.hadoop.executionengine.mapReduceLayer.JobControlCompiler - Added jar file:/media/sf_Data/eclipse/quintiles.jar to DistributedCache through /tmp/temp-1431316197/tmp749075493/quintiles.jar
2015-10-03 19:40:41,620 [main] INFO  org.apache.pig.backend.hadoop.executionengine.mapReduceLayer.JobControlCompiler - Added jar file:/usr/hdp/2.3.0.0-2557/pig/pig-0.15.0.2.3.0.0-2557-core-h2.jar to DistributedCache through /tmp/temp-1431316197/tmp733416887/pig-0.15.0.2.3.0.0-2557-core-h2.jar
2015-10-03 19:40:43,472 [main] INFO  org.apache.pig.backend.hadoop.executionengine.mapReduceLayer.JobControlCompiler - Added jar file:/usr/hdp/2.3.0.0-2557/pig/lib/automaton-1.11-8.jar to DistributedCache through /tmp/temp-1431316197/tmp97921372/automaton-1.11-8.jar
2015-10-03 19:40:44,434 [main] INFO  org.apache.pig.backend.hadoop.executionengine.mapReduceLayer.JobControlCompiler - Added jar file:/usr/hdp/2.3.0.0-2557/pig/lib/antlr-runtime-3.4.jar to DistributedCache through /tmp/temp-1431316197/tmp1966658505/antlr-runtime-3.4.jar
2015-10-03 19:40:45,844 [main] INFO  org.apache.pig.backend.hadoop.executionengine.mapReduceLayer.JobControlCompiler - Added jar file:/usr/hdp/2.3.0.0-2557/hadoop-mapreduce/joda-time-2.8.1.jar to DistributedCache through /tmp/temp-1431316197/tmp-637834280/joda-time-2.8.1.jar
2015-10-03 19:40:46,562 [main] INFO  org.apache.pig.backend.hadoop.executionengine.mapReduceLayer.JobControlCompiler - Setting up single store job
2015-10-03 19:40:47,143 [main] INFO  org.apache.pig.data.SchemaTupleFrontend - Key [pig.schematuple] is false, will not generate code.
2015-10-03 19:40:47,144 [main] INFO  org.apache.pig.data.SchemaTupleFrontend - Starting process to move generated code to distributed cacche
2015-10-03 19:40:47,145 [main] INFO  org.apache.pig.data.SchemaTupleFrontend - Setting key [pig.schematuple.classes] with classes to deserialize []
2015-10-03 19:40:47,437 [main] INFO  org.apache.pig.backend.hadoop.executionengine.mapReduceLayer.MapReduceLauncher - 1 map-reduce job(s) waiting for submission.
2015-10-03 19:40:48,130 [main] INFO  org.apache.pig.backend.hadoop.executionengine.mapReduceLayer.MapReduceLauncher - 0% complete
2015-10-03 19:40:50,132 [JobControl] INFO  org.apache.hadoop.yarn.client.api.impl.TimelineClientImpl - Timeline service address: http://sandbox.hortonworks.com:8188/ws/v1/timeline/
2015-10-03 19:40:50,149 [JobControl] INFO  org.apache.hadoop.yarn.client.RMProxy - Connecting to ResourceManager at sandbox.hortonworks.com/10.0.2.15:8050
2015-10-03 19:40:52,512 [JobControl] WARN  org.apache.hadoop.mapreduce.JobResourceUploader - No job jar file set.  User classes may not be found. See Job or Job#setJar(String).
2015-10-03 19:40:53,398 [JobControl] INFO  org.apache.hadoop.mapreduce.lib.input.FileInputFormat - Total input paths to process : 1
2015-10-03 19:40:53,398 [JobControl] INFO  org.apache.pig.backend.hadoop.executionengine.util.MapRedUtil - Total input paths to process : 1
2015-10-03 19:40:53,646 [JobControl] INFO  org.apache.pig.backend.hadoop.executionengine.util.MapRedUtil - Total input paths (combined) to process : 1
2015-10-03 19:40:54,875 [JobControl] INFO  org.apache.hadoop.mapreduce.JobSubmitter - number of splits:1
2015-10-03 19:40:56,738 [JobControl] INFO  org.apache.hadoop.mapreduce.JobSubmitter - Submitting tokens for job: job_1443882127148_0012
2015-10-03 19:40:57,691 [JobControl] INFO  org.apache.hadoop.mapred.YARNRunner - Job jar is not present. Not adding any jar to the list of resources.
2015-10-03 19:41:00,988 [JobControl] INFO  org.apache.hadoop.yarn.client.api.impl.YarnClientImpl - Submitted application application_1443882127148_0012
2015-10-03 19:41:02,678 [JobControl] INFO  org.apache.hadoop.mapreduce.Job - The url to track the job: http://sandbox.hortonworks.com:8088/proxy/application_1443882127148_0012/
2015-10-03 19:41:02,679 [main] INFO  org.apache.pig.backend.hadoop.executionengine.mapReduceLayer.MapReduceLauncher - HadoopJobId: job_1443882127148_0012
2015-10-03 19:41:02,679 [main] INFO  org.apache.pig.backend.hadoop.executionengine.mapReduceLayer.MapReduceLauncher - Processing aliases rawDept
2015-10-03 19:41:02,680 [main] INFO  org.apache.pig.backend.hadoop.executionengine.mapReduceLayer.MapReduceLauncher - detailed locations: M: rawDept[11,10],rawDept[-1,-1] C:  R: 
2015-10-03 19:42:03,204 [main] INFO  org.apache.pig.backend.hadoop.executionengine.mapReduceLayer.MapReduceLauncher - 50% complete
2015-10-03 19:42:03,205 [main] INFO  org.apache.pig.backend.hadoop.executionengine.mapReduceLayer.MapReduceLauncher - Running jobs are [job_1443882127148_0012]
2015-10-03 19:42:08,685 [main] INFO  org.apache.hadoop.yarn.client.api.impl.TimelineClientImpl - Timeline service address: http://sandbox.hortonworks.com:8188/ws/v1/timeline/
2015-10-03 19:42:08,686 [main] INFO  org.apache.hadoop.yarn.client.RMProxy - Connecting to ResourceManager at sandbox.hortonworks.com/10.0.2.15:8050
2015-10-03 19:42:08,721 [main] INFO  org.apache.hadoop.mapred.ClientServiceDelegate - Application state is completed. FinalApplicationStatus=SUCCEEDED. Redirecting to job history server
2015-10-03 19:42:11,181 [main] INFO  org.apache.hadoop.yarn.client.api.impl.TimelineClientImpl - Timeline service address: http://sandbox.hortonworks.com:8188/ws/v1/timeline/
2015-10-03 19:42:11,182 [main] INFO  org.apache.hadoop.yarn.client.RMProxy - Connecting to ResourceManager at sandbox.hortonworks.com/10.0.2.15:8050
2015-10-03 19:42:11,297 [main] INFO  org.apache.hadoop.mapred.ClientServiceDelegate - Application state is completed. FinalApplicationStatus=SUCCEEDED. Redirecting to job history server
2015-10-03 19:42:11,977 [main] INFO  org.apache.hadoop.yarn.client.api.impl.TimelineClientImpl - Timeline service address: http://sandbox.hortonworks.com:8188/ws/v1/timeline/
2015-10-03 19:42:11,978 [main] INFO  org.apache.hadoop.yarn.client.RMProxy - Connecting to ResourceManager at sandbox.hortonworks.com/10.0.2.15:8050
2015-10-03 19:42:12,025 [main] INFO  org.apache.hadoop.mapred.ClientServiceDelegate - Application state is completed. FinalApplicationStatus=SUCCEEDED. Redirecting to job history server
2015-10-03 19:42:12,866 [main] INFO  org.apache.pig.backend.hadoop.executionengine.mapReduceLayer.MapReduceLauncher - 100% complete
2015-10-03 19:42:12,874 [main] INFO  org.apache.pig.tools.pigstats.mapreduce.SimplePigStats - Script Statistics: 

HadoopVersion	PigVersion	UserId	StartedAt	FinishedAt	Features
2.7.1.2.3.0.0-2557	0.15.0.2.3.0.0-2557	root	2015-10-03 19:40:31	2015-10-03 19:42:12	UNKNOWN

Success!

Job Stats (time in seconds):
JobId	Maps	Reduces	MaxMapTime	MinMapTime	AvgMapTime	MedianMapTime	MaxReduceTime	MinReduceTime	AvgReduceTime	MedianReducetime	Alias	Feature	Outputs
job_1443882127148_0012	1	0	25	25	25	25	0	0	0	0	rawDept	MAP_ONLY	hdfs://sandbox.hortonworks.com:8020/tmp/temp-1431316197/tmp36394861,

Input(s):
Successfully read 9 records (540 bytes) from: "/user/root/data/dept.txt"

Output(s):
Successfully stored 9 records (217 bytes) in: "hdfs://sandbox.hortonworks.com:8020/tmp/temp-1431316197/tmp36394861"

Counters:
Total records written : 9
Total bytes written : 217
Spillable Memory Manager spill count : 0
Total bags proactively spilled: 0
Total records proactively spilled: 0

Job DAG:
job_1443882127148_0012


2015-10-03 19:42:13,294 [main] INFO  org.apache.hadoop.yarn.client.api.impl.TimelineClientImpl - Timeline service address: http://sandbox.hortonworks.com:8188/ws/v1/timeline/
2015-10-03 19:42:13,298 [main] INFO  org.apache.hadoop.yarn.client.RMProxy - Connecting to ResourceManager at sandbox.hortonworks.com/10.0.2.15:8050
2015-10-03 19:42:13,417 [main] INFO  org.apache.hadoop.mapred.ClientServiceDelegate - Application state is completed. FinalApplicationStatus=SUCCEEDED. Redirecting to job history server
2015-10-03 19:42:14,085 [main] INFO  org.apache.hadoop.yarn.client.api.impl.TimelineClientImpl - Timeline service address: http://sandbox.hortonworks.com:8188/ws/v1/timeline/
2015-10-03 19:42:14,088 [main] INFO  org.apache.hadoop.yarn.client.RMProxy - Connecting to ResourceManager at sandbox.hortonworks.com/10.0.2.15:8050
2015-10-03 19:42:14,100 [main] INFO  org.apache.hadoop.mapred.ClientServiceDelegate - Application state is completed. FinalApplicationStatus=SUCCEEDED. Redirecting to job history server
2015-10-03 19:42:14,460 [main] INFO  org.apache.hadoop.yarn.client.api.impl.TimelineClientImpl - Timeline service address: http://sandbox.hortonworks.com:8188/ws/v1/timeline/
2015-10-03 19:42:14,460 [main] INFO  org.apache.hadoop.yarn.client.RMProxy - Connecting to ResourceManager at sandbox.hortonworks.com/10.0.2.15:8050
2015-10-03 19:42:14,477 [main] INFO  org.apache.hadoop.mapred.ClientServiceDelegate - Application state is completed. FinalApplicationStatus=SUCCEEDED. Redirecting to job history server
2015-10-03 19:42:14,653 [main] INFO  org.apache.pig.backend.hadoop.executionengine.mapReduceLayer.MapReduceLauncher - Success!
2015-10-03 19:42:14,661 [main] INFO  org.apache.pig.data.SchemaTupleBackend - Key [pig.schematuple] was not set... will not generate code.
2015-10-03 19:42:14,739 [main] INFO  org.apache.hadoop.mapreduce.lib.input.FileInputFormat - Total input paths to process : 1
2015-10-03 19:42:14,740 [main] INFO  org.apache.pig.backend.hadoop.executionengine.util.MapRedUtil - Total input paths to process : 1
(d001,Marketing)
(d002,Finance)
(d003,Human Resources)
(d004,Production)
(d005,Development )
(d006,Quality Management)
(d007,Sales )
(d008,)
(d009,Customer Service)
2015-10-03 19:42:15,406 [main] INFO  org.apache.pig.tools.pigstats.ScriptState - Pig features used in the script: UNKNOWN
2015-10-03 19:42:15,479 [main] INFO  org.apache.pig.data.SchemaTupleBackend - Key [pig.schematuple] was not set... will not generate code.
2015-10-03 19:42:15,480 [main] INFO  org.apache.pig.newplan.logical.optimizer.LogicalPlanOptimizer - {RULES_ENABLED=[AddForEach, ColumnMapKeyPrune, ConstantCalculator, GroupByConstParallelSetter, LimitOptimizer, LoadTypeCastInserter, MergeFilter, MergeForEach, PartitionFilterOptimizer, PredicatePushdownOptimizer, PushDownForEachFlatten, PushUpFilter, SplitFilter, StreamTypeCastInserter]}
2015-10-03 19:42:15,494 [main] INFO  org.apache.pig.backend.hadoop.executionengine.mapReduceLayer.MRCompiler - File concatenation threshold: 100 optimistic? false
2015-10-03 19:42:15,496 [main] INFO  org.apache.pig.backend.hadoop.executionengine.mapReduceLayer.MultiQueryOptimizer - MR plan size before optimization: 1
2015-10-03 19:42:15,496 [main] INFO  org.apache.pig.backend.hadoop.executionengine.mapReduceLayer.MultiQueryOptimizer - MR plan size after optimization: 1
2015-10-03 19:42:15,735 [main] INFO  org.apache.hadoop.yarn.client.api.impl.TimelineClientImpl - Timeline service address: http://sandbox.hortonworks.com:8188/ws/v1/timeline/
2015-10-03 19:42:15,735 [main] INFO  org.apache.hadoop.yarn.client.RMProxy - Connecting to ResourceManager at sandbox.hortonworks.com/10.0.2.15:8050
2015-10-03 19:42:15,742 [main] INFO  org.apache.pig.tools.pigstats.mapreduce.MRScriptState - Pig script settings are added to the job
2015-10-03 19:42:15,743 [main] INFO  org.apache.pig.backend.hadoop.executionengine.mapReduceLayer.JobControlCompiler - mapred.job.reduce.markreset.buffer.percent is not set, set to default 0.3
2015-10-03 19:42:15,744 [main] INFO  org.apache.pig.backend.hadoop.executionengine.mapReduceLayer.JobControlCompiler - This job cannot be converted run in-process
2015-10-03 19:42:17,003 [main] INFO  org.apache.pig.backend.hadoop.executionengine.mapReduceLayer.JobControlCompiler - Added jar file:/media/sf_Data/eclipse/quintiles.jar to DistributedCache through /tmp/temp-1431316197/tmp1372996707/quintiles.jar
2015-10-03 19:42:17,611 [main] INFO  org.apache.pig.backend.hadoop.executionengine.mapReduceLayer.JobControlCompiler - Added jar file:/usr/hdp/2.3.0.0-2557/pig/pig-0.15.0.2.3.0.0-2557-core-h2.jar to DistributedCache through /tmp/temp-1431316197/tmp1377139526/pig-0.15.0.2.3.0.0-2557-core-h2.jar
2015-10-03 19:42:18,131 [main] INFO  org.apache.pig.backend.hadoop.executionengine.mapReduceLayer.JobControlCompiler - Added jar file:/usr/hdp/2.3.0.0-2557/pig/lib/automaton-1.11-8.jar to DistributedCache through /tmp/temp-1431316197/tmp-303637572/automaton-1.11-8.jar
2015-10-03 19:42:18,709 [main] INFO  org.apache.pig.backend.hadoop.executionengine.mapReduceLayer.JobControlCompiler - Added jar file:/usr/hdp/2.3.0.0-2557/pig/lib/antlr-runtime-3.4.jar to DistributedCache through /tmp/temp-1431316197/tmp1162011163/antlr-runtime-3.4.jar
2015-10-03 19:42:19,230 [main] INFO  org.apache.pig.backend.hadoop.executionengine.mapReduceLayer.JobControlCompiler - Added jar file:/usr/hdp/2.3.0.0-2557/hadoop-mapreduce/joda-time-2.8.1.jar to DistributedCache through /tmp/temp-1431316197/tmp547243154/joda-time-2.8.1.jar
2015-10-03 19:42:19,278 [main] INFO  org.apache.pig.backend.hadoop.executionengine.mapReduceLayer.JobControlCompiler - Setting up single store job
2015-10-03 19:42:19,280 [main] INFO  org.apache.pig.data.SchemaTupleFrontend - Key [pig.schematuple] is false, will not generate code.
2015-10-03 19:42:19,280 [main] INFO  org.apache.pig.data.SchemaTupleFrontend - Starting process to move generated code to distributed cacche
2015-10-03 19:42:19,281 [main] INFO  org.apache.pig.data.SchemaTupleFrontend - Setting key [pig.schematuple.classes] with classes to deserialize []
2015-10-03 19:42:19,313 [main] INFO  org.apache.pig.backend.hadoop.executionengine.mapReduceLayer.MapReduceLauncher - 1 map-reduce job(s) waiting for submission.
2015-10-03 19:42:19,531 [JobControl] INFO  org.apache.hadoop.yarn.client.api.impl.TimelineClientImpl - Timeline service address: http://sandbox.hortonworks.com:8188/ws/v1/timeline/
2015-10-03 19:42:19,533 [JobControl] INFO  org.apache.hadoop.yarn.client.RMProxy - Connecting to ResourceManager at sandbox.hortonworks.com/10.0.2.15:8050
2015-10-03 19:42:19,613 [JobControl] WARN  org.apache.hadoop.mapreduce.JobResourceUploader - No job jar file set.  User classes may not be found. See Job or Job#setJar(String).
2015-10-03 19:42:19,771 [JobControl] INFO  org.apache.hadoop.mapreduce.lib.input.FileInputFormat - Total input paths to process : 1
2015-10-03 19:42:19,772 [JobControl] INFO  org.apache.pig.backend.hadoop.executionengine.util.MapRedUtil - Total input paths to process : 1
2015-10-03 19:42:19,782 [JobControl] INFO  org.apache.pig.backend.hadoop.executionengine.util.MapRedUtil - Total input paths (combined) to process : 1
2015-10-03 19:42:19,979 [JobControl] INFO  org.apache.hadoop.mapreduce.JobSubmitter - number of splits:1
2015-10-03 19:42:20,174 [JobControl] INFO  org.apache.hadoop.mapreduce.JobSubmitter - Submitting tokens for job: job_1443882127148_0013
2015-10-03 19:42:20,193 [JobControl] INFO  org.apache.hadoop.mapred.YARNRunner - Job jar is not present. Not adding any jar to the list of resources.
2015-10-03 19:42:20,656 [JobControl] INFO  org.apache.hadoop.yarn.client.api.impl.YarnClientImpl - Submitted application application_1443882127148_0013
2015-10-03 19:42:20,687 [JobControl] INFO  org.apache.hadoop.mapreduce.Job - The url to track the job: http://sandbox.hortonworks.com:8088/proxy/application_1443882127148_0013/
2015-10-03 19:42:20,688 [main] INFO  org.apache.pig.backend.hadoop.executionengine.mapReduceLayer.MapReduceLauncher - HadoopJobId: job_1443882127148_0013
2015-10-03 19:42:20,688 [main] INFO  org.apache.pig.backend.hadoop.executionengine.mapReduceLayer.MapReduceLauncher - Processing aliases rawDept,transformedDept1
2015-10-03 19:42:20,688 [main] INFO  org.apache.pig.backend.hadoop.executionengine.mapReduceLayer.MapReduceLauncher - detailed locations: M: rawDept[11,10],transformedDept1[-1,-1] C:  R: 
2015-10-03 19:42:20,705 [main] INFO  org.apache.pig.backend.hadoop.executionengine.mapReduceLayer.MapReduceLauncher - 0% complete
2015-10-03 19:42:20,705 [main] INFO  org.apache.pig.backend.hadoop.executionengine.mapReduceLayer.MapReduceLauncher - Running jobs are [job_1443882127148_0013]
2015-10-03 19:43:16,021 [main] INFO  org.apache.pig.backend.hadoop.executionengine.mapReduceLayer.MapReduceLauncher - 50% complete
2015-10-03 19:43:16,028 [main] INFO  org.apache.pig.backend.hadoop.executionengine.mapReduceLayer.MapReduceLauncher - Running jobs are [job_1443882127148_0013]
2015-10-03 19:43:21,802 [main] INFO  org.apache.hadoop.yarn.client.api.impl.TimelineClientImpl - Timeline service address: http://sandbox.hortonworks.com:8188/ws/v1/timeline/
2015-10-03 19:43:21,803 [main] INFO  org.apache.hadoop.yarn.client.RMProxy - Connecting to ResourceManager at sandbox.hortonworks.com/10.0.2.15:8050
2015-10-03 19:43:21,861 [main] INFO  org.apache.hadoop.mapred.ClientServiceDelegate - Application state is completed. FinalApplicationStatus=SUCCEEDED. Redirecting to job history server
2015-10-03 19:43:23,126 [main] INFO  org.apache.hadoop.yarn.client.api.impl.TimelineClientImpl - Timeline service address: http://sandbox.hortonworks.com:8188/ws/v1/timeline/
2015-10-03 19:43:23,126 [main] INFO  org.apache.hadoop.yarn.client.RMProxy - Connecting to ResourceManager at sandbox.hortonworks.com/10.0.2.15:8050
2015-10-03 19:43:23,164 [main] INFO  org.apache.hadoop.mapred.ClientServiceDelegate - Application state is completed. FinalApplicationStatus=SUCCEEDED. Redirecting to job history server
2015-10-03 19:43:23,525 [main] INFO  org.apache.hadoop.yarn.client.api.impl.TimelineClientImpl - Timeline service address: http://sandbox.hortonworks.com:8188/ws/v1/timeline/
2015-10-03 19:43:23,526 [main] INFO  org.apache.hadoop.yarn.client.RMProxy - Connecting to ResourceManager at sandbox.hortonworks.com/10.0.2.15:8050
2015-10-03 19:43:23,542 [main] INFO  org.apache.hadoop.mapred.ClientServiceDelegate - Application state is completed. FinalApplicationStatus=SUCCEEDED. Redirecting to job history server
2015-10-03 19:43:23,655 [main] INFO  org.apache.pig.backend.hadoop.executionengine.mapReduceLayer.MapReduceLauncher - 100% complete
2015-10-03 19:43:23,656 [main] INFO  org.apache.pig.tools.pigstats.mapreduce.SimplePigStats - Script Statistics: 

HadoopVersion	PigVersion	UserId	StartedAt	FinishedAt	Features
2.7.1.2.3.0.0-2557	0.15.0.2.3.0.0-2557	root	2015-10-03 19:42:15	2015-10-03 19:43:23	UNKNOWN

Success!

Job Stats (time in seconds):
JobId	Maps	Reduces	MaxMapTime	MinMapTime	AvgMapTime	MedianMapTime	MaxReduceTime	MinReduceTime	AvgReduceTime	MedianReducetime	Alias	Feature	Outputs
job_1443882127148_0013	1	0	19	19	19	19	0	0	0	0	rawDept,transformedDept1	MAP_ONLY	hdfs://sandbox.hortonworks.com:8020/tmp/temp-1431316197/tmp-351479207,

Input(s):
Successfully read 9 records (540 bytes) from: "/user/root/data/dept.txt"

Output(s):
Successfully stored 9 records (217 bytes) in: "hdfs://sandbox.hortonworks.com:8020/tmp/temp-1431316197/tmp-351479207"

Counters:
Total records written : 9
Total bytes written : 217
Spillable Memory Manager spill count : 0
Total bags proactively spilled: 0
Total records proactively spilled: 0

Job DAG:
job_1443882127148_0013


2015-10-03 19:43:23,987 [main] INFO  org.apache.hadoop.yarn.client.api.impl.TimelineClientImpl - Timeline service address: http://sandbox.hortonworks.com:8188/ws/v1/timeline/
2015-10-03 19:43:23,988 [main] INFO  org.apache.hadoop.yarn.client.RMProxy - Connecting to ResourceManager at sandbox.hortonworks.com/10.0.2.15:8050
2015-10-03 19:43:24,000 [main] INFO  org.apache.hadoop.mapred.ClientServiceDelegate - Application state is completed. FinalApplicationStatus=SUCCEEDED. Redirecting to job history server
2015-10-03 19:43:24,345 [main] INFO  org.apache.hadoop.yarn.client.api.impl.TimelineClientImpl - Timeline service address: http://sandbox.hortonworks.com:8188/ws/v1/timeline/
2015-10-03 19:43:24,346 [main] INFO  org.apache.hadoop.yarn.client.RMProxy - Connecting to ResourceManager at sandbox.hortonworks.com/10.0.2.15:8050
2015-10-03 19:43:24,445 [main] INFO  org.apache.hadoop.mapred.ClientServiceDelegate - Application state is completed. FinalApplicationStatus=SUCCEEDED. Redirecting to job history server
2015-10-03 19:43:25,112 [main] INFO  org.apache.hadoop.yarn.client.api.impl.TimelineClientImpl - Timeline service address: http://sandbox.hortonworks.com:8188/ws/v1/timeline/
2015-10-03 19:43:25,113 [main] INFO  org.apache.hadoop.yarn.client.RMProxy - Connecting to ResourceManager at sandbox.hortonworks.com/10.0.2.15:8050
2015-10-03 19:43:25,127 [main] INFO  org.apache.hadoop.mapred.ClientServiceDelegate - Application state is completed. FinalApplicationStatus=SUCCEEDED. Redirecting to job history server
2015-10-03 19:43:25,327 [main] INFO  org.apache.pig.backend.hadoop.executionengine.mapReduceLayer.MapReduceLauncher - Success!
2015-10-03 19:43:25,351 [main] INFO  org.apache.pig.data.SchemaTupleBackend - Key [pig.schematuple] was not set... will not generate code.
2015-10-03 19:43:25,437 [main] INFO  org.apache.hadoop.mapreduce.lib.input.FileInputFormat - Total input paths to process : 1
2015-10-03 19:43:25,437 [main] INFO  org.apache.pig.backend.hadoop.executionengine.util.MapRedUtil - Total input paths to process : 1
(d001,marketing)
(d002,finance)
(d003,human resources)
(d004,production)
(d005,development )
(d006,quality management)
(d007,sales )
(d008,)
(d009,customer service)
2015-10-03 19:43:25,885 [main] INFO  org.apache.pig.tools.pigstats.ScriptState - Pig features used in the script: UNKNOWN
2015-10-03 19:43:25,955 [main] INFO  org.apache.pig.data.SchemaTupleBackend - Key [pig.schematuple] was not set... will not generate code.
2015-10-03 19:43:25,956 [main] INFO  org.apache.pig.newplan.logical.optimizer.LogicalPlanOptimizer - {RULES_ENABLED=[AddForEach, ColumnMapKeyPrune, ConstantCalculator, GroupByConstParallelSetter, LimitOptimizer, LoadTypeCastInserter, MergeFilter, MergeForEach, PartitionFilterOptimizer, PredicatePushdownOptimizer, PushDownForEachFlatten, PushUpFilter, SplitFilter, StreamTypeCastInserter]}
2015-10-03 19:43:25,962 [main] INFO  org.apache.pig.backend.hadoop.executionengine.mapReduceLayer.MRCompiler - File concatenation threshold: 100 optimistic? false
2015-10-03 19:43:25,964 [main] INFO  org.apache.pig.backend.hadoop.executionengine.mapReduceLayer.MultiQueryOptimizer - MR plan size before optimization: 1
2015-10-03 19:43:25,965 [main] INFO  org.apache.pig.backend.hadoop.executionengine.mapReduceLayer.MultiQueryOptimizer - MR plan size after optimization: 1
2015-10-03 19:43:26,250 [main] INFO  org.apache.hadoop.yarn.client.api.impl.TimelineClientImpl - Timeline service address: http://sandbox.hortonworks.com:8188/ws/v1/timeline/
2015-10-03 19:43:26,252 [main] INFO  org.apache.hadoop.yarn.client.RMProxy - Connecting to ResourceManager at sandbox.hortonworks.com/10.0.2.15:8050
2015-10-03 19:43:26,263 [main] INFO  org.apache.pig.tools.pigstats.mapreduce.MRScriptState - Pig script settings are added to the job
2015-10-03 19:43:26,267 [main] INFO  org.apache.pig.backend.hadoop.executionengine.mapReduceLayer.JobControlCompiler - mapred.job.reduce.markreset.buffer.percent is not set, set to default 0.3
2015-10-03 19:43:26,268 [main] INFO  org.apache.pig.backend.hadoop.executionengine.mapReduceLayer.JobControlCompiler - This job cannot be converted run in-process
2015-10-03 19:43:27,431 [main] INFO  org.apache.pig.backend.hadoop.executionengine.mapReduceLayer.JobControlCompiler - Added jar file:/media/sf_Data/eclipse/quintiles.jar to DistributedCache through /tmp/temp-1431316197/tmp1482844768/quintiles.jar
2015-10-03 19:43:28,108 [main] INFO  org.apache.pig.backend.hadoop.executionengine.mapReduceLayer.JobControlCompiler - Added jar file:/usr/hdp/2.3.0.0-2557/pig/pig-0.15.0.2.3.0.0-2557-core-h2.jar to DistributedCache through /tmp/temp-1431316197/tmp-354096174/pig-0.15.0.2.3.0.0-2557-core-h2.jar
2015-10-03 19:43:28,278 [main] INFO  org.apache.pig.backend.hadoop.executionengine.mapReduceLayer.JobControlCompiler - Added jar file:/usr/hdp/2.3.0.0-2557/pig/lib/automaton-1.11-8.jar to DistributedCache through /tmp/temp-1431316197/tmp-1441025383/automaton-1.11-8.jar
2015-10-03 19:43:28,367 [main] INFO  org.apache.pig.backend.hadoop.executionengine.mapReduceLayer.JobControlCompiler - Added jar file:/usr/hdp/2.3.0.0-2557/pig/lib/antlr-runtime-3.4.jar to DistributedCache through /tmp/temp-1431316197/tmp812816216/antlr-runtime-3.4.jar
2015-10-03 19:43:28,573 [main] INFO  org.apache.pig.backend.hadoop.executionengine.mapReduceLayer.JobControlCompiler - Added jar file:/usr/hdp/2.3.0.0-2557/hadoop-mapreduce/joda-time-2.8.1.jar to DistributedCache through /tmp/temp-1431316197/tmp-460089413/joda-time-2.8.1.jar
2015-10-03 19:43:28,593 [main] INFO  org.apache.pig.backend.hadoop.executionengine.mapReduceLayer.JobControlCompiler - Setting up single store job
2015-10-03 19:43:28,595 [main] INFO  org.apache.pig.data.SchemaTupleFrontend - Key [pig.schematuple] is false, will not generate code.
2015-10-03 19:43:28,595 [main] INFO  org.apache.pig.data.SchemaTupleFrontend - Starting process to move generated code to distributed cacche
2015-10-03 19:43:28,596 [main] INFO  org.apache.pig.data.SchemaTupleFrontend - Setting key [pig.schematuple.classes] with classes to deserialize []
2015-10-03 19:43:28,640 [main] INFO  org.apache.pig.backend.hadoop.executionengine.mapReduceLayer.MapReduceLauncher - 1 map-reduce job(s) waiting for submission.
2015-10-03 19:43:28,850 [JobControl] INFO  org.apache.hadoop.yarn.client.api.impl.TimelineClientImpl - Timeline service address: http://sandbox.hortonworks.com:8188/ws/v1/timeline/
2015-10-03 19:43:28,853 [JobControl] INFO  org.apache.hadoop.yarn.client.RMProxy - Connecting to ResourceManager at sandbox.hortonworks.com/10.0.2.15:8050
2015-10-03 19:43:28,928 [JobControl] WARN  org.apache.hadoop.mapreduce.JobResourceUploader - No job jar file set.  User classes may not be found. See Job or Job#setJar(String).
2015-10-03 19:43:29,115 [JobControl] INFO  org.apache.hadoop.mapreduce.lib.input.FileInputFormat - Total input paths to process : 1
2015-10-03 19:43:29,115 [JobControl] INFO  org.apache.pig.backend.hadoop.executionengine.util.MapRedUtil - Total input paths to process : 1
2015-10-03 19:43:29,126 [JobControl] INFO  org.apache.pig.backend.hadoop.executionengine.util.MapRedUtil - Total input paths (combined) to process : 1
2015-10-03 19:43:29,281 [JobControl] INFO  org.apache.hadoop.mapreduce.JobSubmitter - number of splits:1
2015-10-03 19:43:29,400 [JobControl] INFO  org.apache.hadoop.mapreduce.JobSubmitter - Submitting tokens for job: job_1443882127148_0014
2015-10-03 19:43:29,420 [JobControl] INFO  org.apache.hadoop.mapred.YARNRunner - Job jar is not present. Not adding any jar to the list of resources.
2015-10-03 19:43:29,967 [JobControl] INFO  org.apache.hadoop.yarn.client.api.impl.YarnClientImpl - Submitted application application_1443882127148_0014
2015-10-03 19:43:30,359 [JobControl] INFO  org.apache.hadoop.mapreduce.Job - The url to track the job: http://sandbox.hortonworks.com:8088/proxy/application_1443882127148_0014/
2015-10-03 19:43:30,360 [main] INFO  org.apache.pig.backend.hadoop.executionengine.mapReduceLayer.MapReduceLauncher - HadoopJobId: job_1443882127148_0014
2015-10-03 19:43:30,360 [main] INFO  org.apache.pig.backend.hadoop.executionengine.mapReduceLayer.MapReduceLauncher - Processing aliases rawDept,transformedDept
2015-10-03 19:43:30,360 [main] INFO  org.apache.pig.backend.hadoop.executionengine.mapReduceLayer.MapReduceLauncher - detailed locations: M: rawDept[11,10],rawDept[-1,-1],transformedDept[16,18] C:  R: 
2015-10-03 19:43:30,480 [main] INFO  org.apache.pig.backend.hadoop.executionengine.mapReduceLayer.MapReduceLauncher - 0% complete
2015-10-03 19:43:30,480 [main] INFO  org.apache.pig.backend.hadoop.executionengine.mapReduceLayer.MapReduceLauncher - Running jobs are [job_1443882127148_0014]
2015-10-03 19:44:19,575 [main] INFO  org.apache.pig.backend.hadoop.executionengine.mapReduceLayer.MapReduceLauncher - 50% complete
2015-10-03 19:44:19,576 [main] INFO  org.apache.pig.backend.hadoop.executionengine.mapReduceLayer.MapReduceLauncher - Running jobs are [job_1443882127148_0014]
2015-10-03 19:44:25,975 [main] INFO  org.apache.hadoop.yarn.client.api.impl.TimelineClientImpl - Timeline service address: http://sandbox.hortonworks.com:8188/ws/v1/timeline/
2015-10-03 19:44:25,979 [main] INFO  org.apache.hadoop.yarn.client.RMProxy - Connecting to ResourceManager at sandbox.hortonworks.com/10.0.2.15:8050
2015-10-03 19:44:26,025 [main] INFO  org.apache.hadoop.mapred.ClientServiceDelegate - Application state is completed. FinalApplicationStatus=SUCCEEDED. Redirecting to job history server
2015-10-03 19:44:33,681 [main] INFO  org.apache.hadoop.yarn.client.api.impl.TimelineClientImpl - Timeline service address: http://sandbox.hortonworks.com:8188/ws/v1/timeline/
2015-10-03 19:44:33,682 [main] INFO  org.apache.hadoop.yarn.client.RMProxy - Connecting to ResourceManager at sandbox.hortonworks.com/10.0.2.15:8050
2015-10-03 19:44:33,719 [main] INFO  org.apache.hadoop.mapred.ClientServiceDelegate - Application state is completed. FinalApplicationStatus=SUCCEEDED. Redirecting to job history server
2015-10-03 19:44:35,191 [main] INFO  org.apache.hadoop.yarn.client.api.impl.TimelineClientImpl - Timeline service address: http://sandbox.hortonworks.com:8188/ws/v1/timeline/
2015-10-03 19:44:35,192 [main] INFO  org.apache.hadoop.yarn.client.RMProxy - Connecting to ResourceManager at sandbox.hortonworks.com/10.0.2.15:8050
2015-10-03 19:44:35,223 [main] INFO  org.apache.hadoop.mapred.ClientServiceDelegate - Application state is completed. FinalApplicationStatus=SUCCEEDED. Redirecting to job history server
2015-10-03 19:44:35,356 [main] INFO  org.apache.pig.backend.hadoop.executionengine.mapReduceLayer.MapReduceLauncher - 100% complete
2015-10-03 19:44:35,357 [main] INFO  org.apache.pig.tools.pigstats.mapreduce.SimplePigStats - Script Statistics: 

HadoopVersion	PigVersion	UserId	StartedAt	FinishedAt	Features
2.7.1.2.3.0.0-2557	0.15.0.2.3.0.0-2557	root	2015-10-03 19:43:26	2015-10-03 19:44:35	UNKNOWN

Success!

Job Stats (time in seconds):
JobId	Maps	Reduces	MaxMapTime	MinMapTime	AvgMapTime	MedianMapTime	MaxReduceTime	MinReduceTime	AvgReduceTime	MedianReducetime	Alias	Feature	Outputs
job_1443882127148_0014	1	0	15	15	15	15	0	0	0	0	rawDept,transformedDept	MAP_ONLY	hdfs://sandbox.hortonworks.com:8020/tmp/temp-1431316197/tmp-1518822298,

Input(s):
Successfully read 9 records (540 bytes) from: "/user/root/data/dept.txt"

Output(s):
Successfully stored 9 records (226 bytes) in: "hdfs://sandbox.hortonworks.com:8020/tmp/temp-1431316197/tmp-1518822298"

Counters:
Total records written : 9
Total bytes written : 226
Spillable Memory Manager spill count : 0
Total bags proactively spilled: 0
Total records proactively spilled: 0

Job DAG:
job_1443882127148_0014


2015-10-03 19:44:35,542 [main] INFO  org.apache.hadoop.yarn.client.api.impl.TimelineClientImpl - Timeline service address: http://sandbox.hortonworks.com:8188/ws/v1/timeline/
2015-10-03 19:44:35,543 [main] INFO  org.apache.hadoop.yarn.client.RMProxy - Connecting to ResourceManager at sandbox.hortonworks.com/10.0.2.15:8050
2015-10-03 19:44:35,551 [main] INFO  org.apache.hadoop.mapred.ClientServiceDelegate - Application state is completed. FinalApplicationStatus=SUCCEEDED. Redirecting to job history server
2015-10-03 19:44:36,106 [main] INFO  org.apache.hadoop.yarn.client.api.impl.TimelineClientImpl - Timeline service address: http://sandbox.hortonworks.com:8188/ws/v1/timeline/
2015-10-03 19:44:36,107 [main] INFO  org.apache.hadoop.yarn.client.RMProxy - Connecting to ResourceManager at sandbox.hortonworks.com/10.0.2.15:8050
2015-10-03 19:44:36,113 [main] INFO  org.apache.hadoop.mapred.ClientServiceDelegate - Application state is completed. FinalApplicationStatus=SUCCEEDED. Redirecting to job history server
2015-10-03 19:44:36,379 [main] INFO  org.apache.hadoop.yarn.client.api.impl.TimelineClientImpl - Timeline service address: http://sandbox.hortonworks.com:8188/ws/v1/timeline/
2015-10-03 19:44:36,380 [main] INFO  org.apache.hadoop.yarn.client.RMProxy - Connecting to ResourceManager at sandbox.hortonworks.com/10.0.2.15:8050
2015-10-03 19:44:36,386 [main] INFO  org.apache.hadoop.mapred.ClientServiceDelegate - Application state is completed. FinalApplicationStatus=SUCCEEDED. Redirecting to job history server
2015-10-03 19:44:36,668 [main] INFO  org.apache.pig.backend.hadoop.executionengine.mapReduceLayer.MapReduceLauncher - Success!
2015-10-03 19:44:36,671 [main] INFO  org.apache.pig.data.SchemaTupleBackend - Key [pig.schematuple] was not set... will not generate code.
2015-10-03 19:44:36,736 [main] INFO  org.apache.hadoop.mapreduce.lib.input.FileInputFormat - Total input paths to process : 1
2015-10-03 19:44:36,737 [main] INFO  org.apache.pig.backend.hadoop.executionengine.util.MapRedUtil - Total input paths to process : 1
(d001,Marketing)
(d002,Finance)
(d003,Human Resources)
(d004,Production)
(d005,Development )
(d006,Quality Management)
(d007,Sales )
(d008,No Dept)
(d009,Customer Service)
2015-10-03 19:44:36,972 [main] INFO  org.apache.pig.Main - Pig script completed in 4 minutes, 35 seconds and 48 milliseconds (275048 ms)
