A = LOAD '/user/root/data/stocks/stocks.csv' using PigStorage(',')
  	AS (exchange1:chararray, symbol:chararray,
            date:chararray, open:float, high:float, low:float, close:float,
            volume:int, adj_close:float);
B = ORDER A BY exchange1,symbol;
C1 = FILTER B BY exchange1 == 'NASDAQ' and symbol == 'AAPL';
C2 = FILTER B BY exchange1 == 'NASDAQ' and symbol == 'INTC';
C3 = FILTER B BY exchange1 == 'NYSE' and symbol == 'GE';
C4 = FILTER B BY exchange1 == 'NYSE' and symbol == 'IBM';
STORE C1 into '/user/root/data/input/AAPL' using PigStorage(',');
STORE C2 into '/user/root/data/input/INTC' using PigStorage(',');
STORE C3 into '/user/root/data/input/GE' using PigStorage(',');
STORE C4 into '/user/root/data/input/IBM' using PigStorage(',');
/*
	pig /media/sf_Data/Hadoop/Scripts/tmp.pig >/media/sf_Data/Hadoop/Scripts/pig.log 2>&1 &
	hadoop fs -du -h /user/root/data/input
*/

WARNING: Use "yarn jar" to launch YARN applications.
15/10/12 00:06:54 INFO pig.ExecTypeProvider: Trying ExecType : LOCAL
15/10/12 00:06:54 INFO pig.ExecTypeProvider: Trying ExecType : MAPREDUCE
15/10/12 00:06:54 INFO pig.ExecTypeProvider: Picked MAPREDUCE as the ExecType
2015-10-12 00:06:54,414 [main] INFO  org.apache.pig.Main - Apache Pig version 0.15.0.2.3.0.0-2557 (rexported) compiled Jul 14 2015, 10:10:23
2015-10-12 00:06:54,415 [main] INFO  org.apache.pig.Main - Logging error messages to: /media/sf_Data/pig_1444608414408.log
2015-10-12 00:07:02,070 [main] INFO  org.apache.pig.impl.util.Utils - Default bootup file /root/.pigbootup not found
2015-10-12 00:07:02,454 [main] INFO  org.apache.pig.backend.hadoop.executionengine.HExecutionEngine - Connecting to hadoop file system at: hdfs://sandbox.hortonworks.com:8020
2015-10-12 00:07:10,084 [main] INFO  org.apache.pig.tools.pigstats.ScriptState - Pig features used in the script: ORDER_BY,FILTER
2015-10-12 00:07:10,431 [main] INFO  org.apache.pig.data.SchemaTupleBackend - Key [pig.schematuple] was not set... will not generate code.
2015-10-12 00:07:10,605 [main] INFO  org.apache.pig.newplan.logical.optimizer.LogicalPlanOptimizer - {RULES_ENABLED=[AddForEach, ColumnMapKeyPrune, ConstantCalculator, GroupByConstParallelSetter, LimitOptimizer, LoadTypeCastInserter, MergeFilter, MergeForEach, PartitionFilterOptimizer, PredicatePushdownOptimizer, PushDownForEachFlatten, PushUpFilter, SplitFilter, StreamTypeCastInserter]}
2015-10-12 00:07:11,520 [main] INFO  org.apache.pig.backend.hadoop.executionengine.mapReduceLayer.MRCompiler - File concatenation threshold: 100 optimistic? false
2015-10-12 00:07:11,837 [main] INFO  org.apache.pig.backend.hadoop.executionengine.mapReduceLayer.SecondaryKeyOptimizerMR - Using Secondary Key Optimization for MapReduce node scope-80
2015-10-12 00:07:11,868 [main] INFO  org.apache.pig.backend.hadoop.executionengine.mapReduceLayer.MultiQueryOptimizer - MR plan size before optimization: 7
2015-10-12 00:07:11,869 [main] INFO  org.apache.pig.backend.hadoop.executionengine.mapReduceLayer.MultiQueryOptimizer - Merged 4 map-only splittees.
2015-10-12 00:07:11,869 [main] INFO  org.apache.pig.backend.hadoop.executionengine.mapReduceLayer.MultiQueryOptimizer - Merged 4 out of total 5 MR operators.
2015-10-12 00:07:11,870 [main] INFO  org.apache.pig.backend.hadoop.executionengine.mapReduceLayer.MultiQueryOptimizer - MR plan size after optimization: 3
2015-10-12 00:07:15,889 [main] INFO  org.apache.hadoop.yarn.client.api.impl.TimelineClientImpl - Timeline service address: http://sandbox.hortonworks.com:8188/ws/v1/timeline/
2015-10-12 00:07:17,752 [main] INFO  org.apache.hadoop.yarn.client.RMProxy - Connecting to ResourceManager at sandbox.hortonworks.com/10.0.2.15:8050
2015-10-12 00:07:19,557 [main] INFO  org.apache.pig.tools.pigstats.mapreduce.MRScriptState - Pig script settings are added to the job
2015-10-12 00:07:19,719 [main] INFO  org.apache.pig.backend.hadoop.executionengine.mapReduceLayer.JobControlCompiler - mapred.job.reduce.markreset.buffer.percent is not set, set to default 0.3
2015-10-12 00:07:19,754 [main] INFO  org.apache.pig.backend.hadoop.executionengine.mapReduceLayer.JobControlCompiler - This job cannot be converted run in-process
2015-10-12 00:07:22,362 [main] INFO  org.apache.pig.backend.hadoop.executionengine.mapReduceLayer.JobControlCompiler - Added jar file:/usr/hdp/2.3.0.0-2557/pig/pig-0.15.0.2.3.0.0-2557-core-h2.jar to DistributedCache through /tmp/temp1668408001/tmp-1393951210/pig-0.15.0.2.3.0.0-2557-core-h2.jar
2015-10-12 00:07:23,489 [main] INFO  org.apache.pig.backend.hadoop.executionengine.mapReduceLayer.JobControlCompiler - Added jar file:/usr/hdp/2.3.0.0-2557/pig/lib/automaton-1.11-8.jar to DistributedCache through /tmp/temp1668408001/tmp1063343761/automaton-1.11-8.jar
2015-10-12 00:07:24,321 [main] INFO  org.apache.pig.backend.hadoop.executionengine.mapReduceLayer.JobControlCompiler - Added jar file:/usr/hdp/2.3.0.0-2557/pig/lib/antlr-runtime-3.4.jar to DistributedCache through /tmp/temp1668408001/tmp92998079/antlr-runtime-3.4.jar
2015-10-12 00:07:25,372 [main] INFO  org.apache.pig.backend.hadoop.executionengine.mapReduceLayer.JobControlCompiler - Added jar file:/usr/hdp/2.3.0.0-2557/hadoop-mapreduce/joda-time-2.8.1.jar to DistributedCache through /tmp/temp1668408001/tmp1426286921/joda-time-2.8.1.jar
2015-10-12 00:07:25,571 [main] INFO  org.apache.pig.backend.hadoop.executionengine.mapReduceLayer.JobControlCompiler - Setting up single store job
2015-10-12 00:07:25,596 [main] INFO  org.apache.pig.data.SchemaTupleFrontend - Key [pig.schematuple] is false, will not generate code.
2015-10-12 00:07:25,596 [main] INFO  org.apache.pig.data.SchemaTupleFrontend - Starting process to move generated code to distributed cacche
2015-10-12 00:07:25,596 [main] INFO  org.apache.pig.data.SchemaTupleFrontend - Setting key [pig.schematuple.classes] with classes to deserialize []
2015-10-12 00:07:25,681 [main] INFO  org.apache.pig.backend.hadoop.executionengine.mapReduceLayer.MapReduceLauncher - 1 map-reduce job(s) waiting for submission.
2015-10-12 00:07:26,464 [JobControl] INFO  org.apache.hadoop.yarn.client.api.impl.TimelineClientImpl - Timeline service address: http://sandbox.hortonworks.com:8188/ws/v1/timeline/
2015-10-12 00:07:26,467 [JobControl] INFO  org.apache.hadoop.yarn.client.RMProxy - Connecting to ResourceManager at sandbox.hortonworks.com/10.0.2.15:8050
2015-10-12 00:07:27,739 [JobControl] WARN  org.apache.hadoop.mapreduce.JobResourceUploader - No job jar file set.  User classes may not be found. See Job or Job#setJar(String).
2015-10-12 00:07:28,708 [JobControl] INFO  org.apache.hadoop.mapreduce.lib.input.FileInputFormat - Total input paths to process : 1
2015-10-12 00:07:28,708 [JobControl] INFO  org.apache.pig.backend.hadoop.executionengine.util.MapRedUtil - Total input paths to process : 1
2015-10-12 00:07:28,763 [JobControl] INFO  org.apache.pig.backend.hadoop.executionengine.util.MapRedUtil - Total input paths (combined) to process : 1
2015-10-12 00:07:33,165 [JobControl] INFO  org.apache.hadoop.mapreduce.JobSubmitter - number of splits:1
2015-10-12 00:07:36,975 [JobControl] INFO  org.apache.hadoop.mapreduce.JobSubmitter - Submitting tokens for job: job_1444600603137_0009
2015-10-12 00:07:39,423 [JobControl] INFO  org.apache.hadoop.mapred.YARNRunner - Job jar is not present. Not adding any jar to the list of resources.
2015-10-12 00:07:51,791 [JobControl] INFO  org.apache.hadoop.yarn.client.api.impl.YarnClientImpl - Submitted application application_1444600603137_0009
2015-10-12 00:07:52,769 [JobControl] INFO  org.apache.hadoop.mapreduce.Job - The url to track the job: http://sandbox.hortonworks.com:8088/proxy/application_1444600603137_0009/
2015-10-12 00:07:52,856 [main] INFO  org.apache.pig.backend.hadoop.executionengine.mapReduceLayer.MapReduceLauncher - HadoopJobId: job_1444600603137_0009
2015-10-12 00:07:52,856 [main] INFO  org.apache.pig.backend.hadoop.executionengine.mapReduceLayer.MapReduceLauncher - Processing aliases A
2015-10-12 00:07:52,857 [main] INFO  org.apache.pig.backend.hadoop.executionengine.mapReduceLayer.MapReduceLauncher - detailed locations: M: A[1,4],A[-1,-1] C:  R: 
2015-10-12 00:07:53,011 [main] INFO  org.apache.pig.backend.hadoop.executionengine.mapReduceLayer.MapReduceLauncher - 0% complete
2015-10-12 00:07:53,011 [main] INFO  org.apache.pig.backend.hadoop.executionengine.mapReduceLayer.MapReduceLauncher - Running jobs are [job_1444600603137_0009]
2015-10-12 00:09:46,501 [main] INFO  org.apache.pig.backend.hadoop.executionengine.mapReduceLayer.MapReduceLauncher - 4% complete
2015-10-12 00:09:46,705 [main] INFO  org.apache.pig.backend.hadoop.executionengine.mapReduceLayer.MapReduceLauncher - Running jobs are [job_1444600603137_0009]
2015-10-12 00:09:55,365 [main] INFO  org.apache.pig.backend.hadoop.executionengine.mapReduceLayer.MapReduceLauncher - 8% complete
2015-10-12 00:09:55,365 [main] INFO  org.apache.pig.backend.hadoop.executionengine.mapReduceLayer.MapReduceLauncher - Running jobs are [job_1444600603137_0009]
2015-10-12 00:10:08,794 [main] INFO  org.apache.pig.backend.hadoop.executionengine.mapReduceLayer.MapReduceLauncher - 13% complete
2015-10-12 00:10:08,795 [main] INFO  org.apache.pig.backend.hadoop.executionengine.mapReduceLayer.MapReduceLauncher - Running jobs are [job_1444600603137_0009]
2015-10-12 00:10:38,024 [main] INFO  org.apache.pig.backend.hadoop.executionengine.mapReduceLayer.MapReduceLauncher - 33% complete
2015-10-12 00:11:01,761 [main] INFO  org.apache.hadoop.yarn.client.api.impl.TimelineClientImpl - Timeline service address: http://sandbox.hortonworks.com:8188/ws/v1/timeline/
2015-10-12 00:11:02,089 [main] INFO  org.apache.hadoop.yarn.client.RMProxy - Connecting to ResourceManager at sandbox.hortonworks.com/10.0.2.15:8050
2015-10-12 00:11:09,134 [main] INFO  org.apache.hadoop.mapred.ClientServiceDelegate - Application state is completed. FinalApplicationStatus=SUCCEEDED. Redirecting to job history server
2015-10-12 00:12:12,287 [main] INFO  org.apache.hadoop.yarn.client.api.impl.TimelineClientImpl - Timeline service address: http://sandbox.hortonworks.com:8188/ws/v1/timeline/
2015-10-12 00:12:12,317 [main] INFO  org.apache.hadoop.yarn.client.RMProxy - Connecting to ResourceManager at sandbox.hortonworks.com/10.0.2.15:8050
2015-10-12 00:12:13,977 [main] INFO  org.apache.hadoop.mapred.ClientServiceDelegate - Application state is completed. FinalApplicationStatus=SUCCEEDED. Redirecting to job history server
2015-10-12 00:12:34,255 [main] INFO  org.apache.hadoop.yarn.client.api.impl.TimelineClientImpl - Timeline service address: http://sandbox.hortonworks.com:8188/ws/v1/timeline/
2015-10-12 00:12:34,256 [main] INFO  org.apache.hadoop.yarn.client.RMProxy - Connecting to ResourceManager at sandbox.hortonworks.com/10.0.2.15:8050
2015-10-12 00:12:34,908 [main] INFO  org.apache.hadoop.mapred.ClientServiceDelegate - Application state is completed. FinalApplicationStatus=SUCCEEDED. Redirecting to job history server
2015-10-12 00:12:45,021 [main] INFO  org.apache.pig.tools.pigstats.mapreduce.MRScriptState - Pig script settings are added to the job
2015-10-12 00:12:45,086 [main] INFO  org.apache.pig.backend.hadoop.executionengine.mapReduceLayer.JobControlCompiler - mapred.job.reduce.markreset.buffer.percent is not set, set to default 0.3
2015-10-12 00:12:45,134 [main] INFO  org.apache.pig.backend.hadoop.executionengine.mapReduceLayer.JobControlCompiler - Reduce phase detected, estimating # of required reducers.
2015-10-12 00:12:45,285 [main] INFO  org.apache.pig.backend.hadoop.executionengine.mapReduceLayer.JobControlCompiler - Using reducer estimator: org.apache.pig.backend.hadoop.executionengine.mapReduceLayer.InputSizeReducerEstimator
2015-10-12 00:12:45,870 [main] INFO  org.apache.pig.backend.hadoop.executionengine.mapReduceLayer.InputSizeReducerEstimator - BytesPerReducer=1000000000 maxReducers=999 totalInputFileSize=126463750
2015-10-12 00:12:45,961 [main] INFO  org.apache.pig.backend.hadoop.executionengine.mapReduceLayer.JobControlCompiler - Setting Parallelism to 1
2015-10-12 00:12:45,962 [main] INFO  org.apache.pig.backend.hadoop.executionengine.mapReduceLayer.JobControlCompiler - This job cannot be converted run in-process
2015-10-12 00:12:48,704 [main] INFO  org.apache.pig.backend.hadoop.executionengine.mapReduceLayer.JobControlCompiler - Added jar file:/usr/hdp/2.3.0.0-2557/pig/pig-0.15.0.2.3.0.0-2557-core-h2.jar to DistributedCache through /tmp/temp1668408001/tmp-1890829001/pig-0.15.0.2.3.0.0-2557-core-h2.jar
2015-10-12 00:12:51,310 [main] INFO  org.apache.pig.backend.hadoop.executionengine.mapReduceLayer.JobControlCompiler - Added jar file:/usr/hdp/2.3.0.0-2557/pig/lib/automaton-1.11-8.jar to DistributedCache through /tmp/temp1668408001/tmp-1414082082/automaton-1.11-8.jar
2015-10-12 00:12:52,053 [main] INFO  org.apache.pig.backend.hadoop.executionengine.mapReduceLayer.JobControlCompiler - Added jar file:/usr/hdp/2.3.0.0-2557/pig/lib/antlr-runtime-3.4.jar to DistributedCache through /tmp/temp1668408001/tmp-1637657225/antlr-runtime-3.4.jar
2015-10-12 00:12:53,383 [main] INFO  org.apache.pig.backend.hadoop.executionengine.mapReduceLayer.JobControlCompiler - Added jar file:/usr/hdp/2.3.0.0-2557/hadoop-mapreduce/joda-time-2.8.1.jar to DistributedCache through /tmp/temp1668408001/tmp1016443392/joda-time-2.8.1.jar
2015-10-12 00:12:54,439 [main] INFO  org.apache.pig.backend.hadoop.executionengine.mapReduceLayer.JobControlCompiler - Setting up single store job
2015-10-12 00:12:54,465 [main] INFO  org.apache.pig.data.SchemaTupleFrontend - Key [pig.schematuple] is false, will not generate code.
2015-10-12 00:12:54,465 [main] INFO  org.apache.pig.data.SchemaTupleFrontend - Starting process to move generated code to distributed cacche
2015-10-12 00:12:54,466 [main] INFO  org.apache.pig.data.SchemaTupleFrontend - Setting key [pig.schematuple.classes] with classes to deserialize []
2015-10-12 00:12:58,706 [main] INFO  org.apache.pig.backend.hadoop.executionengine.mapReduceLayer.MapReduceLauncher - 1 map-reduce job(s) waiting for submission.
2015-10-12 00:13:07,576 [JobControl] INFO  org.apache.hadoop.yarn.client.api.impl.TimelineClientImpl - Timeline service address: http://sandbox.hortonworks.com:8188/ws/v1/timeline/
2015-10-12 00:13:07,578 [JobControl] INFO  org.apache.hadoop.yarn.client.RMProxy - Connecting to ResourceManager at sandbox.hortonworks.com/10.0.2.15:8050
2015-10-12 00:13:08,645 [JobControl] WARN  org.apache.hadoop.mapreduce.JobResourceUploader - No job jar file set.  User classes may not be found. See Job or Job#setJar(String).
2015-10-12 00:13:09,204 [JobControl] INFO  org.apache.hadoop.mapreduce.lib.input.FileInputFormat - Total input paths to process : 1
2015-10-12 00:13:09,246 [JobControl] INFO  org.apache.pig.backend.hadoop.executionengine.util.MapRedUtil - Total input paths to process : 1
2015-10-12 00:13:09,248 [JobControl] INFO  org.apache.pig.backend.hadoop.executionengine.util.MapRedUtil - Total input paths (combined) to process : 1
2015-10-12 00:13:10,083 [JobControl] INFO  org.apache.hadoop.mapreduce.JobSubmitter - number of splits:1
2015-10-12 00:13:10,856 [JobControl] INFO  org.apache.hadoop.mapreduce.JobSubmitter - Submitting tokens for job: job_1444600603137_0010
2015-10-12 00:13:10,888 [JobControl] INFO  org.apache.hadoop.mapred.YARNRunner - Job jar is not present. Not adding any jar to the list of resources.
2015-10-12 00:13:11,448 [JobControl] INFO  org.apache.hadoop.yarn.client.api.impl.YarnClientImpl - Submitted application application_1444600603137_0010
2015-10-12 00:13:11,585 [JobControl] INFO  org.apache.hadoop.mapreduce.Job - The url to track the job: http://sandbox.hortonworks.com:8088/proxy/application_1444600603137_0010/
2015-10-12 00:13:12,440 [main] INFO  org.apache.pig.backend.hadoop.executionengine.mapReduceLayer.MapReduceLauncher - HadoopJobId: job_1444600603137_0010
2015-10-12 00:13:12,441 [main] INFO  org.apache.pig.backend.hadoop.executionengine.mapReduceLayer.MapReduceLauncher - Processing aliases B
2015-10-12 00:13:12,445 [main] INFO  org.apache.pig.backend.hadoop.executionengine.mapReduceLayer.MapReduceLauncher - detailed locations: M: B[5,4] C:  R: 
2015-10-12 00:13:51,561 [main] INFO  org.apache.pig.backend.hadoop.executionengine.mapReduceLayer.MapReduceLauncher - 50% complete
2015-10-12 00:13:51,596 [main] INFO  org.apache.pig.backend.hadoop.executionengine.mapReduceLayer.MapReduceLauncher - Running jobs are [job_1444600603137_0010]
2015-10-12 00:14:06,528 [main] INFO  org.apache.pig.backend.hadoop.executionengine.mapReduceLayer.MapReduceLauncher - 66% complete
2015-10-12 00:14:06,529 [main] INFO  org.apache.pig.backend.hadoop.executionengine.mapReduceLayer.MapReduceLauncher - Running jobs are [job_1444600603137_0010]
2015-10-12 00:14:13,043 [main] INFO  org.apache.hadoop.yarn.client.api.impl.TimelineClientImpl - Timeline service address: http://sandbox.hortonworks.com:8188/ws/v1/timeline/
2015-10-12 00:14:13,046 [main] INFO  org.apache.hadoop.yarn.client.RMProxy - Connecting to ResourceManager at sandbox.hortonworks.com/10.0.2.15:8050
2015-10-12 00:14:13,102 [main] INFO  org.apache.hadoop.mapred.ClientServiceDelegate - Application state is completed. FinalApplicationStatus=SUCCEEDED. Redirecting to job history server
2015-10-12 00:14:18,084 [main] INFO  org.apache.hadoop.yarn.client.api.impl.TimelineClientImpl - Timeline service address: http://sandbox.hortonworks.com:8188/ws/v1/timeline/
2015-10-12 00:14:18,085 [main] INFO  org.apache.hadoop.yarn.client.RMProxy - Connecting to ResourceManager at sandbox.hortonworks.com/10.0.2.15:8050
2015-10-12 00:14:18,444 [main] INFO  org.apache.hadoop.mapred.ClientServiceDelegate - Application state is completed. FinalApplicationStatus=SUCCEEDED. Redirecting to job history server
2015-10-12 00:14:21,893 [main] INFO  org.apache.hadoop.yarn.client.api.impl.TimelineClientImpl - Timeline service address: http://sandbox.hortonworks.com:8188/ws/v1/timeline/
2015-10-12 00:14:21,901 [main] INFO  org.apache.hadoop.yarn.client.RMProxy - Connecting to ResourceManager at sandbox.hortonworks.com/10.0.2.15:8050
2015-10-12 00:14:21,909 [main] INFO  org.apache.hadoop.mapred.ClientServiceDelegate - Application state is completed. FinalApplicationStatus=SUCCEEDED. Redirecting to job history server
2015-10-12 00:14:22,483 [main] INFO  org.apache.pig.tools.pigstats.mapreduce.MRScriptState - Pig script settings are added to the job
2015-10-12 00:14:22,490 [main] INFO  org.apache.pig.backend.hadoop.executionengine.mapReduceLayer.JobControlCompiler - mapred.job.reduce.markreset.buffer.percent is not set, set to default 0.3
2015-10-12 00:14:22,494 [main] INFO  org.apache.pig.backend.hadoop.executionengine.mapReduceLayer.JobControlCompiler - Reduce phase detected, estimating # of required reducers.
2015-10-12 00:14:22,495 [main] INFO  org.apache.pig.backend.hadoop.executionengine.mapReduceLayer.JobControlCompiler - Setting Parallelism to 1
2015-10-12 00:14:22,495 [main] INFO  org.apache.pig.backend.hadoop.executionengine.mapReduceLayer.JobControlCompiler - This job cannot be converted run in-process
2015-10-12 00:14:23,418 [main] INFO  org.apache.pig.backend.hadoop.executionengine.mapReduceLayer.JobControlCompiler - Added jar file:/usr/hdp/2.3.0.0-2557/pig/pig-0.15.0.2.3.0.0-2557-core-h2.jar to DistributedCache through /tmp/temp1668408001/tmp112445629/pig-0.15.0.2.3.0.0-2557-core-h2.jar
2015-10-12 00:14:23,658 [main] INFO  org.apache.pig.backend.hadoop.executionengine.mapReduceLayer.JobControlCompiler - Added jar file:/usr/hdp/2.3.0.0-2557/pig/lib/automaton-1.11-8.jar to DistributedCache through /tmp/temp1668408001/tmp814235056/automaton-1.11-8.jar
2015-10-12 00:14:24,312 [main] INFO  org.apache.pig.backend.hadoop.executionengine.mapReduceLayer.JobControlCompiler - Added jar file:/usr/hdp/2.3.0.0-2557/pig/lib/antlr-runtime-3.4.jar to DistributedCache through /tmp/temp1668408001/tmp468327639/antlr-runtime-3.4.jar
2015-10-12 00:14:24,434 [main] INFO  org.apache.pig.backend.hadoop.executionengine.mapReduceLayer.JobControlCompiler - Added jar file:/usr/hdp/2.3.0.0-2557/hadoop-mapreduce/joda-time-2.8.1.jar to DistributedCache through /tmp/temp1668408001/tmp-975656100/joda-time-2.8.1.jar
2015-10-12 00:14:24,468 [main] INFO  org.apache.pig.backend.hadoop.executionengine.mapReduceLayer.JobControlCompiler - Setting up multi store job
2015-10-12 00:14:24,475 [main] INFO  org.apache.pig.data.SchemaTupleFrontend - Key [pig.schematuple] is false, will not generate code.
2015-10-12 00:14:24,475 [main] INFO  org.apache.pig.data.SchemaTupleFrontend - Starting process to move generated code to distributed cacche
2015-10-12 00:14:24,477 [main] INFO  org.apache.pig.data.SchemaTupleFrontend - Setting key [pig.schematuple.classes] with classes to deserialize []
2015-10-12 00:14:24,683 [main] INFO  org.apache.pig.backend.hadoop.executionengine.mapReduceLayer.MapReduceLauncher - 1 map-reduce job(s) waiting for submission.
2015-10-12 00:14:24,993 [JobControl] INFO  org.apache.hadoop.yarn.client.api.impl.TimelineClientImpl - Timeline service address: http://sandbox.hortonworks.com:8188/ws/v1/timeline/
2015-10-12 00:14:24,993 [JobControl] INFO  org.apache.hadoop.yarn.client.RMProxy - Connecting to ResourceManager at sandbox.hortonworks.com/10.0.2.15:8050
2015-10-12 00:14:26,748 [JobControl] WARN  org.apache.hadoop.mapreduce.JobResourceUploader - No job jar file set.  User classes may not be found. See Job or Job#setJar(String).
2015-10-12 00:14:28,366 [JobControl] INFO  org.apache.hadoop.mapreduce.lib.input.FileInputFormat - Total input paths to process : 1
2015-10-12 00:14:28,368 [JobControl] INFO  org.apache.pig.backend.hadoop.executionengine.util.MapRedUtil - Total input paths to process : 1
2015-10-12 00:14:28,369 [JobControl] INFO  org.apache.pig.backend.hadoop.executionengine.util.MapRedUtil - Total input paths (combined) to process : 1
2015-10-12 00:14:31,841 [JobControl] INFO  org.apache.hadoop.mapreduce.JobSubmitter - number of splits:1
2015-10-12 00:14:33,352 [JobControl] INFO  org.apache.hadoop.mapreduce.JobSubmitter - Submitting tokens for job: job_1444600603137_0011
2015-10-12 00:14:33,369 [JobControl] INFO  org.apache.hadoop.mapred.YARNRunner - Job jar is not present. Not adding any jar to the list of resources.
2015-10-12 00:14:33,917 [JobControl] INFO  org.apache.hadoop.yarn.client.api.impl.YarnClientImpl - Submitted application application_1444600603137_0011
2015-10-12 00:14:34,657 [JobControl] INFO  org.apache.hadoop.mapreduce.Job - The url to track the job: http://sandbox.hortonworks.com:8088/proxy/application_1444600603137_0011/
2015-10-12 00:14:34,657 [main] INFO  org.apache.pig.backend.hadoop.executionengine.mapReduceLayer.MapReduceLauncher - HadoopJobId: job_1444600603137_0011
2015-10-12 00:14:34,658 [main] INFO  org.apache.pig.backend.hadoop.executionengine.mapReduceLayer.MapReduceLauncher - Processing aliases B,C1,C2,C3,C4
2015-10-12 00:14:34,659 [main] INFO  org.apache.pig.backend.hadoop.executionengine.mapReduceLayer.MapReduceLauncher - detailed locations: M: B[5,4] C:  R: C1[6,5],C2[7,5],C3[8,5],C4[9,5]
2015-10-12 00:15:14,115 [main] INFO  org.apache.pig.backend.hadoop.executionengine.mapReduceLayer.MapReduceLauncher - 70% complete
2015-10-12 00:15:14,181 [main] INFO  org.apache.pig.backend.hadoop.executionengine.mapReduceLayer.MapReduceLauncher - Running jobs are [job_1444600603137_0011]
2015-10-12 00:15:27,325 [main] INFO  org.apache.pig.backend.hadoop.executionengine.mapReduceLayer.MapReduceLauncher - 75% complete
2015-10-12 00:15:27,326 [main] INFO  org.apache.pig.backend.hadoop.executionengine.mapReduceLayer.MapReduceLauncher - Running jobs are [job_1444600603137_0011]
2015-10-12 00:15:39,407 [main] INFO  org.apache.pig.backend.hadoop.executionengine.mapReduceLayer.MapReduceLauncher - 83% complete
2015-10-12 00:15:39,407 [main] INFO  org.apache.pig.backend.hadoop.executionengine.mapReduceLayer.MapReduceLauncher - Running jobs are [job_1444600603137_0011]
2015-10-12 00:15:54,689 [main] INFO  org.apache.pig.backend.hadoop.executionengine.mapReduceLayer.MapReduceLauncher - 95% complete
2015-10-12 00:15:54,690 [main] INFO  org.apache.pig.backend.hadoop.executionengine.mapReduceLayer.MapReduceLauncher - Running jobs are [job_1444600603137_0011]
2015-10-12 00:16:04,337 [main] INFO  org.apache.pig.backend.hadoop.executionengine.mapReduceLayer.MapReduceLauncher - Running jobs are [job_1444600603137_0011]
2015-10-12 00:16:20,757 [main] INFO  org.apache.hadoop.yarn.client.api.impl.TimelineClientImpl - Timeline service address: http://sandbox.hortonworks.com:8188/ws/v1/timeline/
2015-10-12 00:16:20,767 [main] INFO  org.apache.hadoop.yarn.client.RMProxy - Connecting to ResourceManager at sandbox.hortonworks.com/10.0.2.15:8050
2015-10-12 00:16:21,039 [main] INFO  org.apache.hadoop.mapred.ClientServiceDelegate - Application state is completed. FinalApplicationStatus=SUCCEEDED. Redirecting to job history server
2015-10-12 00:16:28,041 [main] INFO  org.apache.hadoop.yarn.client.api.impl.TimelineClientImpl - Timeline service address: http://sandbox.hortonworks.com:8188/ws/v1/timeline/
2015-10-12 00:16:28,042 [main] INFO  org.apache.hadoop.yarn.client.RMProxy - Connecting to ResourceManager at sandbox.hortonworks.com/10.0.2.15:8050
2015-10-12 00:16:28,108 [main] INFO  org.apache.hadoop.mapred.ClientServiceDelegate - Application state is completed. FinalApplicationStatus=SUCCEEDED. Redirecting to job history server
2015-10-12 00:16:32,531 [main] INFO  org.apache.hadoop.yarn.client.api.impl.TimelineClientImpl - Timeline service address: http://sandbox.hortonworks.com:8188/ws/v1/timeline/
2015-10-12 00:16:32,532 [main] INFO  org.apache.hadoop.yarn.client.RMProxy - Connecting to ResourceManager at sandbox.hortonworks.com/10.0.2.15:8050
2015-10-12 00:16:32,576 [main] INFO  org.apache.hadoop.mapred.ClientServiceDelegate - Application state is completed. FinalApplicationStatus=SUCCEEDED. Redirecting to job history server
2015-10-12 00:16:33,376 [main] INFO  org.apache.pig.tools.pigstats.JobStats - using output size reader: org.apache.pig.backend.hadoop.executionengine.mapReduceLayer.FileBasedOutputSizeReader
2015-10-12 00:16:33,441 [main] INFO  org.apache.pig.tools.pigstats.JobStats - using output size reader: org.apache.pig.backend.hadoop.executionengine.mapReduceLayer.FileBasedOutputSizeReader
2015-10-12 00:16:33,445 [main] INFO  org.apache.pig.tools.pigstats.JobStats - using output size reader: org.apache.pig.backend.hadoop.executionengine.mapReduceLayer.FileBasedOutputSizeReader
2015-10-12 00:16:33,449 [main] INFO  org.apache.pig.tools.pigstats.JobStats - using output size reader: org.apache.pig.backend.hadoop.executionengine.mapReduceLayer.FileBasedOutputSizeReader
2015-10-12 00:16:33,456 [main] INFO  org.apache.pig.backend.hadoop.executionengine.mapReduceLayer.MapReduceLauncher - 100% complete
2015-10-12 00:16:33,846 [main] INFO  org.apache.pig.tools.pigstats.mapreduce.SimplePigStats - Script Statistics: 

HadoopVersion	PigVersion	UserId	StartedAt	FinishedAt	Features
2.7.1.2.3.0.0-2557	0.15.0.2.3.0.0-2557	root	2015-10-12 00:07:19	2015-10-12 00:16:33	ORDER_BY,FILTER

Success!

Job Stats (time in seconds):
JobId	Maps	Reduces	MaxMapTime	MinMapTime	AvgMapTime	MedianMapTime	MaxReduceTime	MinReduceTime	AvgReduceTime	MedianReducetime	Alias	Feature	Outputs
job_1444600603137_0009	1	0	82	82	82	82	0	0	0	0	A	MAP_ONLY	
job_1444600603137_0010	1	1	14	14	14	14	11	11	11	11	B	SAMPLER	
job_1444600603137_0011	1	1	48	48	48	48	23	23	23	23	B,C1,C2,C3,C4	ORDER_BY,MULTI_QUERY	/user/root/data/input/AAPL,/user/root/data/input/INTC,/user/root/data/input/GE,/user/root/data/input/IBM,

Input(s):
Successfully read 2075394 records (116497480 bytes) from: "/user/root/data/stocks/stocks.csv"

Output(s):
Successfully stored 6412 records (386541 bytes) in: "/user/root/data/input/AAPL"
Successfully stored 5949 records (362079 bytes) in: "/user/root/data/input/INTC"
Successfully stored 12109 records (678479 bytes) in: "/user/root/data/input/GE"
Successfully stored 12109 records (709093 bytes) in: "/user/root/data/input/IBM"

Counters:
Total records written : 36579
Total bytes written : 2136192
Spillable Memory Manager spill count : 0
Total bags proactively spilled: 0
Total records proactively spilled: 0

Job DAG:
job_1444600603137_0009	->	job_1444600603137_0010,
job_1444600603137_0010	->	job_1444600603137_0011,
job_1444600603137_0011


2015-10-12 00:16:35,917 [main] INFO  org.apache.hadoop.yarn.client.api.impl.TimelineClientImpl - Timeline service address: http://sandbox.hortonworks.com:8188/ws/v1/timeline/
2015-10-12 00:16:35,918 [main] INFO  org.apache.hadoop.yarn.client.RMProxy - Connecting to ResourceManager at sandbox.hortonworks.com/10.0.2.15:8050
2015-10-12 00:16:35,955 [main] INFO  org.apache.hadoop.mapred.ClientServiceDelegate - Application state is completed. FinalApplicationStatus=SUCCEEDED. Redirecting to job history server
2015-10-12 00:16:41,723 [main] INFO  org.apache.hadoop.yarn.client.api.impl.TimelineClientImpl - Timeline service address: http://sandbox.hortonworks.com:8188/ws/v1/timeline/
2015-10-12 00:16:41,724 [main] INFO  org.apache.hadoop.yarn.client.RMProxy - Connecting to ResourceManager at sandbox.hortonworks.com/10.0.2.15:8050
2015-10-12 00:16:41,751 [main] INFO  org.apache.hadoop.mapred.ClientServiceDelegate - Application state is completed. FinalApplicationStatus=SUCCEEDED. Redirecting to job history server
2015-10-12 00:16:42,584 [main] INFO  org.apache.hadoop.yarn.client.api.impl.TimelineClientImpl - Timeline service address: http://sandbox.hortonworks.com:8188/ws/v1/timeline/
2015-10-12 00:16:42,584 [main] INFO  org.apache.hadoop.yarn.client.RMProxy - Connecting to ResourceManager at sandbox.hortonworks.com/10.0.2.15:8050
2015-10-12 00:16:42,592 [main] INFO  org.apache.hadoop.mapred.ClientServiceDelegate - Application state is completed. FinalApplicationStatus=SUCCEEDED. Redirecting to job history server
2015-10-12 00:16:42,796 [main] INFO  org.apache.hadoop.yarn.client.api.impl.TimelineClientImpl - Timeline service address: http://sandbox.hortonworks.com:8188/ws/v1/timeline/
2015-10-12 00:16:42,797 [main] INFO  org.apache.hadoop.yarn.client.RMProxy - Connecting to ResourceManager at sandbox.hortonworks.com/10.0.2.15:8050
2015-10-12 00:16:42,809 [main] INFO  org.apache.hadoop.mapred.ClientServiceDelegate - Application state is completed. FinalApplicationStatus=SUCCEEDED. Redirecting to job history server
2015-10-12 00:16:43,634 [main] INFO  org.apache.hadoop.yarn.client.api.impl.TimelineClientImpl - Timeline service address: http://sandbox.hortonworks.com:8188/ws/v1/timeline/
2015-10-12 00:16:43,635 [main] INFO  org.apache.hadoop.yarn.client.RMProxy - Connecting to ResourceManager at sandbox.hortonworks.com/10.0.2.15:8050
2015-10-12 00:16:43,640 [main] INFO  org.apache.hadoop.mapred.ClientServiceDelegate - Application state is completed. FinalApplicationStatus=SUCCEEDED. Redirecting to job history server
2015-10-12 00:16:45,531 [main] INFO  org.apache.hadoop.yarn.client.api.impl.TimelineClientImpl - Timeline service address: http://sandbox.hortonworks.com:8188/ws/v1/timeline/
2015-10-12 00:16:45,532 [main] INFO  org.apache.hadoop.yarn.client.RMProxy - Connecting to ResourceManager at sandbox.hortonworks.com/10.0.2.15:8050
2015-10-12 00:16:45,537 [main] INFO  org.apache.hadoop.mapred.ClientServiceDelegate - Application state is completed. FinalApplicationStatus=SUCCEEDED. Redirecting to job history server
2015-10-12 00:16:45,765 [main] INFO  org.apache.hadoop.yarn.client.api.impl.TimelineClientImpl - Timeline service address: http://sandbox.hortonworks.com:8188/ws/v1/timeline/
2015-10-12 00:16:45,765 [main] INFO  org.apache.hadoop.yarn.client.RMProxy - Connecting to ResourceManager at sandbox.hortonworks.com/10.0.2.15:8050
2015-10-12 00:16:45,771 [main] INFO  org.apache.hadoop.mapred.ClientServiceDelegate - Application state is completed. FinalApplicationStatus=SUCCEEDED. Redirecting to job history server
2015-10-12 00:16:45,947 [main] INFO  org.apache.hadoop.yarn.client.api.impl.TimelineClientImpl - Timeline service address: http://sandbox.hortonworks.com:8188/ws/v1/timeline/
2015-10-12 00:16:45,948 [main] INFO  org.apache.hadoop.yarn.client.RMProxy - Connecting to ResourceManager at sandbox.hortonworks.com/10.0.2.15:8050
2015-10-12 00:16:45,957 [main] INFO  org.apache.hadoop.mapred.ClientServiceDelegate - Application state is completed. FinalApplicationStatus=SUCCEEDED. Redirecting to job history server
2015-10-12 00:16:46,223 [main] INFO  org.apache.hadoop.yarn.client.api.impl.TimelineClientImpl - Timeline service address: http://sandbox.hortonworks.com:8188/ws/v1/timeline/
2015-10-12 00:16:46,223 [main] INFO  org.apache.hadoop.yarn.client.RMProxy - Connecting to ResourceManager at sandbox.hortonworks.com/10.0.2.15:8050
2015-10-12 00:16:46,231 [main] INFO  org.apache.hadoop.mapred.ClientServiceDelegate - Application state is completed. FinalApplicationStatus=SUCCEEDED. Redirecting to job history server
2015-10-12 00:16:46,298 [main] WARN  org.apache.pig.backend.hadoop.executionengine.mapReduceLayer.MapReduceLauncher - Encountered Warning FIELD_DISCARDED_TYPE_CONVERSION_FAILED 18 time(s).
2015-10-12 00:16:46,298 [main] INFO  org.apache.pig.backend.hadoop.executionengine.mapReduceLayer.MapReduceLauncher - Success!
2015-10-12 00:16:46,360 [main] INFO  org.apache.pig.Main - Pig script completed in 9 minutes, 53 seconds and 247 milliseconds (593247 ms)
