WARNING: Use "yarn jar" to launch YARN applications.
15/10/07 19:33:20 INFO pig.ExecTypeProvider: Trying ExecType : LOCAL
15/10/07 19:33:20 INFO pig.ExecTypeProvider: Trying ExecType : MAPREDUCE
15/10/07 19:33:20 INFO pig.ExecTypeProvider: Picked MAPREDUCE as the ExecType
2015-10-07 19:33:20,141 [main] INFO  org.apache.pig.Main - Apache Pig version 0.15.0.2.3.0.0-2557 (rexported) compiled Jul 14 2015, 10:10:23
2015-10-07 19:33:20,141 [main] INFO  org.apache.pig.Main - Logging error messages to: /root/pig_1444246400137.log
2015-10-07 19:33:22,465 [main] INFO  org.apache.pig.impl.util.Utils - Default bootup file /root/.pigbootup not found
2015-10-07 19:33:22,783 [main] INFO  org.apache.pig.backend.hadoop.executionengine.HExecutionEngine - Connecting to hadoop file system at: hdfs://sandbox.hortonworks.com:8020
2015-10-07 19:33:26,415 [main] WARN  org.apache.pig.newplan.BaseOperatorPlan - Encountered Warning IMPLICIT_CAST_TO_CHARARRAY 1 time(s).
2015-10-07 19:33:26,415 [main] WARN  org.apache.pig.newplan.BaseOperatorPlan - Encountered Warning USING_OVERLOADED_FUNCTION 1 time(s).
D1: {station: bytearray,year: int,avgt: int}
2015-10-07 19:33:27,004 [main] WARN  org.apache.pig.newplan.BaseOperatorPlan - Encountered Warning IMPLICIT_CAST_TO_CHARARRAY 2 time(s).
2015-10-07 19:33:27,005 [main] WARN  org.apache.pig.newplan.BaseOperatorPlan - Encountered Warning USING_OVERLOADED_FUNCTION 1 time(s).
2015-10-07 19:33:27,136 [main] INFO  org.apache.pig.tools.pigstats.ScriptState - Pig features used in the script: GROUP_BY,ORDER_BY,FILTER
2015-10-07 19:33:27,201 [main] INFO  org.apache.pig.data.SchemaTupleBackend - Key [pig.schematuple] was not set... will not generate code.
2015-10-07 19:33:27,267 [main] INFO  org.apache.pig.newplan.logical.optimizer.LogicalPlanOptimizer - {RULES_ENABLED=[AddForEach, ColumnMapKeyPrune, ConstantCalculator, GroupByConstParallelSetter, LimitOptimizer, LoadTypeCastInserter, MergeFilter, MergeForEach, PartitionFilterOptimizer, PredicatePushdownOptimizer, PushDownForEachFlatten, PushUpFilter, SplitFilter, StreamTypeCastInserter]}
2015-10-07 19:33:27,924 [main] INFO  org.apache.pig.backend.hadoop.executionengine.mapReduceLayer.MRCompiler - File concatenation threshold: 100 optimistic? false
2015-10-07 19:33:28,048 [main] INFO  org.apache.pig.backend.hadoop.executionengine.util.CombinerOptimizerUtil - Choosing to move algebraic foreach to combiner
2015-10-07 19:33:28,113 [main] INFO  org.apache.pig.backend.hadoop.executionengine.util.CombinerOptimizerUtil - Choosing to move algebraic foreach to combiner
2015-10-07 19:33:28,116 [main] INFO  org.apache.pig.backend.hadoop.executionengine.util.CombinerOptimizerUtil - Choosing to move algebraic foreach to combiner
2015-10-07 19:33:28,153 [main] INFO  org.apache.pig.backend.hadoop.executionengine.mapReduceLayer.SecondaryKeyOptimizerMR - Using Secondary Key Optimization for MapReduce node scope-143
2015-10-07 19:33:28,154 [main] INFO  org.apache.pig.backend.hadoop.executionengine.mapReduceLayer.SecondaryKeyOptimizerMR - Using Secondary Key Optimization for MapReduce node scope-169
2015-10-07 19:33:28,176 [main] INFO  org.apache.pig.backend.hadoop.executionengine.mapReduceLayer.MultiQueryOptimizer - MR plan size before optimization: 9
2015-10-07 19:33:28,177 [main] INFO  org.apache.pig.backend.hadoop.executionengine.mapReduceLayer.MultiQueryOptimizer - Merged 1 map-only splittees.
2015-10-07 19:33:28,182 [main] INFO  org.apache.pig.backend.hadoop.executionengine.mapReduceLayer.MultiQueryOptimizer - Merged MR job 164 into MR job 137
2015-10-07 19:33:28,182 [main] INFO  org.apache.pig.backend.hadoop.executionengine.mapReduceLayer.MultiQueryOptimizer - Merged MR job 166 into MR job 137
2015-10-07 19:33:28,183 [main] INFO  org.apache.pig.backend.hadoop.executionengine.mapReduceLayer.MultiQueryOptimizer - Requested parallelism of splitter: -1
2015-10-07 19:33:28,183 [main] INFO  org.apache.pig.backend.hadoop.executionengine.mapReduceLayer.MultiQueryOptimizer - Merged 2 map-reduce splittees.
2015-10-07 19:33:28,183 [main] INFO  org.apache.pig.backend.hadoop.executionengine.mapReduceLayer.MultiQueryOptimizer - Merged 3 out of total 4 MR operators.
2015-10-07 19:33:28,183 [main] INFO  org.apache.pig.backend.hadoop.executionengine.mapReduceLayer.MultiQueryOptimizer - Merged MR job 137 into MR job 134
2015-10-07 19:33:28,184 [main] INFO  org.apache.pig.backend.hadoop.executionengine.mapReduceLayer.MultiQueryOptimizer - Merged MR job 171 into MR job 134
2015-10-07 19:33:28,184 [main] INFO  org.apache.pig.backend.hadoop.executionengine.mapReduceLayer.MultiQueryOptimizer - Requested parallelism of splitter: -1
2015-10-07 19:33:28,184 [main] INFO  org.apache.pig.backend.hadoop.executionengine.mapReduceLayer.MultiQueryOptimizer - Merged 2 map-reduce splittees.
2015-10-07 19:33:28,184 [main] INFO  org.apache.pig.backend.hadoop.executionengine.mapReduceLayer.MultiQueryOptimizer - Merged 2 out of total 3 MR operators.
2015-10-07 19:33:28,184 [main] INFO  org.apache.pig.backend.hadoop.executionengine.mapReduceLayer.MultiQueryOptimizer - MR plan size after optimization: 4
2015-10-07 19:33:29,330 [main] INFO  org.apache.hadoop.yarn.client.api.impl.TimelineClientImpl - Timeline service address: http://sandbox.hortonworks.com:8188/ws/v1/timeline/
2015-10-07 19:33:29,580 [main] INFO  org.apache.hadoop.yarn.client.RMProxy - Connecting to ResourceManager at sandbox.hortonworks.com/10.0.2.15:8050
2015-10-07 19:33:30,091 [main] INFO  org.apache.pig.tools.pigstats.mapreduce.MRScriptState - Pig script settings are added to the job
2015-10-07 19:33:30,106 [main] INFO  org.apache.pig.backend.hadoop.executionengine.mapReduceLayer.JobControlCompiler - mapred.job.reduce.markreset.buffer.percent is not set, set to default 0.3
2015-10-07 19:33:30,110 [main] INFO  org.apache.pig.backend.hadoop.executionengine.mapReduceLayer.JobControlCompiler - Reduce phase detected, estimating # of required reducers.
2015-10-07 19:33:30,113 [main] INFO  org.apache.pig.backend.hadoop.executionengine.mapReduceLayer.JobControlCompiler - Using reducer estimator: org.apache.pig.backend.hadoop.executionengine.mapReduceLayer.InputSizeReducerEstimator
2015-10-07 19:33:30,202 [main] INFO  org.apache.pig.backend.hadoop.executionengine.mapReduceLayer.InputSizeReducerEstimator - BytesPerReducer=1000000000 maxReducers=999 totalInputFileSize=352609342
2015-10-07 19:33:30,202 [main] INFO  org.apache.pig.backend.hadoop.executionengine.mapReduceLayer.JobControlCompiler - Setting Parallelism to 1
2015-10-07 19:33:30,202 [main] INFO  org.apache.pig.backend.hadoop.executionengine.mapReduceLayer.JobControlCompiler - This job cannot be converted run in-process
2015-10-07 19:33:31,160 [main] INFO  org.apache.pig.backend.hadoop.executionengine.mapReduceLayer.JobControlCompiler - Added jar file:/usr/hdp/2.3.0.0-2557/pig/pig-0.15.0.2.3.0.0-2557-core-h2.jar to DistributedCache through /tmp/temp-1394526543/tmp-1470868017/pig-0.15.0.2.3.0.0-2557-core-h2.jar
2015-10-07 19:33:31,216 [main] INFO  org.apache.pig.backend.hadoop.executionengine.mapReduceLayer.JobControlCompiler - Added jar file:/usr/hdp/2.3.0.0-2557/pig/lib/automaton-1.11-8.jar to DistributedCache through /tmp/temp-1394526543/tmp-871459483/automaton-1.11-8.jar
2015-10-07 19:33:31,290 [main] INFO  org.apache.pig.backend.hadoop.executionengine.mapReduceLayer.JobControlCompiler - Added jar file:/usr/hdp/2.3.0.0-2557/pig/lib/antlr-runtime-3.4.jar to DistributedCache through /tmp/temp-1394526543/tmp1000327148/antlr-runtime-3.4.jar
2015-10-07 19:33:31,373 [main] INFO  org.apache.pig.backend.hadoop.executionengine.mapReduceLayer.JobControlCompiler - Added jar file:/usr/hdp/2.3.0.0-2557/hadoop-mapreduce/joda-time-2.8.1.jar to DistributedCache through /tmp/temp-1394526543/tmp-832427996/joda-time-2.8.1.jar
2015-10-07 19:33:31,517 [main] INFO  org.apache.pig.backend.hadoop.executionengine.mapReduceLayer.JobControlCompiler - Setting up multi store job
2015-10-07 19:33:31,574 [main] INFO  org.apache.pig.data.SchemaTupleFrontend - Key [pig.schematuple] is false, will not generate code.
2015-10-07 19:33:31,577 [main] INFO  org.apache.pig.data.SchemaTupleFrontend - Starting process to move generated code to distributed cacche
2015-10-07 19:33:31,578 [main] INFO  org.apache.pig.data.SchemaTupleFrontend - Setting key [pig.schematuple.classes] with classes to deserialize []
2015-10-07 19:33:31,808 [main] INFO  org.apache.pig.backend.hadoop.executionengine.mapReduceLayer.MapReduceLauncher - 1 map-reduce job(s) waiting for submission.
2015-10-07 19:33:32,044 [JobControl] INFO  org.apache.hadoop.yarn.client.api.impl.TimelineClientImpl - Timeline service address: http://sandbox.hortonworks.com:8188/ws/v1/timeline/
2015-10-07 19:33:32,046 [JobControl] INFO  org.apache.hadoop.yarn.client.RMProxy - Connecting to ResourceManager at sandbox.hortonworks.com/10.0.2.15:8050
2015-10-07 19:33:32,267 [JobControl] WARN  org.apache.hadoop.mapreduce.JobResourceUploader - No job jar file set.  User classes may not be found. See Job or Job#setJar(String).
2015-10-07 19:33:32,431 [JobControl] INFO  org.apache.hadoop.mapreduce.lib.input.FileInputFormat - Total input paths to process : 1
2015-10-07 19:33:32,432 [JobControl] INFO  org.apache.pig.backend.hadoop.executionengine.util.MapRedUtil - Total input paths to process : 1
2015-10-07 19:33:32,477 [JobControl] INFO  org.apache.pig.backend.hadoop.executionengine.util.MapRedUtil - Total input paths (combined) to process : 3
2015-10-07 19:33:33,095 [JobControl] INFO  org.apache.hadoop.mapreduce.JobSubmitter - number of splits:3
2015-10-07 19:33:33,935 [JobControl] INFO  org.apache.hadoop.mapreduce.JobSubmitter - Submitting tokens for job: job_1444239522436_0011
2015-10-07 19:33:34,636 [JobControl] INFO  org.apache.hadoop.mapred.YARNRunner - Job jar is not present. Not adding any jar to the list of resources.
2015-10-07 19:33:35,420 [JobControl] INFO  org.apache.hadoop.yarn.client.api.impl.YarnClientImpl - Submitted application application_1444239522436_0011
2015-10-07 19:33:36,021 [JobControl] INFO  org.apache.hadoop.mapreduce.Job - The url to track the job: http://sandbox.hortonworks.com:8088/proxy/application_1444239522436_0011/
2015-10-07 19:33:36,022 [main] INFO  org.apache.pig.backend.hadoop.executionengine.mapReduceLayer.MapReduceLauncher - HadoopJobId: job_1444239522436_0011
2015-10-07 19:33:36,022 [main] INFO  org.apache.pig.backend.hadoop.executionengine.mapReduceLayer.MapReduceLauncher - Processing aliases A,B,C1,D1,DG1,E1,F1
2015-10-07 19:33:36,022 [main] INFO  org.apache.pig.backend.hadoop.executionengine.mapReduceLayer.MapReduceLauncher - detailed locations: M: A[23,4],B[24,4],C1[25,5],E1[33,5],DG1[32,6],D1[42,5],F1[45,5],E1[44,5],C1[58,5],E1[60,5],D1[59,5] C: E1[33,5],DG1[32,6],F1[45,5],E1[44,5],E1[60,5],D1[59,5] R: E1[33,5],F1[45,5],E1[60,5]
2015-10-07 19:33:36,296 [main] INFO  org.apache.pig.backend.hadoop.executionengine.mapReduceLayer.MapReduceLauncher - 0% complete
2015-10-07 19:33:36,297 [main] INFO  org.apache.pig.backend.hadoop.executionengine.mapReduceLayer.MapReduceLauncher - Running jobs are [job_1444239522436_0011]
2015-10-07 19:36:11,421 [main] INFO  org.apache.pig.backend.hadoop.executionengine.mapReduceLayer.MapReduceLauncher - 4% complete
2015-10-07 19:36:11,734 [main] INFO  org.apache.pig.backend.hadoop.executionengine.mapReduceLayer.MapReduceLauncher - Running jobs are [job_1444239522436_0011]
2015-10-07 19:36:42,777 [main] INFO  org.apache.pig.backend.hadoop.executionengine.mapReduceLayer.MapReduceLauncher - 8% complete
2015-10-07 19:36:42,778 [main] INFO  org.apache.pig.backend.hadoop.executionengine.mapReduceLayer.MapReduceLauncher - Running jobs are [job_1444239522436_0011]
2015-10-07 19:37:09,295 [main] INFO  org.apache.pig.backend.hadoop.executionengine.mapReduceLayer.MapReduceLauncher - 25% complete
2015-10-07 19:37:09,296 [main] INFO  org.apache.pig.backend.hadoop.executionengine.mapReduceLayer.MapReduceLauncher - Running jobs are [job_1444239522436_0011]
2015-10-07 19:37:14,282 [main] INFO  org.apache.hadoop.yarn.client.api.impl.TimelineClientImpl - Timeline service address: http://sandbox.hortonworks.com:8188/ws/v1/timeline/
2015-10-07 19:37:14,295 [main] INFO  org.apache.hadoop.yarn.client.RMProxy - Connecting to ResourceManager at sandbox.hortonworks.com/10.0.2.15:8050
2015-10-07 19:37:14,481 [main] INFO  org.apache.hadoop.mapred.ClientServiceDelegate - Application state is completed. FinalApplicationStatus=SUCCEEDED. Redirecting to job history server
2015-10-07 19:37:21,356 [main] INFO  org.apache.hadoop.yarn.client.api.impl.TimelineClientImpl - Timeline service address: http://sandbox.hortonworks.com:8188/ws/v1/timeline/
2015-10-07 19:37:21,356 [main] INFO  org.apache.hadoop.yarn.client.RMProxy - Connecting to ResourceManager at sandbox.hortonworks.com/10.0.2.15:8050
2015-10-07 19:37:21,772 [main] INFO  org.apache.hadoop.mapred.ClientServiceDelegate - Application state is completed. FinalApplicationStatus=SUCCEEDED. Redirecting to job history server
2015-10-07 19:37:24,647 [main] INFO  org.apache.hadoop.yarn.client.api.impl.TimelineClientImpl - Timeline service address: http://sandbox.hortonworks.com:8188/ws/v1/timeline/
2015-10-07 19:37:24,648 [main] INFO  org.apache.hadoop.yarn.client.RMProxy - Connecting to ResourceManager at sandbox.hortonworks.com/10.0.2.15:8050
2015-10-07 19:37:24,656 [main] INFO  org.apache.hadoop.mapred.ClientServiceDelegate - Application state is completed. FinalApplicationStatus=SUCCEEDED. Redirecting to job history server
2015-10-07 19:37:25,227 [main] INFO  org.apache.pig.tools.pigstats.JobStats - using output size reader: org.apache.pig.backend.hadoop.executionengine.mapReduceLayer.FileBasedOutputSizeReader
2015-10-07 19:37:25,334 [main] INFO  org.apache.pig.tools.pigstats.JobStats - using output size reader: org.apache.pig.backend.hadoop.executionengine.mapReduceLayer.FileBasedOutputSizeReader
2015-10-07 19:37:25,352 [main] INFO  org.apache.pig.tools.pigstats.mapreduce.MRScriptState - Pig script settings are added to the job
2015-10-07 19:37:25,358 [main] INFO  org.apache.pig.backend.hadoop.executionengine.mapReduceLayer.JobControlCompiler - mapred.job.reduce.markreset.buffer.percent is not set, set to default 0.3
2015-10-07 19:37:25,363 [main] INFO  org.apache.pig.backend.hadoop.executionengine.mapReduceLayer.JobControlCompiler - Reduce phase detected, estimating # of required reducers.
2015-10-07 19:37:25,363 [main] INFO  org.apache.pig.backend.hadoop.executionengine.mapReduceLayer.JobControlCompiler - Using reducer estimator: org.apache.pig.backend.hadoop.executionengine.mapReduceLayer.InputSizeReducerEstimator
2015-10-07 19:37:25,399 [main] INFO  org.apache.pig.backend.hadoop.executionengine.mapReduceLayer.InputSizeReducerEstimator - BytesPerReducer=1000000000 maxReducers=999 totalInputFileSize=61423940
2015-10-07 19:37:25,413 [main] INFO  org.apache.pig.backend.hadoop.executionengine.mapReduceLayer.JobControlCompiler - Setting Parallelism to 1
2015-10-07 19:37:25,413 [main] INFO  org.apache.pig.backend.hadoop.executionengine.mapReduceLayer.JobControlCompiler - This job cannot be converted run in-process
2015-10-07 19:37:26,097 [main] INFO  org.apache.pig.backend.hadoop.executionengine.mapReduceLayer.JobControlCompiler - Added jar file:/usr/hdp/2.3.0.0-2557/pig/pig-0.15.0.2.3.0.0-2557-core-h2.jar to DistributedCache through /tmp/temp-1394526543/tmp457008133/pig-0.15.0.2.3.0.0-2557-core-h2.jar
2015-10-07 19:37:26,611 [main] INFO  org.apache.pig.backend.hadoop.executionengine.mapReduceLayer.JobControlCompiler - Added jar file:/usr/hdp/2.3.0.0-2557/pig/lib/automaton-1.11-8.jar to DistributedCache through /tmp/temp-1394526543/tmp914505008/automaton-1.11-8.jar
2015-10-07 19:37:26,762 [main] INFO  org.apache.pig.backend.hadoop.executionengine.mapReduceLayer.JobControlCompiler - Added jar file:/usr/hdp/2.3.0.0-2557/pig/lib/antlr-runtime-3.4.jar to DistributedCache through /tmp/temp-1394526543/tmp2080021191/antlr-runtime-3.4.jar
2015-10-07 19:37:26,883 [main] INFO  org.apache.pig.backend.hadoop.executionengine.mapReduceLayer.JobControlCompiler - Added jar file:/usr/hdp/2.3.0.0-2557/hadoop-mapreduce/joda-time-2.8.1.jar to DistributedCache through /tmp/temp-1394526543/tmp44060370/joda-time-2.8.1.jar
2015-10-07 19:37:26,955 [main] INFO  org.apache.pig.backend.hadoop.executionengine.mapReduceLayer.JobControlCompiler - Setting up single store job
2015-10-07 19:37:26,975 [main] INFO  org.apache.pig.data.SchemaTupleFrontend - Key [pig.schematuple] is false, will not generate code.
2015-10-07 19:37:26,975 [main] INFO  org.apache.pig.data.SchemaTupleFrontend - Starting process to move generated code to distributed cacche
2015-10-07 19:37:26,977 [main] INFO  org.apache.pig.data.SchemaTupleFrontend - Setting key [pig.schematuple.classes] with classes to deserialize []
2015-10-07 19:37:27,272 [main] INFO  org.apache.pig.tools.pigstats.mapreduce.MRScriptState - Pig script settings are added to the job
2015-10-07 19:37:27,274 [main] INFO  org.apache.pig.backend.hadoop.executionengine.mapReduceLayer.JobControlCompiler - mapred.job.reduce.markreset.buffer.percent is not set, set to default 0.3
2015-10-07 19:37:27,276 [main] INFO  org.apache.pig.backend.hadoop.executionengine.mapReduceLayer.JobControlCompiler - Reduce phase detected, estimating # of required reducers.
2015-10-07 19:37:27,276 [main] INFO  org.apache.pig.backend.hadoop.executionengine.mapReduceLayer.JobControlCompiler - Using reducer estimator: org.apache.pig.backend.hadoop.executionengine.mapReduceLayer.InputSizeReducerEstimator
2015-10-07 19:37:27,308 [main] INFO  org.apache.pig.backend.hadoop.executionengine.mapReduceLayer.InputSizeReducerEstimator - BytesPerReducer=1000000000 maxReducers=999 totalInputFileSize=159711
2015-10-07 19:37:27,308 [main] INFO  org.apache.pig.backend.hadoop.executionengine.mapReduceLayer.JobControlCompiler - Setting Parallelism to 1
2015-10-07 19:37:27,308 [main] INFO  org.apache.pig.backend.hadoop.executionengine.mapReduceLayer.JobControlCompiler - This job cannot be converted run in-process
2015-10-07 19:37:27,814 [main] INFO  org.apache.pig.backend.hadoop.executionengine.mapReduceLayer.JobControlCompiler - Added jar file:/usr/hdp/2.3.0.0-2557/pig/pig-0.15.0.2.3.0.0-2557-core-h2.jar to DistributedCache through /tmp/temp-1394526543/tmp1859288868/pig-0.15.0.2.3.0.0-2557-core-h2.jar
2015-10-07 19:37:28,199 [main] INFO  org.apache.pig.backend.hadoop.executionengine.mapReduceLayer.JobControlCompiler - Added jar file:/usr/hdp/2.3.0.0-2557/pig/lib/automaton-1.11-8.jar to DistributedCache through /tmp/temp-1394526543/tmp378560983/automaton-1.11-8.jar
2015-10-07 19:37:28,351 [main] INFO  org.apache.pig.backend.hadoop.executionengine.mapReduceLayer.JobControlCompiler - Added jar file:/usr/hdp/2.3.0.0-2557/pig/lib/antlr-runtime-3.4.jar to DistributedCache through /tmp/temp-1394526543/tmp-1944267008/antlr-runtime-3.4.jar
2015-10-07 19:37:28,513 [main] INFO  org.apache.pig.backend.hadoop.executionengine.mapReduceLayer.JobControlCompiler - Added jar file:/usr/hdp/2.3.0.0-2557/hadoop-mapreduce/joda-time-2.8.1.jar to DistributedCache through /tmp/temp-1394526543/tmp870151361/joda-time-2.8.1.jar
2015-10-07 19:37:28,602 [main] INFO  org.apache.pig.backend.hadoop.executionengine.mapReduceLayer.JobControlCompiler - Setting up single store job
2015-10-07 19:37:28,616 [main] INFO  org.apache.pig.data.SchemaTupleFrontend - Key [pig.schematuple] is false, will not generate code.
2015-10-07 19:37:28,617 [main] INFO  org.apache.pig.data.SchemaTupleFrontend - Starting process to move generated code to distributed cacche
2015-10-07 19:37:28,617 [main] INFO  org.apache.pig.data.SchemaTupleFrontend - Setting key [pig.schematuple.classes] with classes to deserialize []
2015-10-07 19:37:28,763 [main] INFO  org.apache.pig.backend.hadoop.executionengine.mapReduceLayer.MapReduceLauncher - 2 map-reduce job(s) waiting for submission.
2015-10-07 19:37:30,606 [JobControl] INFO  org.apache.hadoop.yarn.client.api.impl.TimelineClientImpl - Timeline service address: http://sandbox.hortonworks.com:8188/ws/v1/timeline/
2015-10-07 19:37:30,607 [JobControl] INFO  org.apache.hadoop.yarn.client.RMProxy - Connecting to ResourceManager at sandbox.hortonworks.com/10.0.2.15:8050
2015-10-07 19:37:30,697 [JobControl] WARN  org.apache.hadoop.mapreduce.JobResourceUploader - No job jar file set.  User classes may not be found. See Job or Job#setJar(String).
2015-10-07 19:37:30,811 [JobControl] INFO  org.apache.hadoop.mapreduce.lib.input.FileInputFormat - Total input paths to process : 3
2015-10-07 19:37:30,811 [JobControl] INFO  org.apache.pig.backend.hadoop.executionengine.util.MapRedUtil - Total input paths to process : 3
2015-10-07 19:37:30,812 [JobControl] INFO  org.apache.pig.backend.hadoop.executionengine.util.MapRedUtil - Total input paths (combined) to process : 1
2015-10-07 19:37:31,109 [JobControl] INFO  org.apache.hadoop.mapreduce.JobSubmitter - number of splits:1
2015-10-07 19:37:31,745 [JobControl] INFO  org.apache.hadoop.mapreduce.JobSubmitter - Submitting tokens for job: job_1444239522436_0012
2015-10-07 19:37:31,759 [JobControl] INFO  org.apache.hadoop.mapred.YARNRunner - Job jar is not present. Not adding any jar to the list of resources.
2015-10-07 19:37:32,175 [JobControl] INFO  org.apache.hadoop.yarn.client.api.impl.YarnClientImpl - Submitted application application_1444239522436_0012
2015-10-07 19:37:32,294 [JobControl] INFO  org.apache.hadoop.mapreduce.Job - The url to track the job: http://sandbox.hortonworks.com:8088/proxy/application_1444239522436_0012/
2015-10-07 19:37:32,316 [main] INFO  org.apache.pig.backend.hadoop.executionengine.mapReduceLayer.MapReduceLauncher - HadoopJobId: job_1444239522436_0012
2015-10-07 19:37:32,316 [main] INFO  org.apache.pig.backend.hadoop.executionengine.mapReduceLayer.MapReduceLauncher - Processing aliases D1
2015-10-07 19:37:32,316 [main] INFO  org.apache.pig.backend.hadoop.executionengine.mapReduceLayer.MapReduceLauncher - detailed locations: M: D1[26,5] C:  R: 
2015-10-07 19:37:32,803 [JobControl] INFO  org.apache.hadoop.yarn.client.api.impl.TimelineClientImpl - Timeline service address: http://sandbox.hortonworks.com:8188/ws/v1/timeline/
2015-10-07 19:37:32,804 [JobControl] INFO  org.apache.hadoop.yarn.client.RMProxy - Connecting to ResourceManager at sandbox.hortonworks.com/10.0.2.15:8050
2015-10-07 19:37:33,124 [JobControl] WARN  org.apache.hadoop.mapreduce.JobResourceUploader - No job jar file set.  User classes may not be found. See Job or Job#setJar(String).
2015-10-07 19:37:33,575 [JobControl] INFO  org.apache.hadoop.mapreduce.lib.input.FileInputFormat - Total input paths to process : 1
2015-10-07 19:37:33,575 [JobControl] INFO  org.apache.pig.backend.hadoop.executionengine.util.MapRedUtil - Total input paths to process : 1
2015-10-07 19:37:33,575 [JobControl] INFO  org.apache.pig.backend.hadoop.executionengine.util.MapRedUtil - Total input paths (combined) to process : 1
2015-10-07 19:37:33,868 [JobControl] INFO  org.apache.hadoop.mapreduce.JobSubmitter - number of splits:1
2015-10-07 19:37:34,690 [JobControl] INFO  org.apache.hadoop.mapreduce.JobSubmitter - Submitting tokens for job: job_1444239522436_0013
2015-10-07 19:37:34,709 [JobControl] INFO  org.apache.hadoop.mapred.YARNRunner - Job jar is not present. Not adding any jar to the list of resources.
2015-10-07 19:37:35,171 [JobControl] INFO  org.apache.hadoop.yarn.client.api.impl.YarnClientImpl - Submitted application application_1444239522436_0013
2015-10-07 19:37:35,178 [JobControl] INFO  org.apache.hadoop.mapreduce.Job - The url to track the job: http://sandbox.hortonworks.com:8088/proxy/application_1444239522436_0013/
2015-10-07 19:37:35,179 [main] INFO  org.apache.pig.backend.hadoop.executionengine.mapReduceLayer.MapReduceLauncher - HadoopJobId: job_1444239522436_0013
2015-10-07 19:37:35,179 [main] INFO  org.apache.pig.backend.hadoop.executionengine.mapReduceLayer.MapReduceLauncher - Processing aliases G1,H1,J1
2015-10-07 19:37:35,179 [main] INFO  org.apache.pig.backend.hadoop.executionengine.mapReduceLayer.MapReduceLauncher - detailed locations: M: G1[46,5] C:  R: H1[47,5],J1[49,6]
2015-10-07 19:39:04,018 [main] INFO  org.apache.pig.backend.hadoop.executionengine.mapReduceLayer.MapReduceLauncher - 37% complete
2015-10-07 19:39:04,247 [main] INFO  org.apache.pig.backend.hadoop.executionengine.mapReduceLayer.MapReduceLauncher - Running jobs are [job_1444239522436_0012,job_1444239522436_0013]
2015-10-07 19:39:06,266 [main] INFO  org.apache.pig.backend.hadoop.executionengine.mapReduceLayer.MapReduceLauncher - 50% complete
2015-10-07 19:39:06,266 [main] INFO  org.apache.pig.backend.hadoop.executionengine.mapReduceLayer.MapReduceLauncher - Running jobs are [job_1444239522436_0012,job_1444239522436_0013]
2015-10-07 19:39:37,096 [main] INFO  org.apache.pig.backend.hadoop.executionengine.mapReduceLayer.MapReduceLauncher - 62% complete
2015-10-07 19:39:37,097 [main] INFO  org.apache.pig.backend.hadoop.executionengine.mapReduceLayer.MapReduceLauncher - Running jobs are [job_1444239522436_0012,job_1444239522436_0013]
2015-10-07 19:39:39,198 [main] INFO  org.apache.pig.backend.hadoop.executionengine.mapReduceLayer.MapReduceLauncher - 75% complete
2015-10-07 19:39:39,199 [main] INFO  org.apache.pig.backend.hadoop.executionengine.mapReduceLayer.MapReduceLauncher - Running jobs are [job_1444239522436_0012,job_1444239522436_0013]
2015-10-07 19:39:58,986 [main] INFO  org.apache.hadoop.yarn.client.api.impl.TimelineClientImpl - Timeline service address: http://sandbox.hortonworks.com:8188/ws/v1/timeline/
2015-10-07 19:39:59,035 [main] INFO  org.apache.hadoop.yarn.client.RMProxy - Connecting to ResourceManager at sandbox.hortonworks.com/10.0.2.15:8050
2015-10-07 19:39:59,767 [main] INFO  org.apache.hadoop.mapred.ClientServiceDelegate - Application state is completed. FinalApplicationStatus=SUCCEEDED. Redirecting to job history server
2015-10-07 19:40:02,116 [main] INFO  org.apache.hadoop.yarn.client.api.impl.TimelineClientImpl - Timeline service address: http://sandbox.hortonworks.com:8188/ws/v1/timeline/
2015-10-07 19:40:02,118 [main] INFO  org.apache.hadoop.yarn.client.RMProxy - Connecting to ResourceManager at sandbox.hortonworks.com/10.0.2.15:8050
2015-10-07 19:40:02,157 [main] INFO  org.apache.hadoop.mapred.ClientServiceDelegate - Application state is completed. FinalApplicationStatus=SUCCEEDED. Redirecting to job history server
2015-10-07 19:40:06,358 [main] INFO  org.apache.hadoop.yarn.client.api.impl.TimelineClientImpl - Timeline service address: http://sandbox.hortonworks.com:8188/ws/v1/timeline/
2015-10-07 19:40:06,360 [main] INFO  org.apache.hadoop.yarn.client.RMProxy - Connecting to ResourceManager at sandbox.hortonworks.com/10.0.2.15:8050
2015-10-07 19:40:06,398 [main] INFO  org.apache.hadoop.mapred.ClientServiceDelegate - Application state is completed. FinalApplicationStatus=SUCCEEDED. Redirecting to job history server
2015-10-07 19:40:09,844 [main] INFO  org.apache.hadoop.yarn.client.api.impl.TimelineClientImpl - Timeline service address: http://sandbox.hortonworks.com:8188/ws/v1/timeline/
2015-10-07 19:40:09,846 [main] INFO  org.apache.hadoop.yarn.client.RMProxy - Connecting to ResourceManager at sandbox.hortonworks.com/10.0.2.15:8050
2015-10-07 19:40:09,879 [main] INFO  org.apache.hadoop.mapred.ClientServiceDelegate - Application state is completed. FinalApplicationStatus=SUCCEEDED. Redirecting to job history server
2015-10-07 19:40:11,707 [main] INFO  org.apache.hadoop.yarn.client.api.impl.TimelineClientImpl - Timeline service address: http://sandbox.hortonworks.com:8188/ws/v1/timeline/
2015-10-07 19:40:11,708 [main] INFO  org.apache.hadoop.yarn.client.RMProxy - Connecting to ResourceManager at sandbox.hortonworks.com/10.0.2.15:8050
2015-10-07 19:40:11,728 [main] INFO  org.apache.hadoop.mapred.ClientServiceDelegate - Application state is completed. FinalApplicationStatus=SUCCEEDED. Redirecting to job history server
2015-10-07 19:40:12,602 [main] INFO  org.apache.hadoop.yarn.client.api.impl.TimelineClientImpl - Timeline service address: http://sandbox.hortonworks.com:8188/ws/v1/timeline/
2015-10-07 19:40:12,603 [main] INFO  org.apache.hadoop.yarn.client.RMProxy - Connecting to ResourceManager at sandbox.hortonworks.com/10.0.2.15:8050
2015-10-07 19:40:12,622 [main] INFO  org.apache.hadoop.mapred.ClientServiceDelegate - Application state is completed. FinalApplicationStatus=SUCCEEDED. Redirecting to job history server
2015-10-07 19:40:13,442 [main] INFO  org.apache.pig.tools.pigstats.mapreduce.MRScriptState - Pig script settings are added to the job
2015-10-07 19:40:13,447 [main] INFO  org.apache.pig.backend.hadoop.executionengine.mapReduceLayer.JobControlCompiler - mapred.job.reduce.markreset.buffer.percent is not set, set to default 0.3
2015-10-07 19:40:13,449 [main] INFO  org.apache.pig.backend.hadoop.executionengine.mapReduceLayer.JobControlCompiler - Reduce phase detected, estimating # of required reducers.
2015-10-07 19:40:13,450 [main] INFO  org.apache.pig.backend.hadoop.executionengine.mapReduceLayer.JobControlCompiler - Setting Parallelism to 1
2015-10-07 19:40:13,450 [main] INFO  org.apache.pig.backend.hadoop.executionengine.mapReduceLayer.JobControlCompiler - This job cannot be converted run in-process
2015-10-07 19:40:13,913 [main] INFO  org.apache.pig.backend.hadoop.executionengine.mapReduceLayer.JobControlCompiler - Added jar file:/usr/hdp/2.3.0.0-2557/pig/pig-0.15.0.2.3.0.0-2557-core-h2.jar to DistributedCache through /tmp/temp-1394526543/tmp-728015471/pig-0.15.0.2.3.0.0-2557-core-h2.jar
2015-10-07 19:40:14,048 [main] INFO  org.apache.pig.backend.hadoop.executionengine.mapReduceLayer.JobControlCompiler - Added jar file:/usr/hdp/2.3.0.0-2557/pig/lib/automaton-1.11-8.jar to DistributedCache through /tmp/temp-1394526543/tmp980677848/automaton-1.11-8.jar
2015-10-07 19:40:14,142 [main] INFO  org.apache.pig.backend.hadoop.executionengine.mapReduceLayer.JobControlCompiler - Added jar file:/usr/hdp/2.3.0.0-2557/pig/lib/antlr-runtime-3.4.jar to DistributedCache through /tmp/temp-1394526543/tmp-575523244/antlr-runtime-3.4.jar
2015-10-07 19:40:14,644 [main] INFO  org.apache.pig.backend.hadoop.executionengine.mapReduceLayer.JobControlCompiler - Added jar file:/usr/hdp/2.3.0.0-2557/hadoop-mapreduce/joda-time-2.8.1.jar to DistributedCache through /tmp/temp-1394526543/tmp-2062816477/joda-time-2.8.1.jar
2015-10-07 19:40:14,674 [main] INFO  org.apache.pig.backend.hadoop.executionengine.mapReduceLayer.JobControlCompiler - Setting up single store job
2015-10-07 19:40:14,680 [main] INFO  org.apache.pig.data.SchemaTupleFrontend - Key [pig.schematuple] is false, will not generate code.
2015-10-07 19:40:14,680 [main] INFO  org.apache.pig.data.SchemaTupleFrontend - Starting process to move generated code to distributed cacche
2015-10-07 19:40:14,682 [main] INFO  org.apache.pig.data.SchemaTupleFrontend - Setting key [pig.schematuple.classes] with classes to deserialize []
2015-10-07 19:40:14,806 [main] INFO  org.apache.pig.backend.hadoop.executionengine.mapReduceLayer.MapReduceLauncher - 1 map-reduce job(s) waiting for submission.
2015-10-07 19:40:14,995 [JobControl] INFO  org.apache.hadoop.yarn.client.api.impl.TimelineClientImpl - Timeline service address: http://sandbox.hortonworks.com:8188/ws/v1/timeline/
2015-10-07 19:40:14,996 [JobControl] INFO  org.apache.hadoop.yarn.client.RMProxy - Connecting to ResourceManager at sandbox.hortonworks.com/10.0.2.15:8050
2015-10-07 19:40:15,071 [JobControl] WARN  org.apache.hadoop.mapreduce.JobResourceUploader - No job jar file set.  User classes may not be found. See Job or Job#setJar(String).
2015-10-07 19:40:15,268 [JobControl] INFO  org.apache.hadoop.mapreduce.lib.input.FileInputFormat - Total input paths to process : 3
2015-10-07 19:40:15,268 [JobControl] INFO  org.apache.pig.backend.hadoop.executionengine.util.MapRedUtil - Total input paths to process : 3
2015-10-07 19:40:15,269 [JobControl] INFO  org.apache.pig.backend.hadoop.executionengine.util.MapRedUtil - Total input paths (combined) to process : 1
2015-10-07 19:40:15,423 [JobControl] INFO  org.apache.hadoop.mapreduce.JobSubmitter - number of splits:1
2015-10-07 19:40:15,483 [JobControl] INFO  org.apache.hadoop.mapreduce.JobSubmitter - Submitting tokens for job: job_1444239522436_0014
2015-10-07 19:40:15,506 [JobControl] INFO  org.apache.hadoop.mapred.YARNRunner - Job jar is not present. Not adding any jar to the list of resources.
2015-10-07 19:40:15,797 [JobControl] INFO  org.apache.hadoop.yarn.client.api.impl.YarnClientImpl - Submitted application application_1444239522436_0014
2015-10-07 19:40:15,804 [JobControl] INFO  org.apache.hadoop.mapreduce.Job - The url to track the job: http://sandbox.hortonworks.com:8088/proxy/application_1444239522436_0014/
2015-10-07 19:40:15,805 [main] INFO  org.apache.pig.backend.hadoop.executionengine.mapReduceLayer.MapReduceLauncher - HadoopJobId: job_1444239522436_0014
2015-10-07 19:40:15,805 [main] INFO  org.apache.pig.backend.hadoop.executionengine.mapReduceLayer.MapReduceLauncher - Processing aliases D1
2015-10-07 19:40:15,805 [main] INFO  org.apache.pig.backend.hadoop.executionengine.mapReduceLayer.MapReduceLauncher - detailed locations: M: D1[26,5] C:  R: 
2015-10-07 19:41:15,423 [main] INFO  org.apache.pig.backend.hadoop.executionengine.mapReduceLayer.MapReduceLauncher - 79% complete
2015-10-07 19:41:15,480 [main] INFO  org.apache.pig.backend.hadoop.executionengine.mapReduceLayer.MapReduceLauncher - Running jobs are [job_1444239522436_0014]
2015-10-07 19:41:23,305 [main] INFO  org.apache.pig.backend.hadoop.executionengine.mapReduceLayer.MapReduceLauncher - 83% complete
2015-10-07 19:41:23,306 [main] INFO  org.apache.pig.backend.hadoop.executionengine.mapReduceLayer.MapReduceLauncher - Running jobs are [job_1444239522436_0014]
2015-10-07 19:41:28,379 [main] INFO  org.apache.pig.backend.hadoop.executionengine.mapReduceLayer.MapReduceLauncher - 87% complete
2015-10-07 19:41:28,379 [main] INFO  org.apache.pig.backend.hadoop.executionengine.mapReduceLayer.MapReduceLauncher - Running jobs are [job_1444239522436_0014]
2015-10-07 19:41:51,431 [main] INFO  org.apache.pig.backend.hadoop.executionengine.mapReduceLayer.MapReduceLauncher - 95% complete
2015-10-07 19:41:51,432 [main] INFO  org.apache.pig.backend.hadoop.executionengine.mapReduceLayer.MapReduceLauncher - Running jobs are [job_1444239522436_0014]
2015-10-07 19:42:00,667 [main] INFO  org.apache.pig.backend.hadoop.executionengine.mapReduceLayer.MapReduceLauncher - Running jobs are [job_1444239522436_0014]
2015-10-07 19:42:09,123 [main] INFO  org.apache.hadoop.yarn.client.api.impl.TimelineClientImpl - Timeline service address: http://sandbox.hortonworks.com:8188/ws/v1/timeline/
2015-10-07 19:42:09,187 [main] INFO  org.apache.hadoop.yarn.client.RMProxy - Connecting to ResourceManager at sandbox.hortonworks.com/10.0.2.15:8050
2015-10-07 19:42:09,583 [main] INFO  org.apache.hadoop.mapred.ClientServiceDelegate - Application state is completed. FinalApplicationStatus=SUCCEEDED. Redirecting to job history server
2015-10-07 19:42:12,531 [main] INFO  org.apache.hadoop.yarn.client.api.impl.TimelineClientImpl - Timeline service address: http://sandbox.hortonworks.com:8188/ws/v1/timeline/
2015-10-07 19:42:12,531 [main] INFO  org.apache.hadoop.yarn.client.RMProxy - Connecting to ResourceManager at sandbox.hortonworks.com/10.0.2.15:8050
2015-10-07 19:42:12,550 [main] INFO  org.apache.hadoop.mapred.ClientServiceDelegate - Application state is completed. FinalApplicationStatus=SUCCEEDED. Redirecting to job history server
2015-10-07 19:42:15,714 [main] INFO  org.apache.hadoop.yarn.client.api.impl.TimelineClientImpl - Timeline service address: http://sandbox.hortonworks.com:8188/ws/v1/timeline/
2015-10-07 19:42:15,715 [main] INFO  org.apache.hadoop.yarn.client.RMProxy - Connecting to ResourceManager at sandbox.hortonworks.com/10.0.2.15:8050
2015-10-07 19:42:15,961 [main] INFO  org.apache.hadoop.mapred.ClientServiceDelegate - Application state is completed. FinalApplicationStatus=SUCCEEDED. Redirecting to job history server
2015-10-07 19:42:17,532 [main] INFO  org.apache.pig.backend.hadoop.executionengine.mapReduceLayer.MapReduceLauncher - 100% complete
2015-10-07 19:42:19,710 [main] INFO  org.apache.pig.tools.pigstats.mapreduce.SimplePigStats - Script Statistics: 

HadoopVersion	PigVersion	UserId	StartedAt	FinishedAt	Features
2.7.1.2.3.0.0-2557	0.15.0.2.3.0.0-2557	root	2015-10-07 19:33:30	2015-10-07 19:42:19	GROUP_BY,ORDER_BY,FILTER

Success!

Job Stats (time in seconds):
JobId	Maps	Reduces	MaxMapTime	MinMapTime	AvgMapTime	MedianMapTime	MaxReduceTime	MinReduceTime	AvgReduceTime	MedianReducetime	Alias	Feature	Outputs
job_1444239522436_0011	3	1	104	98	102	104	15	15	15	15	A,B,C1,D1,DG1,E1,F1	MULTI_QUERY,COMBINER	/user/root/data/input/Weather_Pig2,/user/root/data/input/Weather_Pig4,
job_1444239522436_0012	1	1	62	62	62	62	26	26	26	26	D1	SAMPLER	
job_1444239522436_0013	1	1	42	42	42	42	29	29	29	29	G1,H1,J1	GROUP_BY	/user/root/data/input/Weather_Pig3,
job_1444239522436_0014	1	1	57	57	57	57	28	28	28	28	D1	ORDER_BY	/user/root/data/input/Weather_pig1,

Input(s):
Successfully read 6483334 records (352872665 bytes) from: "/user/root/data/weatherperf.csv"

Output(s):
Successfully stored 6046 records (264414 bytes) in: "/user/root/data/input/Weather_Pig2"
Successfully stored 0 records in: "/user/root/data/input/Weather_Pig4"
Successfully stored 2098979 records (60087939 bytes) in: "/user/root/data/input/Weather_pig1"
Successfully stored 223 records (6526 bytes) in: "/user/root/data/input/Weather_Pig3"

Counters:
Total records written : 2105248
Total bytes written : 60358879
Spillable Memory Manager spill count : 0
Total bags proactively spilled: 0
Total records proactively spilled: 0

Job DAG:
job_1444239522436_0011	->	job_1444239522436_0012,job_1444239522436_0013,
job_1444239522436_0012	->	job_1444239522436_0014,
job_1444239522436_0014
job_1444239522436_0013


2015-10-07 19:42:20,287 [main] INFO  org.apache.hadoop.yarn.client.api.impl.TimelineClientImpl - Timeline service address: http://sandbox.hortonworks.com:8188/ws/v1/timeline/
2015-10-07 19:42:20,288 [main] INFO  org.apache.hadoop.yarn.client.RMProxy - Connecting to ResourceManager at sandbox.hortonworks.com/10.0.2.15:8050
2015-10-07 19:42:20,306 [main] INFO  org.apache.hadoop.mapred.ClientServiceDelegate - Application state is completed. FinalApplicationStatus=SUCCEEDED. Redirecting to job history server
2015-10-07 19:42:20,596 [main] INFO  org.apache.hadoop.yarn.client.api.impl.TimelineClientImpl - Timeline service address: http://sandbox.hortonworks.com:8188/ws/v1/timeline/
2015-10-07 19:42:20,597 [main] INFO  org.apache.hadoop.yarn.client.RMProxy - Connecting to ResourceManager at sandbox.hortonworks.com/10.0.2.15:8050
2015-10-07 19:42:20,602 [main] INFO  org.apache.hadoop.mapred.ClientServiceDelegate - Application state is completed. FinalApplicationStatus=SUCCEEDED. Redirecting to job history server
2015-10-07 19:42:22,181 [main] INFO  org.apache.hadoop.yarn.client.api.impl.TimelineClientImpl - Timeline service address: http://sandbox.hortonworks.com:8188/ws/v1/timeline/
2015-10-07 19:42:22,181 [main] INFO  org.apache.hadoop.yarn.client.RMProxy - Connecting to ResourceManager at sandbox.hortonworks.com/10.0.2.15:8050
2015-10-07 19:42:22,201 [main] INFO  org.apache.hadoop.mapred.ClientServiceDelegate - Application state is completed. FinalApplicationStatus=SUCCEEDED. Redirecting to job history server
2015-10-07 19:42:23,351 [main] INFO  org.apache.hadoop.yarn.client.api.impl.TimelineClientImpl - Timeline service address: http://sandbox.hortonworks.com:8188/ws/v1/timeline/
2015-10-07 19:42:23,351 [main] INFO  org.apache.hadoop.yarn.client.RMProxy - Connecting to ResourceManager at sandbox.hortonworks.com/10.0.2.15:8050
2015-10-07 19:42:23,398 [main] INFO  org.apache.hadoop.mapred.ClientServiceDelegate - Application state is completed. FinalApplicationStatus=SUCCEEDED. Redirecting to job history server
2015-10-07 19:42:24,469 [main] INFO  org.apache.hadoop.yarn.client.api.impl.TimelineClientImpl - Timeline service address: http://sandbox.hortonworks.com:8188/ws/v1/timeline/
2015-10-07 19:42:24,469 [main] INFO  org.apache.hadoop.yarn.client.RMProxy - Connecting to ResourceManager at sandbox.hortonworks.com/10.0.2.15:8050
2015-10-07 19:42:24,485 [main] INFO  org.apache.hadoop.mapred.ClientServiceDelegate - Application state is completed. FinalApplicationStatus=SUCCEEDED. Redirecting to job history server
2015-10-07 19:42:24,703 [main] INFO  org.apache.hadoop.yarn.client.api.impl.TimelineClientImpl - Timeline service address: http://sandbox.hortonworks.com:8188/ws/v1/timeline/
2015-10-07 19:42:24,704 [main] INFO  org.apache.hadoop.yarn.client.RMProxy - Connecting to ResourceManager at sandbox.hortonworks.com/10.0.2.15:8050
2015-10-07 19:42:24,803 [main] INFO  org.apache.hadoop.mapred.ClientServiceDelegate - Application state is completed. FinalApplicationStatus=SUCCEEDED. Redirecting to job history server
2015-10-07 19:42:25,059 [main] INFO  org.apache.hadoop.yarn.client.api.impl.TimelineClientImpl - Timeline service address: http://sandbox.hortonworks.com:8188/ws/v1/timeline/
2015-10-07 19:42:25,060 [main] INFO  org.apache.hadoop.yarn.client.RMProxy - Connecting to ResourceManager at sandbox.hortonworks.com/10.0.2.15:8050
2015-10-07 19:42:25,068 [main] INFO  org.apache.hadoop.mapred.ClientServiceDelegate - Application state is completed. FinalApplicationStatus=SUCCEEDED. Redirecting to job history server
2015-10-07 19:42:25,402 [main] INFO  org.apache.hadoop.yarn.client.api.impl.TimelineClientImpl - Timeline service address: http://sandbox.hortonworks.com:8188/ws/v1/timeline/
2015-10-07 19:42:25,402 [main] INFO  org.apache.hadoop.yarn.client.RMProxy - Connecting to ResourceManager at sandbox.hortonworks.com/10.0.2.15:8050
2015-10-07 19:42:25,410 [main] INFO  org.apache.hadoop.mapred.ClientServiceDelegate - Application state is completed. FinalApplicationStatus=SUCCEEDED. Redirecting to job history server
2015-10-07 19:42:25,567 [main] INFO  org.apache.hadoop.yarn.client.api.impl.TimelineClientImpl - Timeline service address: http://sandbox.hortonworks.com:8188/ws/v1/timeline/
2015-10-07 19:42:25,568 [main] INFO  org.apache.hadoop.yarn.client.RMProxy - Connecting to ResourceManager at sandbox.hortonworks.com/10.0.2.15:8050
2015-10-07 19:42:25,574 [main] INFO  org.apache.hadoop.mapred.ClientServiceDelegate - Application state is completed. FinalApplicationStatus=SUCCEEDED. Redirecting to job history server
2015-10-07 19:42:25,734 [main] INFO  org.apache.hadoop.yarn.client.api.impl.TimelineClientImpl - Timeline service address: http://sandbox.hortonworks.com:8188/ws/v1/timeline/
2015-10-07 19:42:25,734 [main] INFO  org.apache.hadoop.yarn.client.RMProxy - Connecting to ResourceManager at sandbox.hortonworks.com/10.0.2.15:8050
2015-10-07 19:42:25,740 [main] INFO  org.apache.hadoop.mapred.ClientServiceDelegate - Application state is completed. FinalApplicationStatus=SUCCEEDED. Redirecting to job history server
2015-10-07 19:42:25,889 [main] INFO  org.apache.hadoop.yarn.client.api.impl.TimelineClientImpl - Timeline service address: http://sandbox.hortonworks.com:8188/ws/v1/timeline/
2015-10-07 19:42:25,890 [main] INFO  org.apache.hadoop.yarn.client.RMProxy - Connecting to ResourceManager at sandbox.hortonworks.com/10.0.2.15:8050
2015-10-07 19:42:25,895 [main] INFO  org.apache.hadoop.mapred.ClientServiceDelegate - Application state is completed. FinalApplicationStatus=SUCCEEDED. Redirecting to job history server
2015-10-07 19:42:26,026 [main] INFO  org.apache.hadoop.yarn.client.api.impl.TimelineClientImpl - Timeline service address: http://sandbox.hortonworks.com:8188/ws/v1/timeline/
2015-10-07 19:42:26,027 [main] INFO  org.apache.hadoop.yarn.client.RMProxy - Connecting to ResourceManager at sandbox.hortonworks.com/10.0.2.15:8050
2015-10-07 19:42:26,041 [main] INFO  org.apache.hadoop.mapred.ClientServiceDelegate - Application state is completed. FinalApplicationStatus=SUCCEEDED. Redirecting to job history server
2015-10-07 19:42:26,541 [main] WARN  org.apache.pig.backend.hadoop.executionengine.mapReduceLayer.MapReduceLauncher - Encountered Warning FIELD_DISCARDED_TYPE_CONVERSION_FAILED 3 time(s).
2015-10-07 19:42:26,542 [main] INFO  org.apache.pig.backend.hadoop.executionengine.mapReduceLayer.MapReduceLauncher - Success!
2015-10-07 19:42:26,612 [main] INFO  org.apache.pig.Main - Pig script completed in 9 minutes, 6 seconds and 710 milliseconds (546710 ms)
